[0.684s] Invoking command in '/home/armaanm/eufs_dev/eufs_data/build/gt_tap': PYTHONPATH=/home/armaanm/eufs_dev/eufs_data/build/gt_tap/prefix_override:/usr/lib/python3/dist-packages/colcon_core/task/python/colcon_distutils_commands:/home/armaanm/eufs_dev/eufs_data/install/gt_tap/lib/python3.8/site-packages:${PYTHONPATH} /usr/bin/python3 -W ignore:setup.py install is deprecated -W ignore:easy_install command is deprecated setup.py develop --editable --build-directory /home/armaanm/eufs_dev/eufs_data/build/gt_tap/build --no-deps symlink_data
[0.880s] running develop
[0.983s] running egg_info
[0.984s] writing gt_tap.egg-info/PKG-INFO
[0.984s] writing dependency_links to gt_tap.egg-info/dependency_links.txt
[0.984s] writing entry points to gt_tap.egg-info/entry_points.txt
[0.984s] writing requirements to gt_tap.egg-info/requires.txt
[0.984s] writing top-level names to gt_tap.egg-info/top_level.txt
[1.007s] reading manifest file 'gt_tap.egg-info/SOURCES.txt'
[1.008s] writing manifest file 'gt_tap.egg-info/SOURCES.txt'
[1.034s] running build_ext
[1.034s] Creating /home/armaanm/eufs_dev/eufs_data/install/gt_tap/lib/python3.8/site-packages/gt-tap.egg-link (link to .)
[1.035s] Installing gt_cones script to /home/armaanm/eufs_dev/eufs_data/install/gt_tap/lib/gt_tap
[1.035s] Installing gt_gps script to /home/armaanm/eufs_dev/eufs_data/install/gt_tap/lib/gt_tap
[1.036s] Installing gt_pose script to /home/armaanm/eufs_dev/eufs_data/install/gt_tap/lib/gt_tap
[1.036s] Installing gt_state script to /home/armaanm/eufs_dev/eufs_data/install/gt_tap/lib/gt_tap
[1.036s] Installing gt_track script to /home/armaanm/eufs_dev/eufs_data/install/gt_tap/lib/gt_tap
[1.036s] Installing gt_wheels script to /home/armaanm/eufs_dev/eufs_data/install/gt_tap/lib/gt_tap
[1.036s] 
[1.036s] Installed /home/armaanm/eufs_dev/eufs_data/build/gt_tap
[1.036s] running symlink_data
[1.070s] Invoked command in '/home/armaanm/eufs_dev/eufs_data/build/gt_tap' returned '0': PYTHONPATH=/home/armaanm/eufs_dev/eufs_data/build/gt_tap/prefix_override:/usr/lib/python3/dist-packages/colcon_core/task/python/colcon_distutils_commands:/home/armaanm/eufs_dev/eufs_data/install/gt_tap/lib/python3.8/site-packages:${PYTHONPATH} /usr/bin/python3 -W ignore:setup.py install is deprecated -W ignore:easy_install command is deprecated setup.py develop --editable --build-directory /home/armaanm/eufs_dev/eufs_data/build/gt_tap/build --no-deps symlink_data
