[0.273s] DEBUG:colcon:Command line arguments: ['/usr/bin/colcon', 'build', '--symlink-install']
[0.273s] DEBUG:colcon:Parsed command line arguments: Namespace(allow_overriding=[], ament_cmake_args=None, base_paths=['.'], build_base='build', catkin_cmake_args=None, catkin_skip_building_tests=False, cmake_args=None, cmake_clean_cache=False, cmake_clean_first=False, cmake_force_configure=False, cmake_target=None, cmake_target_skip_unavailable=False, continue_on_error=False, event_handlers=None, executor='parallel', ignore_user_meta=False, install_base='install', log_base=None, log_level=None, main=<bound method BuildVerb.main of <colcon_core.verb.build.BuildVerb object at 0x7467e4027850>>, merge_install=False, metas=['./colcon.meta'], packages_above=None, packages_above_and_dependencies=None, packages_above_depth=None, packages_end=None, packages_ignore=None, packages_ignore_regex=None, packages_select=None, packages_select_build_failed=False, packages_select_by_dep=None, packages_select_regex=None, packages_select_test_failures=False, packages_skip=None, packages_skip_build_finished=False, packages_skip_by_dep=None, packages_skip_regex=None, packages_skip_test_passed=False, packages_skip_up_to=None, packages_start=None, packages_up_to=None, packages_up_to_regex=None, parallel_workers=32, paths=None, symlink_install=True, test_result_base=None, verb_extension=<colcon_core.verb.build.BuildVerb object at 0x7467e4027850>, verb_name='build', verb_parser=<colcon_defaults.argument_parser.defaults.DefaultArgumentsDecorator object at 0x7467e403b070>)
[0.395s] Level 1:colcon.colcon_core.package_discovery:discover_packages(colcon_meta) check parameters
[0.396s] Level 1:colcon.colcon_core.package_discovery:discover_packages(recursive) check parameters
[0.396s] Level 1:colcon.colcon_core.package_discovery:discover_packages(ignore) check parameters
[0.396s] Level 1:colcon.colcon_core.package_discovery:discover_packages(path) check parameters
[0.396s] Level 1:colcon.colcon_core.package_discovery:discover_packages(colcon_meta) discover
[0.396s] Level 1:colcon.colcon_core.package_discovery:discover_packages(recursive) discover
[0.396s] INFO:colcon.colcon_core.package_discovery:Crawling recursively for packages in '/home/armaanm/eufs_dev/eufs_data'
[0.396s] Level 1:colcon.colcon_core.package_identification:_identify(.) by extensions ['ignore', 'ignore_ament_install']
[0.396s] Level 1:colcon.colcon_core.package_identification:_identify(.) by extension 'ignore'
[0.396s] Level 1:colcon.colcon_core.package_identification:_identify(.) by extension 'ignore_ament_install'
[0.396s] Level 1:colcon.colcon_core.package_identification:_identify(.) by extensions ['colcon_pkg']
[0.396s] Level 1:colcon.colcon_core.package_identification:_identify(.) by extension 'colcon_pkg'
[0.396s] Level 1:colcon.colcon_core.package_identification:_identify(.) by extensions ['colcon_meta']
[0.396s] Level 1:colcon.colcon_core.package_identification:_identify(.) by extension 'colcon_meta'
[0.396s] Level 1:colcon.colcon_core.package_identification:_identify(.) by extensions ['ros']
[0.396s] Level 1:colcon.colcon_core.package_identification:_identify(.) by extension 'ros'
[0.404s] Level 1:colcon.colcon_core.package_identification:_identify(.) by extensions ['cmake', 'python']
[0.404s] Level 1:colcon.colcon_core.package_identification:_identify(.) by extension 'cmake'
[0.404s] Level 1:colcon.colcon_core.package_identification:_identify(.) by extension 'python'
[0.404s] Level 1:colcon.colcon_core.package_identification:_identify(.) by extensions ['python_setup_py']
[0.404s] Level 1:colcon.colcon_core.package_identification:_identify(.) by extension 'python_setup_py'
[0.404s] Level 1:colcon.colcon_core.package_identification:_identify(build) by extensions ['ignore', 'ignore_ament_install']
[0.405s] Level 1:colcon.colcon_core.package_identification:_identify(build) by extension 'ignore'
[0.405s] Level 1:colcon.colcon_core.package_identification:_identify(build) ignored
[0.405s] Level 1:colcon.colcon_core.package_identification:_identify(install) by extensions ['ignore', 'ignore_ament_install']
[0.405s] Level 1:colcon.colcon_core.package_identification:_identify(install) by extension 'ignore'
[0.405s] Level 1:colcon.colcon_core.package_identification:_identify(install) ignored
[0.405s] Level 1:colcon.colcon_core.package_identification:_identify(log) by extensions ['ignore', 'ignore_ament_install']
[0.405s] Level 1:colcon.colcon_core.package_identification:_identify(log) by extension 'ignore'
[0.405s] Level 1:colcon.colcon_core.package_identification:_identify(log) ignored
[0.405s] Level 1:colcon.colcon_core.package_identification:_identify(logs) by extensions ['ignore', 'ignore_ament_install']
[0.405s] Level 1:colcon.colcon_core.package_identification:_identify(logs) by extension 'ignore'
[0.405s] Level 1:colcon.colcon_core.package_identification:_identify(logs) by extension 'ignore_ament_install'
[0.405s] Level 1:colcon.colcon_core.package_identification:_identify(logs) by extensions ['colcon_pkg']
[0.405s] Level 1:colcon.colcon_core.package_identification:_identify(logs) by extension 'colcon_pkg'
[0.405s] Level 1:colcon.colcon_core.package_identification:_identify(logs) by extensions ['colcon_meta']
[0.405s] Level 1:colcon.colcon_core.package_identification:_identify(logs) by extension 'colcon_meta'
[0.405s] Level 1:colcon.colcon_core.package_identification:_identify(logs) by extensions ['ros']
[0.405s] Level 1:colcon.colcon_core.package_identification:_identify(logs) by extension 'ros'
[0.405s] Level 1:colcon.colcon_core.package_identification:_identify(logs) by extensions ['cmake', 'python']
[0.405s] Level 1:colcon.colcon_core.package_identification:_identify(logs) by extension 'cmake'
[0.405s] Level 1:colcon.colcon_core.package_identification:_identify(logs) by extension 'python'
[0.405s] Level 1:colcon.colcon_core.package_identification:_identify(logs) by extensions ['python_setup_py']
[0.405s] Level 1:colcon.colcon_core.package_identification:_identify(logs) by extension 'python_setup_py'
[0.406s] Level 1:colcon.colcon_core.package_identification:_identify(src) by extensions ['ignore', 'ignore_ament_install']
[0.406s] Level 1:colcon.colcon_core.package_identification:_identify(src) by extension 'ignore'
[0.406s] Level 1:colcon.colcon_core.package_identification:_identify(src) by extension 'ignore_ament_install'
[0.406s] Level 1:colcon.colcon_core.package_identification:_identify(src) by extensions ['colcon_pkg']
[0.406s] Level 1:colcon.colcon_core.package_identification:_identify(src) by extension 'colcon_pkg'
[0.406s] Level 1:colcon.colcon_core.package_identification:_identify(src) by extensions ['colcon_meta']
[0.406s] Level 1:colcon.colcon_core.package_identification:_identify(src) by extension 'colcon_meta'
[0.406s] Level 1:colcon.colcon_core.package_identification:_identify(src) by extensions ['ros']
[0.406s] Level 1:colcon.colcon_core.package_identification:_identify(src) by extension 'ros'
[0.406s] Level 1:colcon.colcon_core.package_identification:_identify(src) by extensions ['cmake', 'python']
[0.406s] Level 1:colcon.colcon_core.package_identification:_identify(src) by extension 'cmake'
[0.406s] Level 1:colcon.colcon_core.package_identification:_identify(src) by extension 'python'
[0.406s] Level 1:colcon.colcon_core.package_identification:_identify(src) by extensions ['python_setup_py']
[0.406s] Level 1:colcon.colcon_core.package_identification:_identify(src) by extension 'python_setup_py'
[0.406s] Level 1:colcon.colcon_core.package_identification:_identify(src/cam_tap) by extensions ['ignore', 'ignore_ament_install']
[0.406s] Level 1:colcon.colcon_core.package_identification:_identify(src/cam_tap) by extension 'ignore'
[0.406s] Level 1:colcon.colcon_core.package_identification:_identify(src/cam_tap) by extension 'ignore_ament_install'
[0.406s] Level 1:colcon.colcon_core.package_identification:_identify(src/cam_tap) by extensions ['colcon_pkg']
[0.406s] Level 1:colcon.colcon_core.package_identification:_identify(src/cam_tap) by extension 'colcon_pkg'
[0.406s] Level 1:colcon.colcon_core.package_identification:_identify(src/cam_tap) by extensions ['colcon_meta']
[0.406s] Level 1:colcon.colcon_core.package_identification:_identify(src/cam_tap) by extension 'colcon_meta'
[0.406s] Level 1:colcon.colcon_core.package_identification:_identify(src/cam_tap) by extensions ['ros']
[0.406s] Level 1:colcon.colcon_core.package_identification:_identify(src/cam_tap) by extension 'ros'
[0.408s] DEBUG:colcon.colcon_core.package_identification:Package 'src/cam_tap' with type 'ros.ament_python' and name 'cam_tap'
[0.408s] Level 1:colcon.colcon_core.package_identification:_identify(src/ctrl_tap) by extensions ['ignore', 'ignore_ament_install']
[0.408s] Level 1:colcon.colcon_core.package_identification:_identify(src/ctrl_tap) by extension 'ignore'
[0.408s] Level 1:colcon.colcon_core.package_identification:_identify(src/ctrl_tap) by extension 'ignore_ament_install'
[0.408s] Level 1:colcon.colcon_core.package_identification:_identify(src/ctrl_tap) by extensions ['colcon_pkg']
[0.408s] Level 1:colcon.colcon_core.package_identification:_identify(src/ctrl_tap) by extension 'colcon_pkg'
[0.408s] Level 1:colcon.colcon_core.package_identification:_identify(src/ctrl_tap) by extensions ['colcon_meta']
[0.408s] Level 1:colcon.colcon_core.package_identification:_identify(src/ctrl_tap) by extension 'colcon_meta'
[0.408s] Level 1:colcon.colcon_core.package_identification:_identify(src/ctrl_tap) by extensions ['ros']
[0.409s] Level 1:colcon.colcon_core.package_identification:_identify(src/ctrl_tap) by extension 'ros'
[0.409s] DEBUG:colcon.colcon_core.package_identification:Package 'src/ctrl_tap' with type 'ros.ament_python' and name 'ctrl_tap'
[0.409s] Level 1:colcon.colcon_core.package_identification:_identify(src/gt_tap) by extensions ['ignore', 'ignore_ament_install']
[0.409s] Level 1:colcon.colcon_core.package_identification:_identify(src/gt_tap) by extension 'ignore'
[0.409s] Level 1:colcon.colcon_core.package_identification:_identify(src/gt_tap) by extension 'ignore_ament_install'
[0.409s] Level 1:colcon.colcon_core.package_identification:_identify(src/gt_tap) by extensions ['colcon_pkg']
[0.409s] Level 1:colcon.colcon_core.package_identification:_identify(src/gt_tap) by extension 'colcon_pkg'
[0.409s] Level 1:colcon.colcon_core.package_identification:_identify(src/gt_tap) by extensions ['colcon_meta']
[0.409s] Level 1:colcon.colcon_core.package_identification:_identify(src/gt_tap) by extension 'colcon_meta'
[0.409s] Level 1:colcon.colcon_core.package_identification:_identify(src/gt_tap) by extensions ['ros']
[0.409s] Level 1:colcon.colcon_core.package_identification:_identify(src/gt_tap) by extension 'ros'
[0.409s] DEBUG:colcon.colcon_core.package_identification:Package 'src/gt_tap' with type 'ros.ament_python' and name 'gt_tap'
[0.410s] Level 1:colcon.colcon_core.package_identification:_identify(src/lidar_tap) by extensions ['ignore', 'ignore_ament_install']
[0.410s] Level 1:colcon.colcon_core.package_identification:_identify(src/lidar_tap) by extension 'ignore'
[0.410s] Level 1:colcon.colcon_core.package_identification:_identify(src/lidar_tap) by extension 'ignore_ament_install'
[0.410s] Level 1:colcon.colcon_core.package_identification:_identify(src/lidar_tap) by extensions ['colcon_pkg']
[0.410s] Level 1:colcon.colcon_core.package_identification:_identify(src/lidar_tap) by extension 'colcon_pkg'
[0.410s] Level 1:colcon.colcon_core.package_identification:_identify(src/lidar_tap) by extensions ['colcon_meta']
[0.410s] Level 1:colcon.colcon_core.package_identification:_identify(src/lidar_tap) by extension 'colcon_meta'
[0.410s] Level 1:colcon.colcon_core.package_identification:_identify(src/lidar_tap) by extensions ['ros']
[0.410s] Level 1:colcon.colcon_core.package_identification:_identify(src/lidar_tap) by extension 'ros'
[0.410s] DEBUG:colcon.colcon_core.package_identification:Package 'src/lidar_tap' with type 'ros.ament_python' and name 'lidar_tap'
[0.410s] Level 1:colcon.colcon_core.package_discovery:discover_packages(recursive) using defaults
[0.410s] Level 1:colcon.colcon_core.package_discovery:discover_packages(ignore) discover
[0.410s] Level 1:colcon.colcon_core.package_discovery:discover_packages(ignore) using defaults
[0.410s] Level 1:colcon.colcon_core.package_discovery:discover_packages(path) discover
[0.410s] Level 1:colcon.colcon_core.package_discovery:discover_packages(path) using defaults
[0.431s] Level 1:colcon.colcon_core.package_discovery:discover_packages(prefix_path) check parameters
[0.431s] Level 1:colcon.colcon_core.package_discovery:discover_packages(prefix_path) discover
[0.435s] DEBUG:colcon.colcon_installed_package_information.package_discovery:Found 4 installed packages in /home/armaanm/eufs_dev/eufs_data/install
[0.435s] DEBUG:colcon.colcon_installed_package_information.package_discovery:Found 9 installed packages in /home/armaanm/eufs/install
[0.436s] DEBUG:colcon.colcon_installed_package_information.package_discovery:Found 280 installed packages in /opt/ros/galactic
[0.444s] Level 1:colcon.colcon_core.package_discovery:discover_packages(prefix_path) using defaults
[0.507s] Level 5:colcon.colcon_core.verb:set package 'cam_tap' build argument 'cmake_args' from command line to 'None'
[0.507s] Level 5:colcon.colcon_core.verb:set package 'cam_tap' build argument 'cmake_target' from command line to 'None'
[0.507s] Level 5:colcon.colcon_core.verb:set package 'cam_tap' build argument 'cmake_target_skip_unavailable' from command line to 'False'
[0.507s] Level 5:colcon.colcon_core.verb:set package 'cam_tap' build argument 'cmake_clean_cache' from command line to 'False'
[0.507s] Level 5:colcon.colcon_core.verb:set package 'cam_tap' build argument 'cmake_clean_first' from command line to 'False'
[0.507s] Level 5:colcon.colcon_core.verb:set package 'cam_tap' build argument 'cmake_force_configure' from command line to 'False'
[0.507s] Level 5:colcon.colcon_core.verb:set package 'cam_tap' build argument 'ament_cmake_args' from command line to 'None'
[0.507s] Level 5:colcon.colcon_core.verb:set package 'cam_tap' build argument 'catkin_cmake_args' from command line to 'None'
[0.507s] Level 5:colcon.colcon_core.verb:set package 'cam_tap' build argument 'catkin_skip_building_tests' from command line to 'False'
[0.507s] DEBUG:colcon.colcon_core.verb:Building package 'cam_tap' with the following arguments: {'ament_cmake_args': None, 'build_base': '/home/armaanm/eufs_dev/eufs_data/build/cam_tap', 'catkin_cmake_args': None, 'catkin_skip_building_tests': False, 'cmake_args': None, 'cmake_clean_cache': False, 'cmake_clean_first': False, 'cmake_force_configure': False, 'cmake_target': None, 'cmake_target_skip_unavailable': False, 'install_base': '/home/armaanm/eufs_dev/eufs_data/install/cam_tap', 'merge_install': False, 'path': '/home/armaanm/eufs_dev/eufs_data/src/cam_tap', 'symlink_install': True, 'test_result_base': None}
[0.507s] Level 5:colcon.colcon_core.verb:set package 'ctrl_tap' build argument 'cmake_args' from command line to 'None'
[0.507s] Level 5:colcon.colcon_core.verb:set package 'ctrl_tap' build argument 'cmake_target' from command line to 'None'
[0.507s] Level 5:colcon.colcon_core.verb:set package 'ctrl_tap' build argument 'cmake_target_skip_unavailable' from command line to 'False'
[0.507s] Level 5:colcon.colcon_core.verb:set package 'ctrl_tap' build argument 'cmake_clean_cache' from command line to 'False'
[0.508s] Level 5:colcon.colcon_core.verb:set package 'ctrl_tap' build argument 'cmake_clean_first' from command line to 'False'
[0.508s] Level 5:colcon.colcon_core.verb:set package 'ctrl_tap' build argument 'cmake_force_configure' from command line to 'False'
[0.508s] Level 5:colcon.colcon_core.verb:set package 'ctrl_tap' build argument 'ament_cmake_args' from command line to 'None'
[0.508s] Level 5:colcon.colcon_core.verb:set package 'ctrl_tap' build argument 'catkin_cmake_args' from command line to 'None'
[0.508s] Level 5:colcon.colcon_core.verb:set package 'ctrl_tap' build argument 'catkin_skip_building_tests' from command line to 'False'
[0.508s] DEBUG:colcon.colcon_core.verb:Building package 'ctrl_tap' with the following arguments: {'ament_cmake_args': None, 'build_base': '/home/armaanm/eufs_dev/eufs_data/build/ctrl_tap', 'catkin_cmake_args': None, 'catkin_skip_building_tests': False, 'cmake_args': None, 'cmake_clean_cache': False, 'cmake_clean_first': False, 'cmake_force_configure': False, 'cmake_target': None, 'cmake_target_skip_unavailable': False, 'install_base': '/home/armaanm/eufs_dev/eufs_data/install/ctrl_tap', 'merge_install': False, 'path': '/home/armaanm/eufs_dev/eufs_data/src/ctrl_tap', 'symlink_install': True, 'test_result_base': None}
[0.508s] Level 5:colcon.colcon_core.verb:set package 'gt_tap' build argument 'cmake_args' from command line to 'None'
[0.508s] Level 5:colcon.colcon_core.verb:set package 'gt_tap' build argument 'cmake_target' from command line to 'None'
[0.508s] Level 5:colcon.colcon_core.verb:set package 'gt_tap' build argument 'cmake_target_skip_unavailable' from command line to 'False'
[0.508s] Level 5:colcon.colcon_core.verb:set package 'gt_tap' build argument 'cmake_clean_cache' from command line to 'False'
[0.508s] Level 5:colcon.colcon_core.verb:set package 'gt_tap' build argument 'cmake_clean_first' from command line to 'False'
[0.508s] Level 5:colcon.colcon_core.verb:set package 'gt_tap' build argument 'cmake_force_configure' from command line to 'False'
[0.508s] Level 5:colcon.colcon_core.verb:set package 'gt_tap' build argument 'ament_cmake_args' from command line to 'None'
[0.508s] Level 5:colcon.colcon_core.verb:set package 'gt_tap' build argument 'catkin_cmake_args' from command line to 'None'
[0.508s] Level 5:colcon.colcon_core.verb:set package 'gt_tap' build argument 'catkin_skip_building_tests' from command line to 'False'
[0.508s] DEBUG:colcon.colcon_core.verb:Building package 'gt_tap' with the following arguments: {'ament_cmake_args': None, 'build_base': '/home/armaanm/eufs_dev/eufs_data/build/gt_tap', 'catkin_cmake_args': None, 'catkin_skip_building_tests': False, 'cmake_args': None, 'cmake_clean_cache': False, 'cmake_clean_first': False, 'cmake_force_configure': False, 'cmake_target': None, 'cmake_target_skip_unavailable': False, 'install_base': '/home/armaanm/eufs_dev/eufs_data/install/gt_tap', 'merge_install': False, 'path': '/home/armaanm/eufs_dev/eufs_data/src/gt_tap', 'symlink_install': True, 'test_result_base': None}
[0.508s] Level 5:colcon.colcon_core.verb:set package 'lidar_tap' build argument 'cmake_args' from command line to 'None'
[0.508s] Level 5:colcon.colcon_core.verb:set package 'lidar_tap' build argument 'cmake_target' from command line to 'None'
[0.508s] Level 5:colcon.colcon_core.verb:set package 'lidar_tap' build argument 'cmake_target_skip_unavailable' from command line to 'False'
[0.508s] Level 5:colcon.colcon_core.verb:set package 'lidar_tap' build argument 'cmake_clean_cache' from command line to 'False'
[0.508s] Level 5:colcon.colcon_core.verb:set package 'lidar_tap' build argument 'cmake_clean_first' from command line to 'False'
[0.508s] Level 5:colcon.colcon_core.verb:set package 'lidar_tap' build argument 'cmake_force_configure' from command line to 'False'
[0.508s] Level 5:colcon.colcon_core.verb:set package 'lidar_tap' build argument 'ament_cmake_args' from command line to 'None'
[0.508s] Level 5:colcon.colcon_core.verb:set package 'lidar_tap' build argument 'catkin_cmake_args' from command line to 'None'
[0.508s] Level 5:colcon.colcon_core.verb:set package 'lidar_tap' build argument 'catkin_skip_building_tests' from command line to 'False'
[0.508s] DEBUG:colcon.colcon_core.verb:Building package 'lidar_tap' with the following arguments: {'ament_cmake_args': None, 'build_base': '/home/armaanm/eufs_dev/eufs_data/build/lidar_tap', 'catkin_cmake_args': None, 'catkin_skip_building_tests': False, 'cmake_args': None, 'cmake_clean_cache': False, 'cmake_clean_first': False, 'cmake_force_configure': False, 'cmake_target': None, 'cmake_target_skip_unavailable': False, 'install_base': '/home/armaanm/eufs_dev/eufs_data/install/lidar_tap', 'merge_install': False, 'path': '/home/armaanm/eufs_dev/eufs_data/src/lidar_tap', 'symlink_install': True, 'test_result_base': None}
[0.508s] INFO:colcon.colcon_core.executor:Executing jobs using 'parallel' executor
[0.509s] DEBUG:colcon.colcon_parallel_executor.executor.parallel:run_until_complete
[0.509s] INFO:colcon.colcon_ros.task.ament_python.build:Building ROS package in '/home/armaanm/eufs_dev/eufs_data/src/cam_tap' with build type 'ament_python'
[0.510s] Level 1:colcon.colcon_core.shell:create_environment_hook('cam_tap', 'ament_prefix_path')
[0.514s] INFO:colcon.colcon_core.plugin_system:Skipping extension 'colcon_core.shell.bat': Not used on non-Windows systems
[0.515s] INFO:colcon.colcon_core.shell:Creating environment hook '/home/armaanm/eufs_dev/eufs_data/install/cam_tap/share/cam_tap/hook/ament_prefix_path.ps1'
[0.516s] INFO:colcon.colcon_core.shell:Creating environment descriptor '/home/armaanm/eufs_dev/eufs_data/install/cam_tap/share/cam_tap/hook/ament_prefix_path.dsv'
[0.516s] INFO:colcon.colcon_core.shell:Creating environment hook '/home/armaanm/eufs_dev/eufs_data/install/cam_tap/share/cam_tap/hook/ament_prefix_path.sh'
[0.517s] INFO:colcon.colcon_core.shell:Skip shell extension 'powershell' for command environment: Not usable outside of PowerShell
[0.517s] DEBUG:colcon.colcon_core.shell:Skip shell extension 'dsv' for command environment
[0.521s] INFO:colcon.colcon_ros.task.ament_python.build:Building ROS package in '/home/armaanm/eufs_dev/eufs_data/src/ctrl_tap' with build type 'ament_python'
[0.522s] Level 1:colcon.colcon_core.shell:create_environment_hook('ctrl_tap', 'ament_prefix_path')
[0.522s] INFO:colcon.colcon_core.shell:Creating environment hook '/home/armaanm/eufs_dev/eufs_data/install/ctrl_tap/share/ctrl_tap/hook/ament_prefix_path.ps1'
[0.523s] INFO:colcon.colcon_core.shell:Creating environment descriptor '/home/armaanm/eufs_dev/eufs_data/install/ctrl_tap/share/ctrl_tap/hook/ament_prefix_path.dsv'
[0.523s] INFO:colcon.colcon_core.shell:Creating environment hook '/home/armaanm/eufs_dev/eufs_data/install/ctrl_tap/share/ctrl_tap/hook/ament_prefix_path.sh'
[0.524s] INFO:colcon.colcon_core.shell:Skip shell extension 'powershell' for command environment: Not usable outside of PowerShell
[0.524s] DEBUG:colcon.colcon_core.shell:Skip shell extension 'dsv' for command environment
[0.528s] INFO:colcon.colcon_ros.task.ament_python.build:Building ROS package in '/home/armaanm/eufs_dev/eufs_data/src/gt_tap' with build type 'ament_python'
[0.528s] Level 1:colcon.colcon_core.shell:create_environment_hook('gt_tap', 'ament_prefix_path')
[0.528s] INFO:colcon.colcon_core.shell:Creating environment hook '/home/armaanm/eufs_dev/eufs_data/install/gt_tap/share/gt_tap/hook/ament_prefix_path.ps1'
[0.529s] INFO:colcon.colcon_core.shell:Creating environment descriptor '/home/armaanm/eufs_dev/eufs_data/install/gt_tap/share/gt_tap/hook/ament_prefix_path.dsv'
[0.529s] INFO:colcon.colcon_core.shell:Creating environment hook '/home/armaanm/eufs_dev/eufs_data/install/gt_tap/share/gt_tap/hook/ament_prefix_path.sh'
[0.529s] INFO:colcon.colcon_core.shell:Skip shell extension 'powershell' for command environment: Not usable outside of PowerShell
[0.530s] DEBUG:colcon.colcon_core.shell:Skip shell extension 'dsv' for command environment
[0.534s] INFO:colcon.colcon_ros.task.ament_python.build:Building ROS package in '/home/armaanm/eufs_dev/eufs_data/src/lidar_tap' with build type 'ament_python'
[0.534s] Level 1:colcon.colcon_core.shell:create_environment_hook('lidar_tap', 'ament_prefix_path')
[0.535s] INFO:colcon.colcon_core.shell:Creating environment hook '/home/armaanm/eufs_dev/eufs_data/install/lidar_tap/share/lidar_tap/hook/ament_prefix_path.ps1'
[0.536s] INFO:colcon.colcon_core.shell:Creating environment descriptor '/home/armaanm/eufs_dev/eufs_data/install/lidar_tap/share/lidar_tap/hook/ament_prefix_path.dsv'
[0.536s] INFO:colcon.colcon_core.shell:Creating environment hook '/home/armaanm/eufs_dev/eufs_data/install/lidar_tap/share/lidar_tap/hook/ament_prefix_path.sh'
[0.537s] INFO:colcon.colcon_core.shell:Skip shell extension 'powershell' for command environment: Not usable outside of PowerShell
[0.537s] DEBUG:colcon.colcon_core.shell:Skip shell extension 'dsv' for command environment
[0.708s] INFO:colcon.colcon_core.task.python.build:Building Python package in '/home/armaanm/eufs_dev/eufs_data/src/cam_tap'
[0.708s] INFO:colcon.colcon_core.shell:Skip shell extension 'powershell' for command environment: Not usable outside of PowerShell
[0.708s] DEBUG:colcon.colcon_core.shell:Skip shell extension 'dsv' for command environment
[0.854s] INFO:colcon.colcon_core.task.python.build:Building Python package in '/home/armaanm/eufs_dev/eufs_data/src/ctrl_tap'
[0.855s] INFO:colcon.colcon_core.shell:Skip shell extension 'powershell' for command environment: Not usable outside of PowerShell
[0.855s] DEBUG:colcon.colcon_core.shell:Skip shell extension 'dsv' for command environment
[1.028s] INFO:colcon.colcon_core.task.python.build:Building Python package in '/home/armaanm/eufs_dev/eufs_data/src/gt_tap'
[1.029s] INFO:colcon.colcon_core.shell:Skip shell extension 'powershell' for command environment: Not usable outside of PowerShell
[1.029s] DEBUG:colcon.colcon_core.shell:Skip shell extension 'dsv' for command environment
[1.200s] INFO:colcon.colcon_core.task.python.build:Building Python package in '/home/armaanm/eufs_dev/eufs_data/src/lidar_tap'
[1.201s] INFO:colcon.colcon_core.shell:Skip shell extension 'powershell' for command environment: Not usable outside of PowerShell
[1.201s] DEBUG:colcon.colcon_core.shell:Skip shell extension 'dsv' for command environment
[1.613s] DEBUG:colcon.colcon_core.event_handler.log_command:Invoking command in '/home/armaanm/eufs_dev/eufs_data/build/cam_tap': PYTHONPATH=/home/armaanm/eufs_dev/eufs_data/build/cam_tap/prefix_override:/usr/lib/python3/dist-packages/colcon_core/task/python/colcon_distutils_commands:/home/armaanm/eufs_dev/eufs_data/install/cam_tap/lib/python3.8/site-packages:${PYTHONPATH} /usr/bin/python3 -W ignore:setup.py install is deprecated -W ignore:easy_install command is deprecated setup.py develop --editable --build-directory /home/armaanm/eufs_dev/eufs_data/build/cam_tap/build --no-deps symlink_data
[1.620s] DEBUG:colcon.colcon_core.event_handler.log_command:Invoking command in '/home/armaanm/eufs_dev/eufs_data/build/ctrl_tap': PYTHONPATH=/home/armaanm/eufs_dev/eufs_data/build/ctrl_tap/prefix_override:/usr/lib/python3/dist-packages/colcon_core/task/python/colcon_distutils_commands:/home/armaanm/eufs_dev/eufs_data/install/ctrl_tap/lib/python3.8/site-packages:${PYTHONPATH} /usr/bin/python3 -W ignore:setup.py install is deprecated -W ignore:easy_install command is deprecated setup.py develop --editable --build-directory /home/armaanm/eufs_dev/eufs_data/build/ctrl_tap/build --no-deps symlink_data
[1.626s] DEBUG:colcon.colcon_core.event_handler.log_command:Invoking command in '/home/armaanm/eufs_dev/eufs_data/build/lidar_tap': PYTHONPATH=/home/armaanm/eufs_dev/eufs_data/build/lidar_tap/prefix_override:/usr/lib/python3/dist-packages/colcon_core/task/python/colcon_distutils_commands:/home/armaanm/eufs_dev/eufs_data/install/lidar_tap/lib/python3.8/site-packages:${PYTHONPATH} /usr/bin/python3 -W ignore:setup.py install is deprecated -W ignore:easy_install command is deprecated setup.py develop --editable --build-directory /home/armaanm/eufs_dev/eufs_data/build/lidar_tap/build --no-deps symlink_data
[1.631s] DEBUG:colcon.colcon_core.event_handler.log_command:Invoking command in '/home/armaanm/eufs_dev/eufs_data/build/gt_tap': PYTHONPATH=/home/armaanm/eufs_dev/eufs_data/build/gt_tap/prefix_override:/usr/lib/python3/dist-packages/colcon_core/task/python/colcon_distutils_commands:/home/armaanm/eufs_dev/eufs_data/install/gt_tap/lib/python3.8/site-packages:${PYTHONPATH} /usr/bin/python3 -W ignore:setup.py install is deprecated -W ignore:easy_install command is deprecated setup.py develop --editable --build-directory /home/armaanm/eufs_dev/eufs_data/build/gt_tap/build --no-deps symlink_data
[2.059s] Level 1:colcon.colcon_core.shell:create_environment_hook('ctrl_tap', 'pythonpath_develop')
[2.060s] DEBUG:colcon.colcon_core.event_handler.log_command:Invoked command in '/home/armaanm/eufs_dev/eufs_data/build/ctrl_tap' returned '0': PYTHONPATH=/home/armaanm/eufs_dev/eufs_data/build/ctrl_tap/prefix_override:/usr/lib/python3/dist-packages/colcon_core/task/python/colcon_distutils_commands:/home/armaanm/eufs_dev/eufs_data/install/ctrl_tap/lib/python3.8/site-packages:${PYTHONPATH} /usr/bin/python3 -W ignore:setup.py install is deprecated -W ignore:easy_install command is deprecated setup.py develop --editable --build-directory /home/armaanm/eufs_dev/eufs_data/build/ctrl_tap/build --no-deps symlink_data
[2.060s] INFO:colcon.colcon_core.shell:Creating environment hook '/home/armaanm/eufs_dev/eufs_data/build/ctrl_tap/share/ctrl_tap/hook/pythonpath_develop.ps1'
[2.061s] INFO:colcon.colcon_core.shell:Creating environment descriptor '/home/armaanm/eufs_dev/eufs_data/build/ctrl_tap/share/ctrl_tap/hook/pythonpath_develop.dsv'
[2.061s] INFO:colcon.colcon_core.shell:Creating environment hook '/home/armaanm/eufs_dev/eufs_data/build/ctrl_tap/share/ctrl_tap/hook/pythonpath_develop.sh'
[2.068s] Level 1:colcon.colcon_core.environment:checking '/home/armaanm/eufs_dev/eufs_data/install/ctrl_tap' for CMake module files
[2.068s] Level 1:colcon.colcon_core.environment:checking '/home/armaanm/eufs_dev/eufs_data/install/ctrl_tap' for CMake config files
[2.069s] Level 1:colcon.colcon_core.environment:checking '/home/armaanm/eufs_dev/eufs_data/install/ctrl_tap/lib'
[2.069s] Level 1:colcon.colcon_core.environment:checking '/home/armaanm/eufs_dev/eufs_data/install/ctrl_tap/bin'
[2.069s] Level 1:colcon.colcon_core.environment:checking '/home/armaanm/eufs_dev/eufs_data/install/ctrl_tap/lib/pkgconfig/ctrl_tap.pc'
[2.069s] Level 1:colcon.colcon_core.environment:checking '/home/armaanm/eufs_dev/eufs_data/install/ctrl_tap/lib/python3.8/site-packages'
[2.069s] Level 1:colcon.colcon_core.shell:create_environment_hook('ctrl_tap', 'pythonpath')
[2.069s] INFO:colcon.colcon_core.shell:Creating environment hook '/home/armaanm/eufs_dev/eufs_data/install/ctrl_tap/share/ctrl_tap/hook/pythonpath.ps1'
[2.070s] INFO:colcon.colcon_core.shell:Creating environment descriptor '/home/armaanm/eufs_dev/eufs_data/install/ctrl_tap/share/ctrl_tap/hook/pythonpath.dsv'
[2.070s] INFO:colcon.colcon_core.shell:Creating environment hook '/home/armaanm/eufs_dev/eufs_data/install/ctrl_tap/share/ctrl_tap/hook/pythonpath.sh'
[2.071s] Level 1:colcon.colcon_core.environment:checking '/home/armaanm/eufs_dev/eufs_data/install/ctrl_tap/bin'
[2.071s] Level 1:colcon.colcon_core.environment:create_environment_scripts_only(ctrl_tap)
[2.071s] INFO:colcon.colcon_core.shell:Creating package script '/home/armaanm/eufs_dev/eufs_data/install/ctrl_tap/share/ctrl_tap/package.ps1'
[2.072s] INFO:colcon.colcon_core.shell:Creating package descriptor '/home/armaanm/eufs_dev/eufs_data/install/ctrl_tap/share/ctrl_tap/package.dsv'
[2.073s] INFO:colcon.colcon_core.shell:Creating package script '/home/armaanm/eufs_dev/eufs_data/install/ctrl_tap/share/ctrl_tap/package.sh'
[2.074s] INFO:colcon.colcon_core.shell:Creating package script '/home/armaanm/eufs_dev/eufs_data/install/ctrl_tap/share/ctrl_tap/package.bash'
[2.075s] INFO:colcon.colcon_core.shell:Creating package script '/home/armaanm/eufs_dev/eufs_data/install/ctrl_tap/share/ctrl_tap/package.zsh'
[2.076s] Level 1:colcon.colcon_core.environment:create_file_with_runtime_dependencies(/home/armaanm/eufs_dev/eufs_data/install/ctrl_tap/share/colcon-core/packages/ctrl_tap)
[2.078s] Level 1:colcon.colcon_core.shell:create_environment_hook('lidar_tap', 'pythonpath_develop')
[2.079s] INFO:colcon.colcon_core.shell:Creating environment hook '/home/armaanm/eufs_dev/eufs_data/build/lidar_tap/share/lidar_tap/hook/pythonpath_develop.ps1'
[2.080s] DEBUG:colcon.colcon_core.event_handler.log_command:Invoked command in '/home/armaanm/eufs_dev/eufs_data/build/lidar_tap' returned '0': PYTHONPATH=/home/armaanm/eufs_dev/eufs_data/build/lidar_tap/prefix_override:/usr/lib/python3/dist-packages/colcon_core/task/python/colcon_distutils_commands:/home/armaanm/eufs_dev/eufs_data/install/lidar_tap/lib/python3.8/site-packages:${PYTHONPATH} /usr/bin/python3 -W ignore:setup.py install is deprecated -W ignore:easy_install command is deprecated setup.py develop --editable --build-directory /home/armaanm/eufs_dev/eufs_data/build/lidar_tap/build --no-deps symlink_data
[2.080s] INFO:colcon.colcon_core.shell:Creating environment descriptor '/home/armaanm/eufs_dev/eufs_data/build/lidar_tap/share/lidar_tap/hook/pythonpath_develop.dsv'
[2.081s] INFO:colcon.colcon_core.shell:Creating environment hook '/home/armaanm/eufs_dev/eufs_data/build/lidar_tap/share/lidar_tap/hook/pythonpath_develop.sh'
[2.081s] Level 1:colcon.colcon_core.environment:checking '/home/armaanm/eufs_dev/eufs_data/install/lidar_tap' for CMake module files
[2.081s] Level 1:colcon.colcon_core.environment:checking '/home/armaanm/eufs_dev/eufs_data/install/lidar_tap' for CMake config files
[2.082s] Level 1:colcon.colcon_core.environment:checking '/home/armaanm/eufs_dev/eufs_data/install/lidar_tap/lib'
[2.082s] Level 1:colcon.colcon_core.environment:checking '/home/armaanm/eufs_dev/eufs_data/install/lidar_tap/bin'
[2.082s] Level 1:colcon.colcon_core.environment:checking '/home/armaanm/eufs_dev/eufs_data/install/lidar_tap/lib/pkgconfig/lidar_tap.pc'
[2.082s] Level 1:colcon.colcon_core.environment:checking '/home/armaanm/eufs_dev/eufs_data/install/lidar_tap/lib/python3.8/site-packages'
[2.082s] Level 1:colcon.colcon_core.shell:create_environment_hook('lidar_tap', 'pythonpath')
[2.082s] INFO:colcon.colcon_core.shell:Creating environment hook '/home/armaanm/eufs_dev/eufs_data/install/lidar_tap/share/lidar_tap/hook/pythonpath.ps1'
[2.083s] INFO:colcon.colcon_core.shell:Creating environment descriptor '/home/armaanm/eufs_dev/eufs_data/install/lidar_tap/share/lidar_tap/hook/pythonpath.dsv'
[2.083s] INFO:colcon.colcon_core.shell:Creating environment hook '/home/armaanm/eufs_dev/eufs_data/install/lidar_tap/share/lidar_tap/hook/pythonpath.sh'
[2.083s] Level 1:colcon.colcon_core.environment:checking '/home/armaanm/eufs_dev/eufs_data/install/lidar_tap/bin'
[2.083s] Level 1:colcon.colcon_core.environment:create_environment_scripts_only(lidar_tap)
[2.083s] INFO:colcon.colcon_core.shell:Creating package script '/home/armaanm/eufs_dev/eufs_data/install/lidar_tap/share/lidar_tap/package.ps1'
[2.084s] INFO:colcon.colcon_core.shell:Creating package descriptor '/home/armaanm/eufs_dev/eufs_data/install/lidar_tap/share/lidar_tap/package.dsv'
[2.084s] INFO:colcon.colcon_core.shell:Creating package script '/home/armaanm/eufs_dev/eufs_data/install/lidar_tap/share/lidar_tap/package.sh'
[2.084s] INFO:colcon.colcon_core.shell:Creating package script '/home/armaanm/eufs_dev/eufs_data/install/lidar_tap/share/lidar_tap/package.bash'
[2.085s] INFO:colcon.colcon_core.shell:Creating package script '/home/armaanm/eufs_dev/eufs_data/install/lidar_tap/share/lidar_tap/package.zsh'
[2.085s] Level 1:colcon.colcon_core.environment:create_file_with_runtime_dependencies(/home/armaanm/eufs_dev/eufs_data/install/lidar_tap/share/colcon-core/packages/lidar_tap)
[2.085s] Level 1:colcon.colcon_core.shell:create_environment_hook('cam_tap', 'pythonpath_develop')
[2.086s] INFO:colcon.colcon_core.shell:Creating environment hook '/home/armaanm/eufs_dev/eufs_data/build/cam_tap/share/cam_tap/hook/pythonpath_develop.ps1'
[2.087s] INFO:colcon.colcon_core.shell:Creating environment descriptor '/home/armaanm/eufs_dev/eufs_data/build/cam_tap/share/cam_tap/hook/pythonpath_develop.dsv'
[2.087s] DEBUG:colcon.colcon_core.event_handler.log_command:Invoked command in '/home/armaanm/eufs_dev/eufs_data/build/cam_tap' returned '0': PYTHONPATH=/home/armaanm/eufs_dev/eufs_data/build/cam_tap/prefix_override:/usr/lib/python3/dist-packages/colcon_core/task/python/colcon_distutils_commands:/home/armaanm/eufs_dev/eufs_data/install/cam_tap/lib/python3.8/site-packages:${PYTHONPATH} /usr/bin/python3 -W ignore:setup.py install is deprecated -W ignore:easy_install command is deprecated setup.py develop --editable --build-directory /home/armaanm/eufs_dev/eufs_data/build/cam_tap/build --no-deps symlink_data
[2.087s] INFO:colcon.colcon_core.shell:Creating environment hook '/home/armaanm/eufs_dev/eufs_data/build/cam_tap/share/cam_tap/hook/pythonpath_develop.sh'
[2.088s] Level 1:colcon.colcon_core.environment:checking '/home/armaanm/eufs_dev/eufs_data/install/cam_tap' for CMake module files
[2.088s] Level 1:colcon.colcon_core.environment:checking '/home/armaanm/eufs_dev/eufs_data/install/cam_tap' for CMake config files
[2.088s] Level 1:colcon.colcon_core.environment:checking '/home/armaanm/eufs_dev/eufs_data/install/cam_tap/lib'
[2.088s] Level 1:colcon.colcon_core.environment:checking '/home/armaanm/eufs_dev/eufs_data/install/cam_tap/bin'
[2.088s] Level 1:colcon.colcon_core.environment:checking '/home/armaanm/eufs_dev/eufs_data/install/cam_tap/lib/pkgconfig/cam_tap.pc'
[2.089s] Level 1:colcon.colcon_core.environment:checking '/home/armaanm/eufs_dev/eufs_data/install/cam_tap/lib/python3.8/site-packages'
[2.089s] Level 1:colcon.colcon_core.shell:create_environment_hook('cam_tap', 'pythonpath')
[2.089s] INFO:colcon.colcon_core.shell:Creating environment hook '/home/armaanm/eufs_dev/eufs_data/install/cam_tap/share/cam_tap/hook/pythonpath.ps1'
[2.089s] INFO:colcon.colcon_core.shell:Creating environment descriptor '/home/armaanm/eufs_dev/eufs_data/install/cam_tap/share/cam_tap/hook/pythonpath.dsv'
[2.090s] INFO:colcon.colcon_core.shell:Creating environment hook '/home/armaanm/eufs_dev/eufs_data/install/cam_tap/share/cam_tap/hook/pythonpath.sh'
[2.090s] Level 1:colcon.colcon_core.environment:checking '/home/armaanm/eufs_dev/eufs_data/install/cam_tap/bin'
[2.090s] Level 1:colcon.colcon_core.environment:create_environment_scripts_only(cam_tap)
[2.090s] INFO:colcon.colcon_core.shell:Creating package script '/home/armaanm/eufs_dev/eufs_data/install/cam_tap/share/cam_tap/package.ps1'
[2.091s] INFO:colcon.colcon_core.shell:Creating package descriptor '/home/armaanm/eufs_dev/eufs_data/install/cam_tap/share/cam_tap/package.dsv'
[2.091s] INFO:colcon.colcon_core.shell:Creating package script '/home/armaanm/eufs_dev/eufs_data/install/cam_tap/share/cam_tap/package.sh'
[2.092s] INFO:colcon.colcon_core.shell:Creating package script '/home/armaanm/eufs_dev/eufs_data/install/cam_tap/share/cam_tap/package.bash'
[2.092s] INFO:colcon.colcon_core.shell:Creating package script '/home/armaanm/eufs_dev/eufs_data/install/cam_tap/share/cam_tap/package.zsh'
[2.092s] Level 1:colcon.colcon_core.environment:create_file_with_runtime_dependencies(/home/armaanm/eufs_dev/eufs_data/install/cam_tap/share/colcon-core/packages/cam_tap)
[2.092s] Level 1:colcon.colcon_core.shell:create_environment_hook('gt_tap', 'pythonpath_develop')
[2.093s] INFO:colcon.colcon_core.shell:Creating environment hook '/home/armaanm/eufs_dev/eufs_data/build/gt_tap/share/gt_tap/hook/pythonpath_develop.ps1'
[2.093s] INFO:colcon.colcon_core.shell:Creating environment descriptor '/home/armaanm/eufs_dev/eufs_data/build/gt_tap/share/gt_tap/hook/pythonpath_develop.dsv'
[2.094s] DEBUG:colcon.colcon_core.event_handler.log_command:Invoked command in '/home/armaanm/eufs_dev/eufs_data/build/gt_tap' returned '0': PYTHONPATH=/home/armaanm/eufs_dev/eufs_data/build/gt_tap/prefix_override:/usr/lib/python3/dist-packages/colcon_core/task/python/colcon_distutils_commands:/home/armaanm/eufs_dev/eufs_data/install/gt_tap/lib/python3.8/site-packages:${PYTHONPATH} /usr/bin/python3 -W ignore:setup.py install is deprecated -W ignore:easy_install command is deprecated setup.py develop --editable --build-directory /home/armaanm/eufs_dev/eufs_data/build/gt_tap/build --no-deps symlink_data
[2.094s] INFO:colcon.colcon_core.shell:Creating environment hook '/home/armaanm/eufs_dev/eufs_data/build/gt_tap/share/gt_tap/hook/pythonpath_develop.sh'
[2.095s] Level 1:colcon.colcon_core.environment:checking '/home/armaanm/eufs_dev/eufs_data/install/gt_tap' for CMake module files
[2.095s] Level 1:colcon.colcon_core.environment:checking '/home/armaanm/eufs_dev/eufs_data/install/gt_tap' for CMake config files
[2.095s] Level 1:colcon.colcon_core.environment:checking '/home/armaanm/eufs_dev/eufs_data/install/gt_tap/lib'
[2.095s] Level 1:colcon.colcon_core.environment:checking '/home/armaanm/eufs_dev/eufs_data/install/gt_tap/bin'
[2.096s] Level 1:colcon.colcon_core.environment:checking '/home/armaanm/eufs_dev/eufs_data/install/gt_tap/lib/pkgconfig/gt_tap.pc'
[2.096s] Level 1:colcon.colcon_core.environment:checking '/home/armaanm/eufs_dev/eufs_data/install/gt_tap/lib/python3.8/site-packages'
[2.096s] Level 1:colcon.colcon_core.shell:create_environment_hook('gt_tap', 'pythonpath')
[2.096s] INFO:colcon.colcon_core.shell:Creating environment hook '/home/armaanm/eufs_dev/eufs_data/install/gt_tap/share/gt_tap/hook/pythonpath.ps1'
[2.096s] INFO:colcon.colcon_core.shell:Creating environment descriptor '/home/armaanm/eufs_dev/eufs_data/install/gt_tap/share/gt_tap/hook/pythonpath.dsv'
[2.096s] INFO:colcon.colcon_core.shell:Creating environment hook '/home/armaanm/eufs_dev/eufs_data/install/gt_tap/share/gt_tap/hook/pythonpath.sh'
[2.097s] Level 1:colcon.colcon_core.environment:checking '/home/armaanm/eufs_dev/eufs_data/install/gt_tap/bin'
[2.097s] Level 1:colcon.colcon_core.environment:create_environment_scripts_only(gt_tap)
[2.097s] INFO:colcon.colcon_core.shell:Creating package script '/home/armaanm/eufs_dev/eufs_data/install/gt_tap/share/gt_tap/package.ps1'
[2.097s] INFO:colcon.colcon_core.shell:Creating package descriptor '/home/armaanm/eufs_dev/eufs_data/install/gt_tap/share/gt_tap/package.dsv'
[2.098s] INFO:colcon.colcon_core.shell:Creating package script '/home/armaanm/eufs_dev/eufs_data/install/gt_tap/share/gt_tap/package.sh'
[2.098s] INFO:colcon.colcon_core.shell:Creating package script '/home/armaanm/eufs_dev/eufs_data/install/gt_tap/share/gt_tap/package.bash'
[2.098s] INFO:colcon.colcon_core.shell:Creating package script '/home/armaanm/eufs_dev/eufs_data/install/gt_tap/share/gt_tap/package.zsh'
[2.099s] Level 1:colcon.colcon_core.environment:create_file_with_runtime_dependencies(/home/armaanm/eufs_dev/eufs_data/install/gt_tap/share/colcon-core/packages/gt_tap)
[2.099s] DEBUG:colcon.colcon_parallel_executor.executor.parallel:closing loop
[2.100s] DEBUG:colcon.colcon_parallel_executor.executor.parallel:loop closed
[2.100s] DEBUG:colcon.colcon_parallel_executor.executor.parallel:run_until_complete finished with '0'
[2.100s] DEBUG:colcon.colcon_core.event_reactor:joining thread
[2.153s] INFO:colcon.colcon_core.plugin_system:Skipping extension 'colcon_notification.desktop_notification.notify_send': Could not find 'notify-send'
[2.153s] INFO:colcon.colcon_core.plugin_system:Skipping extension 'colcon_notification.desktop_notification.terminal_notifier': Not used on non-Darwin systems
[2.153s] INFO:colcon.colcon_core.plugin_system:Skipping extension 'colcon_notification.desktop_notification.win32': Not used on non-Windows systems
[2.153s] INFO:colcon.colcon_notification.desktop_notification:Sending desktop notification using 'notify2'
[2.156s] DEBUG:colcon.colcon_notification.desktop_notification.notify2:Failed to initialize notify2: org.freedesktop.DBus.Error.ServiceUnknown: The name org.freedesktop.Notifications was not provided by any .service files
[2.156s] DEBUG:colcon.colcon_core.event_reactor:joined thread
[2.157s] INFO:colcon.colcon_core.shell:Creating prefix script '/home/armaanm/eufs_dev/eufs_data/install/local_setup.ps1'
[2.159s] INFO:colcon.colcon_core.shell:Creating prefix util module '/home/armaanm/eufs_dev/eufs_data/install/_local_setup_util_ps1.py'
[2.160s] INFO:colcon.colcon_core.shell:Creating prefix chain script '/home/armaanm/eufs_dev/eufs_data/install/setup.ps1'
[2.161s] INFO:colcon.colcon_core.shell:Creating prefix script '/home/armaanm/eufs_dev/eufs_data/install/local_setup.sh'
[2.162s] INFO:colcon.colcon_core.shell:Creating prefix util module '/home/armaanm/eufs_dev/eufs_data/install/_local_setup_util_sh.py'
[2.163s] INFO:colcon.colcon_core.shell:Creating prefix chain script '/home/armaanm/eufs_dev/eufs_data/install/setup.sh'
[2.164s] INFO:colcon.colcon_core.shell:Creating prefix script '/home/armaanm/eufs_dev/eufs_data/install/local_setup.bash'
[2.164s] INFO:colcon.colcon_core.shell:Creating prefix chain script '/home/armaanm/eufs_dev/eufs_data/install/setup.bash'
[2.165s] INFO:colcon.colcon_core.shell:Creating prefix script '/home/armaanm/eufs_dev/eufs_data/install/local_setup.zsh'
[2.166s] INFO:colcon.colcon_core.shell:Creating prefix chain script '/home/armaanm/eufs_dev/eufs_data/install/setup.zsh'
