[0.624s] Invoking command in '/home/armaanm/eufs_dev/eufs_data/build/gt_tap': PYTHONPATH=/home/armaanm/eufs_dev/eufs_data/build/gt_tap/prefix_override:/usr/lib/python3/dist-packages/colcon_core/task/python/colcon_distutils_commands:/home/armaanm/eufs_dev/eufs_data/install/gt_tap/lib/python3.8/site-packages:${PYTHONPATH} /usr/bin/python3 -W ignore:setup.py install is deprecated -W ignore:easy_install command is deprecated setup.py develop --editable --build-directory /home/armaanm/eufs_dev/eufs_data/build/gt_tap/build --no-deps symlink_data
[0.791s] running develop
[0.882s] running egg_info
[0.882s] writing gt_tap.egg-info/PKG-INFO
[0.882s] writing dependency_links to gt_tap.egg-info/dependency_links.txt
[0.882s] writing entry points to gt_tap.egg-info/entry_points.txt
[0.882s] writing requirements to gt_tap.egg-info/requires.txt
[0.882s] writing top-level names to gt_tap.egg-info/top_level.txt
[0.906s] reading manifest file 'gt_tap.egg-info/SOURCES.txt'
[0.906s] writing manifest file 'gt_tap.egg-info/SOURCES.txt'
[0.933s] running build_ext
[0.933s] Creating /home/armaanm/eufs_dev/eufs_data/install/gt_tap/lib/python3.8/site-packages/gt-tap.egg-link (link to .)
[0.934s] Installing gt_cones script to /home/armaanm/eufs_dev/eufs_data/install/gt_tap/lib/gt_tap
[0.935s] Installing gt_gps script to /home/armaanm/eufs_dev/eufs_data/install/gt_tap/lib/gt_tap
[0.935s] Installing gt_pose script to /home/armaanm/eufs_dev/eufs_data/install/gt_tap/lib/gt_tap
[0.935s] Installing gt_state script to /home/armaanm/eufs_dev/eufs_data/install/gt_tap/lib/gt_tap
[0.936s] Installing gt_track script to /home/armaanm/eufs_dev/eufs_data/install/gt_tap/lib/gt_tap
[0.936s] Installing gt_wheels script to /home/armaanm/eufs_dev/eufs_data/install/gt_tap/lib/gt_tap
[0.936s] 
[0.936s] Installed /home/armaanm/eufs_dev/eufs_data/build/gt_tap
[0.936s] running symlink_data
[0.953s] Invoked command in '/home/armaanm/eufs_dev/eufs_data/build/gt_tap' returned '0': PYTHONPATH=/home/armaanm/eufs_dev/eufs_data/build/gt_tap/prefix_override:/usr/lib/python3/dist-packages/colcon_core/task/python/colcon_distutils_commands:/home/armaanm/eufs_dev/eufs_data/install/gt_tap/lib/python3.8/site-packages:${PYTHONPATH} /usr/bin/python3 -W ignore:setup.py install is deprecated -W ignore:easy_install command is deprecated setup.py develop --editable --build-directory /home/armaanm/eufs_dev/eufs_data/build/gt_tap/build --no-deps symlink_data
