[0.842s] DEBUG:colcon:Command line arguments: ['/usr/bin/colcon', 'build', '--symlink-install']
[0.842s] DEBUG:colcon:Parsed command line arguments: Namespace(allow_overriding=[], ament_cmake_args=None, base_paths=['.'], build_base='build', catkin_cmake_args=None, catkin_skip_building_tests=False, cmake_args=None, cmake_clean_cache=False, cmake_clean_first=False, cmake_force_configure=False, cmake_target=None, cmake_target_skip_unavailable=False, continue_on_error=False, event_handlers=None, executor='parallel', ignore_user_meta=False, install_base='install', log_base=None, log_level=None, main=<bound method BuildVerb.main of <colcon_core.verb.build.BuildVerb object at 0x774e9674a790>>, merge_install=False, metas=['./colcon.meta'], packages_above=None, packages_above_and_dependencies=None, packages_above_depth=None, packages_end=None, packages_ignore=None, packages_ignore_regex=None, packages_select=None, packages_select_build_failed=False, packages_select_by_dep=None, packages_select_regex=None, packages_select_test_failures=False, packages_skip=None, packages_skip_build_finished=False, packages_skip_by_dep=None, packages_skip_regex=None, packages_skip_test_passed=False, packages_skip_up_to=None, packages_start=None, packages_up_to=None, packages_up_to_regex=None, parallel_workers=32, paths=None, symlink_install=True, test_result_base=None, verb_extension=<colcon_core.verb.build.BuildVerb object at 0x774e9674a790>, verb_name='build', verb_parser=<colcon_defaults.argument_parser.defaults.DefaultArgumentsDecorator object at 0x774e9674af70>)
[1.177s] Level 1:colcon.colcon_core.package_discovery:discover_packages(colcon_meta) check parameters
[1.177s] Level 1:colcon.colcon_core.package_discovery:discover_packages(recursive) check parameters
[1.177s] Level 1:colcon.colcon_core.package_discovery:discover_packages(ignore) check parameters
[1.177s] Level 1:colcon.colcon_core.package_discovery:discover_packages(path) check parameters
[1.177s] Level 1:colcon.colcon_core.package_discovery:discover_packages(colcon_meta) discover
[1.177s] Level 1:colcon.colcon_core.package_discovery:discover_packages(recursive) discover
[1.177s] INFO:colcon.colcon_core.package_discovery:Crawling recursively for packages in '/home/armaanm/eufs_dev/eufs_data'
[1.177s] Level 1:colcon.colcon_core.package_identification:_identify(.) by extensions ['ignore', 'ignore_ament_install']
[1.178s] Level 1:colcon.colcon_core.package_identification:_identify(.) by extension 'ignore'
[1.178s] Level 1:colcon.colcon_core.package_identification:_identify(.) by extension 'ignore_ament_install'
[1.178s] Level 1:colcon.colcon_core.package_identification:_identify(.) by extensions ['colcon_pkg']
[1.178s] Level 1:colcon.colcon_core.package_identification:_identify(.) by extension 'colcon_pkg'
[1.178s] Level 1:colcon.colcon_core.package_identification:_identify(.) by extensions ['colcon_meta']
[1.178s] Level 1:colcon.colcon_core.package_identification:_identify(.) by extension 'colcon_meta'
[1.178s] Level 1:colcon.colcon_core.package_identification:_identify(.) by extensions ['ros']
[1.178s] Level 1:colcon.colcon_core.package_identification:_identify(.) by extension 'ros'
[1.204s] Level 1:colcon.colcon_core.package_identification:_identify(.) by extensions ['cmake', 'python']
[1.205s] Level 1:colcon.colcon_core.package_identification:_identify(.) by extension 'cmake'
[1.205s] Level 1:colcon.colcon_core.package_identification:_identify(.) by extension 'python'
[1.205s] Level 1:colcon.colcon_core.package_identification:_identify(.) by extensions ['python_setup_py']
[1.205s] Level 1:colcon.colcon_core.package_identification:_identify(.) by extension 'python_setup_py'
[1.205s] Level 1:colcon.colcon_core.package_identification:_identify(build) by extensions ['ignore', 'ignore_ament_install']
[1.205s] Level 1:colcon.colcon_core.package_identification:_identify(build) by extension 'ignore'
[1.205s] Level 1:colcon.colcon_core.package_identification:_identify(build) ignored
[1.206s] Level 1:colcon.colcon_core.package_identification:_identify(install) by extensions ['ignore', 'ignore_ament_install']
[1.206s] Level 1:colcon.colcon_core.package_identification:_identify(install) by extension 'ignore'
[1.206s] Level 1:colcon.colcon_core.package_identification:_identify(install) ignored
[1.206s] Level 1:colcon.colcon_core.package_identification:_identify(log) by extensions ['ignore', 'ignore_ament_install']
[1.206s] Level 1:colcon.colcon_core.package_identification:_identify(log) by extension 'ignore'
[1.206s] Level 1:colcon.colcon_core.package_identification:_identify(log) ignored
[1.207s] Level 1:colcon.colcon_core.package_identification:_identify(logs) by extensions ['ignore', 'ignore_ament_install']
[1.207s] Level 1:colcon.colcon_core.package_identification:_identify(logs) by extension 'ignore'
[1.207s] Level 1:colcon.colcon_core.package_identification:_identify(logs) by extension 'ignore_ament_install'
[1.207s] Level 1:colcon.colcon_core.package_identification:_identify(logs) by extensions ['colcon_pkg']
[1.207s] Level 1:colcon.colcon_core.package_identification:_identify(logs) by extension 'colcon_pkg'
[1.207s] Level 1:colcon.colcon_core.package_identification:_identify(logs) by extensions ['colcon_meta']
[1.207s] Level 1:colcon.colcon_core.package_identification:_identify(logs) by extension 'colcon_meta'
[1.207s] Level 1:colcon.colcon_core.package_identification:_identify(logs) by extensions ['ros']
[1.207s] Level 1:colcon.colcon_core.package_identification:_identify(logs) by extension 'ros'
[1.207s] Level 1:colcon.colcon_core.package_identification:_identify(logs) by extensions ['cmake', 'python']
[1.207s] Level 1:colcon.colcon_core.package_identification:_identify(logs) by extension 'cmake'
[1.207s] Level 1:colcon.colcon_core.package_identification:_identify(logs) by extension 'python'
[1.208s] Level 1:colcon.colcon_core.package_identification:_identify(logs) by extensions ['python_setup_py']
[1.208s] Level 1:colcon.colcon_core.package_identification:_identify(logs) by extension 'python_setup_py'
[1.208s] Level 1:colcon.colcon_core.package_identification:_identify(src) by extensions ['ignore', 'ignore_ament_install']
[1.208s] Level 1:colcon.colcon_core.package_identification:_identify(src) by extension 'ignore'
[1.208s] Level 1:colcon.colcon_core.package_identification:_identify(src) by extension 'ignore_ament_install'
[1.208s] Level 1:colcon.colcon_core.package_identification:_identify(src) by extensions ['colcon_pkg']
[1.208s] Level 1:colcon.colcon_core.package_identification:_identify(src) by extension 'colcon_pkg'
[1.208s] Level 1:colcon.colcon_core.package_identification:_identify(src) by extensions ['colcon_meta']
[1.208s] Level 1:colcon.colcon_core.package_identification:_identify(src) by extension 'colcon_meta'
[1.208s] Level 1:colcon.colcon_core.package_identification:_identify(src) by extensions ['ros']
[1.209s] Level 1:colcon.colcon_core.package_identification:_identify(src) by extension 'ros'
[1.209s] Level 1:colcon.colcon_core.package_identification:_identify(src) by extensions ['cmake', 'python']
[1.209s] Level 1:colcon.colcon_core.package_identification:_identify(src) by extension 'cmake'
[1.209s] Level 1:colcon.colcon_core.package_identification:_identify(src) by extension 'python'
[1.209s] Level 1:colcon.colcon_core.package_identification:_identify(src) by extensions ['python_setup_py']
[1.209s] Level 1:colcon.colcon_core.package_identification:_identify(src) by extension 'python_setup_py'
[1.209s] Level 1:colcon.colcon_core.package_identification:_identify(src/cam_tap) by extensions ['ignore', 'ignore_ament_install']
[1.209s] Level 1:colcon.colcon_core.package_identification:_identify(src/cam_tap) by extension 'ignore'
[1.209s] Level 1:colcon.colcon_core.package_identification:_identify(src/cam_tap) by extension 'ignore_ament_install'
[1.209s] Level 1:colcon.colcon_core.package_identification:_identify(src/cam_tap) by extensions ['colcon_pkg']
[1.209s] Level 1:colcon.colcon_core.package_identification:_identify(src/cam_tap) by extension 'colcon_pkg'
[1.210s] Level 1:colcon.colcon_core.package_identification:_identify(src/cam_tap) by extensions ['colcon_meta']
[1.210s] Level 1:colcon.colcon_core.package_identification:_identify(src/cam_tap) by extension 'colcon_meta'
[1.210s] Level 1:colcon.colcon_core.package_identification:_identify(src/cam_tap) by extensions ['ros']
[1.210s] Level 1:colcon.colcon_core.package_identification:_identify(src/cam_tap) by extension 'ros'
[1.215s] DEBUG:colcon.colcon_core.package_identification:Package 'src/cam_tap' with type 'ros.ament_python' and name 'cam_tap'
[1.216s] Level 1:colcon.colcon_core.package_identification:_identify(src/ctrl_tap) by extensions ['ignore', 'ignore_ament_install']
[1.216s] Level 1:colcon.colcon_core.package_identification:_identify(src/ctrl_tap) by extension 'ignore'
[1.216s] Level 1:colcon.colcon_core.package_identification:_identify(src/ctrl_tap) by extension 'ignore_ament_install'
[1.217s] Level 1:colcon.colcon_core.package_identification:_identify(src/ctrl_tap) by extensions ['colcon_pkg']
[1.217s] Level 1:colcon.colcon_core.package_identification:_identify(src/ctrl_tap) by extension 'colcon_pkg'
[1.217s] Level 1:colcon.colcon_core.package_identification:_identify(src/ctrl_tap) by extensions ['colcon_meta']
[1.217s] Level 1:colcon.colcon_core.package_identification:_identify(src/ctrl_tap) by extension 'colcon_meta'
[1.217s] Level 1:colcon.colcon_core.package_identification:_identify(src/ctrl_tap) by extensions ['ros']
[1.217s] Level 1:colcon.colcon_core.package_identification:_identify(src/ctrl_tap) by extension 'ros'
[1.218s] DEBUG:colcon.colcon_core.package_identification:Package 'src/ctrl_tap' with type 'ros.ament_python' and name 'ctrl_tap'
[1.219s] Level 1:colcon.colcon_core.package_identification:_identify(src/gt_tap) by extensions ['ignore', 'ignore_ament_install']
[1.219s] Level 1:colcon.colcon_core.package_identification:_identify(src/gt_tap) by extension 'ignore'
[1.219s] Level 1:colcon.colcon_core.package_identification:_identify(src/gt_tap) by extension 'ignore_ament_install'
[1.219s] Level 1:colcon.colcon_core.package_identification:_identify(src/gt_tap) by extensions ['colcon_pkg']
[1.219s] Level 1:colcon.colcon_core.package_identification:_identify(src/gt_tap) by extension 'colcon_pkg'
[1.219s] Level 1:colcon.colcon_core.package_identification:_identify(src/gt_tap) by extensions ['colcon_meta']
[1.219s] Level 1:colcon.colcon_core.package_identification:_identify(src/gt_tap) by extension 'colcon_meta'
[1.219s] Level 1:colcon.colcon_core.package_identification:_identify(src/gt_tap) by extensions ['ros']
[1.219s] Level 1:colcon.colcon_core.package_identification:_identify(src/gt_tap) by extension 'ros'
[1.220s] DEBUG:colcon.colcon_core.package_identification:Package 'src/gt_tap' with type 'ros.ament_python' and name 'gt_tap'
[1.221s] Level 1:colcon.colcon_core.package_identification:_identify(src/lidar_tap) by extensions ['ignore', 'ignore_ament_install']
[1.221s] Level 1:colcon.colcon_core.package_identification:_identify(src/lidar_tap) by extension 'ignore'
[1.221s] Level 1:colcon.colcon_core.package_identification:_identify(src/lidar_tap) by extension 'ignore_ament_install'
[1.221s] Level 1:colcon.colcon_core.package_identification:_identify(src/lidar_tap) by extensions ['colcon_pkg']
[1.221s] Level 1:colcon.colcon_core.package_identification:_identify(src/lidar_tap) by extension 'colcon_pkg'
[1.221s] Level 1:colcon.colcon_core.package_identification:_identify(src/lidar_tap) by extensions ['colcon_meta']
[1.221s] Level 1:colcon.colcon_core.package_identification:_identify(src/lidar_tap) by extension 'colcon_meta'
[1.221s] Level 1:colcon.colcon_core.package_identification:_identify(src/lidar_tap) by extensions ['ros']
[1.221s] Level 1:colcon.colcon_core.package_identification:_identify(src/lidar_tap) by extension 'ros'
[1.222s] DEBUG:colcon.colcon_core.package_identification:Package 'src/lidar_tap' with type 'ros.ament_python' and name 'lidar_tap'
[1.222s] Level 1:colcon.colcon_core.package_discovery:discover_packages(recursive) using defaults
[1.222s] Level 1:colcon.colcon_core.package_discovery:discover_packages(ignore) discover
[1.222s] Level 1:colcon.colcon_core.package_discovery:discover_packages(ignore) using defaults
[1.222s] Level 1:colcon.colcon_core.package_discovery:discover_packages(path) discover
[1.223s] Level 1:colcon.colcon_core.package_discovery:discover_packages(path) using defaults
[1.276s] Level 1:colcon.colcon_core.package_discovery:discover_packages(prefix_path) check parameters
[1.276s] Level 1:colcon.colcon_core.package_discovery:discover_packages(prefix_path) discover
[1.284s] DEBUG:colcon.colcon_installed_package_information.package_discovery:Found 4 installed packages in /home/armaanm/eufs_dev/eufs_data/install
[1.285s] DEBUG:colcon.colcon_installed_package_information.package_discovery:Found 9 installed packages in /home/armaanm/eufs/install
[1.288s] DEBUG:colcon.colcon_installed_package_information.package_discovery:Found 280 installed packages in /opt/ros/galactic
[1.304s] Level 1:colcon.colcon_core.package_discovery:discover_packages(prefix_path) using defaults
[1.483s] Level 5:colcon.colcon_core.verb:set package 'cam_tap' build argument 'cmake_args' from command line to 'None'
[1.483s] Level 5:colcon.colcon_core.verb:set package 'cam_tap' build argument 'cmake_target' from command line to 'None'
[1.483s] Level 5:colcon.colcon_core.verb:set package 'cam_tap' build argument 'cmake_target_skip_unavailable' from command line to 'False'
[1.483s] Level 5:colcon.colcon_core.verb:set package 'cam_tap' build argument 'cmake_clean_cache' from command line to 'False'
[1.483s] Level 5:colcon.colcon_core.verb:set package 'cam_tap' build argument 'cmake_clean_first' from command line to 'False'
[1.483s] Level 5:colcon.colcon_core.verb:set package 'cam_tap' build argument 'cmake_force_configure' from command line to 'False'
[1.483s] Level 5:colcon.colcon_core.verb:set package 'cam_tap' build argument 'ament_cmake_args' from command line to 'None'
[1.483s] Level 5:colcon.colcon_core.verb:set package 'cam_tap' build argument 'catkin_cmake_args' from command line to 'None'
[1.484s] Level 5:colcon.colcon_core.verb:set package 'cam_tap' build argument 'catkin_skip_building_tests' from command line to 'False'
[1.484s] DEBUG:colcon.colcon_core.verb:Building package 'cam_tap' with the following arguments: {'ament_cmake_args': None, 'build_base': '/home/armaanm/eufs_dev/eufs_data/build/cam_tap', 'catkin_cmake_args': None, 'catkin_skip_building_tests': False, 'cmake_args': None, 'cmake_clean_cache': False, 'cmake_clean_first': False, 'cmake_force_configure': False, 'cmake_target': None, 'cmake_target_skip_unavailable': False, 'install_base': '/home/armaanm/eufs_dev/eufs_data/install/cam_tap', 'merge_install': False, 'path': '/home/armaanm/eufs_dev/eufs_data/src/cam_tap', 'symlink_install': True, 'test_result_base': None}
[1.485s] Level 5:colcon.colcon_core.verb:set package 'ctrl_tap' build argument 'cmake_args' from command line to 'None'
[1.485s] Level 5:colcon.colcon_core.verb:set package 'ctrl_tap' build argument 'cmake_target' from command line to 'None'
[1.485s] Level 5:colcon.colcon_core.verb:set package 'ctrl_tap' build argument 'cmake_target_skip_unavailable' from command line to 'False'
[1.485s] Level 5:colcon.colcon_core.verb:set package 'ctrl_tap' build argument 'cmake_clean_cache' from command line to 'False'
[1.485s] Level 5:colcon.colcon_core.verb:set package 'ctrl_tap' build argument 'cmake_clean_first' from command line to 'False'
[1.485s] Level 5:colcon.colcon_core.verb:set package 'ctrl_tap' build argument 'cmake_force_configure' from command line to 'False'
[1.485s] Level 5:colcon.colcon_core.verb:set package 'ctrl_tap' build argument 'ament_cmake_args' from command line to 'None'
[1.485s] Level 5:colcon.colcon_core.verb:set package 'ctrl_tap' build argument 'catkin_cmake_args' from command line to 'None'
[1.485s] Level 5:colcon.colcon_core.verb:set package 'ctrl_tap' build argument 'catkin_skip_building_tests' from command line to 'False'
[1.485s] DEBUG:colcon.colcon_core.verb:Building package 'ctrl_tap' with the following arguments: {'ament_cmake_args': None, 'build_base': '/home/armaanm/eufs_dev/eufs_data/build/ctrl_tap', 'catkin_cmake_args': None, 'catkin_skip_building_tests': False, 'cmake_args': None, 'cmake_clean_cache': False, 'cmake_clean_first': False, 'cmake_force_configure': False, 'cmake_target': None, 'cmake_target_skip_unavailable': False, 'install_base': '/home/armaanm/eufs_dev/eufs_data/install/ctrl_tap', 'merge_install': False, 'path': '/home/armaanm/eufs_dev/eufs_data/src/ctrl_tap', 'symlink_install': True, 'test_result_base': None}
[1.486s] Level 5:colcon.colcon_core.verb:set package 'gt_tap' build argument 'cmake_args' from command line to 'None'
[1.486s] Level 5:colcon.colcon_core.verb:set package 'gt_tap' build argument 'cmake_target' from command line to 'None'
[1.486s] Level 5:colcon.colcon_core.verb:set package 'gt_tap' build argument 'cmake_target_skip_unavailable' from command line to 'False'
[1.486s] Level 5:colcon.colcon_core.verb:set package 'gt_tap' build argument 'cmake_clean_cache' from command line to 'False'
[1.486s] Level 5:colcon.colcon_core.verb:set package 'gt_tap' build argument 'cmake_clean_first' from command line to 'False'
[1.486s] Level 5:colcon.colcon_core.verb:set package 'gt_tap' build argument 'cmake_force_configure' from command line to 'False'
[1.486s] Level 5:colcon.colcon_core.verb:set package 'gt_tap' build argument 'ament_cmake_args' from command line to 'None'
[1.486s] Level 5:colcon.colcon_core.verb:set package 'gt_tap' build argument 'catkin_cmake_args' from command line to 'None'
[1.486s] Level 5:colcon.colcon_core.verb:set package 'gt_tap' build argument 'catkin_skip_building_tests' from command line to 'False'
[1.486s] DEBUG:colcon.colcon_core.verb:Building package 'gt_tap' with the following arguments: {'ament_cmake_args': None, 'build_base': '/home/armaanm/eufs_dev/eufs_data/build/gt_tap', 'catkin_cmake_args': None, 'catkin_skip_building_tests': False, 'cmake_args': None, 'cmake_clean_cache': False, 'cmake_clean_first': False, 'cmake_force_configure': False, 'cmake_target': None, 'cmake_target_skip_unavailable': False, 'install_base': '/home/armaanm/eufs_dev/eufs_data/install/gt_tap', 'merge_install': False, 'path': '/home/armaanm/eufs_dev/eufs_data/src/gt_tap', 'symlink_install': True, 'test_result_base': None}
[1.487s] Level 5:colcon.colcon_core.verb:set package 'lidar_tap' build argument 'cmake_args' from command line to 'None'
[1.487s] Level 5:colcon.colcon_core.verb:set package 'lidar_tap' build argument 'cmake_target' from command line to 'None'
[1.487s] Level 5:colcon.colcon_core.verb:set package 'lidar_tap' build argument 'cmake_target_skip_unavailable' from command line to 'False'
[1.487s] Level 5:colcon.colcon_core.verb:set package 'lidar_tap' build argument 'cmake_clean_cache' from command line to 'False'
[1.487s] Level 5:colcon.colcon_core.verb:set package 'lidar_tap' build argument 'cmake_clean_first' from command line to 'False'
[1.487s] Level 5:colcon.colcon_core.verb:set package 'lidar_tap' build argument 'cmake_force_configure' from command line to 'False'
[1.487s] Level 5:colcon.colcon_core.verb:set package 'lidar_tap' build argument 'ament_cmake_args' from command line to 'None'
[1.487s] Level 5:colcon.colcon_core.verb:set package 'lidar_tap' build argument 'catkin_cmake_args' from command line to 'None'
[1.487s] Level 5:colcon.colcon_core.verb:set package 'lidar_tap' build argument 'catkin_skip_building_tests' from command line to 'False'
[1.487s] DEBUG:colcon.colcon_core.verb:Building package 'lidar_tap' with the following arguments: {'ament_cmake_args': None, 'build_base': '/home/armaanm/eufs_dev/eufs_data/build/lidar_tap', 'catkin_cmake_args': None, 'catkin_skip_building_tests': False, 'cmake_args': None, 'cmake_clean_cache': False, 'cmake_clean_first': False, 'cmake_force_configure': False, 'cmake_target': None, 'cmake_target_skip_unavailable': False, 'install_base': '/home/armaanm/eufs_dev/eufs_data/install/lidar_tap', 'merge_install': False, 'path': '/home/armaanm/eufs_dev/eufs_data/src/lidar_tap', 'symlink_install': True, 'test_result_base': None}
[1.488s] INFO:colcon.colcon_core.executor:Executing jobs using 'parallel' executor
[1.490s] DEBUG:colcon.colcon_parallel_executor.executor.parallel:run_until_complete
[1.492s] INFO:colcon.colcon_ros.task.ament_python.build:Building ROS package in '/home/armaanm/eufs_dev/eufs_data/src/cam_tap' with build type 'ament_python'
[1.492s] Level 1:colcon.colcon_core.shell:create_environment_hook('cam_tap', 'ament_prefix_path')
[1.506s] INFO:colcon.colcon_core.plugin_system:Skipping extension 'colcon_core.shell.bat': Not used on non-Windows systems
[1.506s] INFO:colcon.colcon_core.shell:Creating environment hook '/home/armaanm/eufs_dev/eufs_data/install/cam_tap/share/cam_tap/hook/ament_prefix_path.ps1'
[1.510s] INFO:colcon.colcon_core.shell:Creating environment descriptor '/home/armaanm/eufs_dev/eufs_data/install/cam_tap/share/cam_tap/hook/ament_prefix_path.dsv'
[1.511s] INFO:colcon.colcon_core.shell:Creating environment hook '/home/armaanm/eufs_dev/eufs_data/install/cam_tap/share/cam_tap/hook/ament_prefix_path.sh'
[1.513s] INFO:colcon.colcon_core.shell:Skip shell extension 'powershell' for command environment: Not usable outside of PowerShell
[1.513s] DEBUG:colcon.colcon_core.shell:Skip shell extension 'dsv' for command environment
[1.530s] INFO:colcon.colcon_ros.task.ament_python.build:Building ROS package in '/home/armaanm/eufs_dev/eufs_data/src/ctrl_tap' with build type 'ament_python'
[1.531s] Level 1:colcon.colcon_core.shell:create_environment_hook('ctrl_tap', 'ament_prefix_path')
[1.532s] INFO:colcon.colcon_core.shell:Creating environment hook '/home/armaanm/eufs_dev/eufs_data/install/ctrl_tap/share/ctrl_tap/hook/ament_prefix_path.ps1'
[1.534s] INFO:colcon.colcon_core.shell:Creating environment descriptor '/home/armaanm/eufs_dev/eufs_data/install/ctrl_tap/share/ctrl_tap/hook/ament_prefix_path.dsv'
[1.535s] INFO:colcon.colcon_core.shell:Creating environment hook '/home/armaanm/eufs_dev/eufs_data/install/ctrl_tap/share/ctrl_tap/hook/ament_prefix_path.sh'
[1.537s] INFO:colcon.colcon_core.shell:Skip shell extension 'powershell' for command environment: Not usable outside of PowerShell
[1.537s] DEBUG:colcon.colcon_core.shell:Skip shell extension 'dsv' for command environment
[1.549s] INFO:colcon.colcon_ros.task.ament_python.build:Building ROS package in '/home/armaanm/eufs_dev/eufs_data/src/gt_tap' with build type 'ament_python'
[1.550s] Level 1:colcon.colcon_core.shell:create_environment_hook('gt_tap', 'ament_prefix_path')
[1.552s] INFO:colcon.colcon_core.shell:Creating environment hook '/home/armaanm/eufs_dev/eufs_data/install/gt_tap/share/gt_tap/hook/ament_prefix_path.ps1'
[1.555s] INFO:colcon.colcon_core.shell:Creating environment descriptor '/home/armaanm/eufs_dev/eufs_data/install/gt_tap/share/gt_tap/hook/ament_prefix_path.dsv'
[1.557s] INFO:colcon.colcon_core.shell:Creating environment hook '/home/armaanm/eufs_dev/eufs_data/install/gt_tap/share/gt_tap/hook/ament_prefix_path.sh'
[1.559s] INFO:colcon.colcon_core.shell:Skip shell extension 'powershell' for command environment: Not usable outside of PowerShell
[1.559s] DEBUG:colcon.colcon_core.shell:Skip shell extension 'dsv' for command environment
[1.571s] INFO:colcon.colcon_ros.task.ament_python.build:Building ROS package in '/home/armaanm/eufs_dev/eufs_data/src/lidar_tap' with build type 'ament_python'
[1.572s] Level 1:colcon.colcon_core.shell:create_environment_hook('lidar_tap', 'ament_prefix_path')
[1.573s] INFO:colcon.colcon_core.shell:Creating environment hook '/home/armaanm/eufs_dev/eufs_data/install/lidar_tap/share/lidar_tap/hook/ament_prefix_path.ps1'
[1.575s] INFO:colcon.colcon_core.shell:Creating environment descriptor '/home/armaanm/eufs_dev/eufs_data/install/lidar_tap/share/lidar_tap/hook/ament_prefix_path.dsv'
[1.576s] INFO:colcon.colcon_core.shell:Creating environment hook '/home/armaanm/eufs_dev/eufs_data/install/lidar_tap/share/lidar_tap/hook/ament_prefix_path.sh'
[1.578s] INFO:colcon.colcon_core.shell:Skip shell extension 'powershell' for command environment: Not usable outside of PowerShell
[1.578s] DEBUG:colcon.colcon_core.shell:Skip shell extension 'dsv' for command environment
[2.078s] INFO:colcon.colcon_core.task.python.build:Building Python package in '/home/armaanm/eufs_dev/eufs_data/src/cam_tap'
[2.079s] INFO:colcon.colcon_core.shell:Skip shell extension 'powershell' for command environment: Not usable outside of PowerShell
[2.079s] DEBUG:colcon.colcon_core.shell:Skip shell extension 'dsv' for command environment
[2.532s] INFO:colcon.colcon_core.task.python.build:Building Python package in '/home/armaanm/eufs_dev/eufs_data/src/ctrl_tap'
[2.533s] INFO:colcon.colcon_core.shell:Skip shell extension 'powershell' for command environment: Not usable outside of PowerShell
[2.533s] DEBUG:colcon.colcon_core.shell:Skip shell extension 'dsv' for command environment
[3.000s] INFO:colcon.colcon_core.task.python.build:Building Python package in '/home/armaanm/eufs_dev/eufs_data/src/gt_tap'
[3.001s] INFO:colcon.colcon_core.shell:Skip shell extension 'powershell' for command environment: Not usable outside of PowerShell
[3.001s] DEBUG:colcon.colcon_core.shell:Skip shell extension 'dsv' for command environment
[3.499s] INFO:colcon.colcon_core.task.python.build:Building Python package in '/home/armaanm/eufs_dev/eufs_data/src/lidar_tap'
[3.500s] INFO:colcon.colcon_core.shell:Skip shell extension 'powershell' for command environment: Not usable outside of PowerShell
[3.500s] DEBUG:colcon.colcon_core.shell:Skip shell extension 'dsv' for command environment
[4.620s] DEBUG:colcon.colcon_core.event_handler.log_command:Invoking command in '/home/armaanm/eufs_dev/eufs_data/build/ctrl_tap': PYTHONPATH=/home/armaanm/eufs_dev/eufs_data/build/ctrl_tap/prefix_override:/usr/lib/python3/dist-packages/colcon_core/task/python/colcon_distutils_commands:/home/armaanm/eufs_dev/eufs_data/install/ctrl_tap/lib/python3.8/site-packages:${PYTHONPATH} /usr/bin/python3 -W ignore:setup.py install is deprecated -W ignore:easy_install command is deprecated setup.py develop --editable --build-directory /home/armaanm/eufs_dev/eufs_data/build/ctrl_tap/build --no-deps symlink_data
[4.638s] DEBUG:colcon.colcon_core.event_handler.log_command:Invoking command in '/home/armaanm/eufs_dev/eufs_data/build/lidar_tap': PYTHONPATH=/home/armaanm/eufs_dev/eufs_data/build/lidar_tap/prefix_override:/usr/lib/python3/dist-packages/colcon_core/task/python/colcon_distutils_commands:/home/armaanm/eufs_dev/eufs_data/install/lidar_tap/lib/python3.8/site-packages:${PYTHONPATH} /usr/bin/python3 -W ignore:setup.py install is deprecated -W ignore:easy_install command is deprecated setup.py develop --editable --build-directory /home/armaanm/eufs_dev/eufs_data/build/lidar_tap/build --no-deps symlink_data
[4.650s] DEBUG:colcon.colcon_core.event_handler.log_command:Invoking command in '/home/armaanm/eufs_dev/eufs_data/build/gt_tap': PYTHONPATH=/home/armaanm/eufs_dev/eufs_data/build/gt_tap/prefix_override:/usr/lib/python3/dist-packages/colcon_core/task/python/colcon_distutils_commands:/home/armaanm/eufs_dev/eufs_data/install/gt_tap/lib/python3.8/site-packages:${PYTHONPATH} /usr/bin/python3 -W ignore:setup.py install is deprecated -W ignore:easy_install command is deprecated setup.py develop --editable --build-directory /home/armaanm/eufs_dev/eufs_data/build/gt_tap/build --no-deps symlink_data
[4.656s] DEBUG:colcon.colcon_core.event_handler.log_command:Invoking command in '/home/armaanm/eufs_dev/eufs_data/build/cam_tap': PYTHONPATH=/home/armaanm/eufs_dev/eufs_data/build/cam_tap/prefix_override:/usr/lib/python3/dist-packages/colcon_core/task/python/colcon_distutils_commands:/home/armaanm/eufs_dev/eufs_data/install/cam_tap/lib/python3.8/site-packages:${PYTHONPATH} /usr/bin/python3 -W ignore:setup.py install is deprecated -W ignore:easy_install command is deprecated setup.py develop --editable --build-directory /home/armaanm/eufs_dev/eufs_data/build/cam_tap/build --no-deps symlink_data
[5.654s] Level 1:colcon.colcon_core.shell:create_environment_hook('gt_tap', 'pythonpath_develop')
[5.655s] INFO:colcon.colcon_core.shell:Creating environment hook '/home/armaanm/eufs_dev/eufs_data/build/gt_tap/share/gt_tap/hook/pythonpath_develop.ps1'
[5.657s] DEBUG:colcon.colcon_core.event_handler.log_command:Invoked command in '/home/armaanm/eufs_dev/eufs_data/build/gt_tap' returned '0': PYTHONPATH=/home/armaanm/eufs_dev/eufs_data/build/gt_tap/prefix_override:/usr/lib/python3/dist-packages/colcon_core/task/python/colcon_distutils_commands:/home/armaanm/eufs_dev/eufs_data/install/gt_tap/lib/python3.8/site-packages:${PYTHONPATH} /usr/bin/python3 -W ignore:setup.py install is deprecated -W ignore:easy_install command is deprecated setup.py develop --editable --build-directory /home/armaanm/eufs_dev/eufs_data/build/gt_tap/build --no-deps symlink_data
[5.660s] INFO:colcon.colcon_core.shell:Creating environment descriptor '/home/armaanm/eufs_dev/eufs_data/build/gt_tap/share/gt_tap/hook/pythonpath_develop.dsv'
[5.661s] INFO:colcon.colcon_core.shell:Creating environment hook '/home/armaanm/eufs_dev/eufs_data/build/gt_tap/share/gt_tap/hook/pythonpath_develop.sh'
[5.682s] Level 1:colcon.colcon_core.environment:checking '/home/armaanm/eufs_dev/eufs_data/install/gt_tap' for CMake module files
[5.684s] Level 1:colcon.colcon_core.environment:checking '/home/armaanm/eufs_dev/eufs_data/install/gt_tap' for CMake config files
[5.686s] Level 1:colcon.colcon_core.environment:checking '/home/armaanm/eufs_dev/eufs_data/install/gt_tap/lib'
[5.686s] Level 1:colcon.colcon_core.environment:checking '/home/armaanm/eufs_dev/eufs_data/install/gt_tap/bin'
[5.686s] Level 1:colcon.colcon_core.environment:checking '/home/armaanm/eufs_dev/eufs_data/install/gt_tap/lib/pkgconfig/gt_tap.pc'
[5.687s] Level 1:colcon.colcon_core.environment:checking '/home/armaanm/eufs_dev/eufs_data/install/gt_tap/lib/python3.8/site-packages'
[5.687s] Level 1:colcon.colcon_core.shell:create_environment_hook('gt_tap', 'pythonpath')
[5.687s] INFO:colcon.colcon_core.shell:Creating environment hook '/home/armaanm/eufs_dev/eufs_data/install/gt_tap/share/gt_tap/hook/pythonpath.ps1'
[5.689s] INFO:colcon.colcon_core.shell:Creating environment descriptor '/home/armaanm/eufs_dev/eufs_data/install/gt_tap/share/gt_tap/hook/pythonpath.dsv'
[5.689s] INFO:colcon.colcon_core.shell:Creating environment hook '/home/armaanm/eufs_dev/eufs_data/install/gt_tap/share/gt_tap/hook/pythonpath.sh'
[5.690s] Level 1:colcon.colcon_core.environment:checking '/home/armaanm/eufs_dev/eufs_data/install/gt_tap/bin'
[5.691s] Level 1:colcon.colcon_core.environment:create_environment_scripts_only(gt_tap)
[5.691s] INFO:colcon.colcon_core.shell:Creating package script '/home/armaanm/eufs_dev/eufs_data/install/gt_tap/share/gt_tap/package.ps1'
[5.694s] INFO:colcon.colcon_core.shell:Creating package descriptor '/home/armaanm/eufs_dev/eufs_data/install/gt_tap/share/gt_tap/package.dsv'
[5.696s] INFO:colcon.colcon_core.shell:Creating package script '/home/armaanm/eufs_dev/eufs_data/install/gt_tap/share/gt_tap/package.sh'
[5.698s] INFO:colcon.colcon_core.shell:Creating package script '/home/armaanm/eufs_dev/eufs_data/install/gt_tap/share/gt_tap/package.bash'
[5.702s] INFO:colcon.colcon_core.shell:Creating package script '/home/armaanm/eufs_dev/eufs_data/install/gt_tap/share/gt_tap/package.zsh'
[5.706s] Level 1:colcon.colcon_core.environment:create_file_with_runtime_dependencies(/home/armaanm/eufs_dev/eufs_data/install/gt_tap/share/colcon-core/packages/gt_tap)
[5.712s] Level 1:colcon.colcon_core.shell:create_environment_hook('lidar_tap', 'pythonpath_develop')
[5.713s] INFO:colcon.colcon_core.shell:Creating environment hook '/home/armaanm/eufs_dev/eufs_data/build/lidar_tap/share/lidar_tap/hook/pythonpath_develop.ps1'
[5.715s] DEBUG:colcon.colcon_core.event_handler.log_command:Invoked command in '/home/armaanm/eufs_dev/eufs_data/build/lidar_tap' returned '0': PYTHONPATH=/home/armaanm/eufs_dev/eufs_data/build/lidar_tap/prefix_override:/usr/lib/python3/dist-packages/colcon_core/task/python/colcon_distutils_commands:/home/armaanm/eufs_dev/eufs_data/install/lidar_tap/lib/python3.8/site-packages:${PYTHONPATH} /usr/bin/python3 -W ignore:setup.py install is deprecated -W ignore:easy_install command is deprecated setup.py develop --editable --build-directory /home/armaanm/eufs_dev/eufs_data/build/lidar_tap/build --no-deps symlink_data
[5.716s] INFO:colcon.colcon_core.shell:Creating environment descriptor '/home/armaanm/eufs_dev/eufs_data/build/lidar_tap/share/lidar_tap/hook/pythonpath_develop.dsv'
[5.717s] INFO:colcon.colcon_core.shell:Creating environment hook '/home/armaanm/eufs_dev/eufs_data/build/lidar_tap/share/lidar_tap/hook/pythonpath_develop.sh'
[5.718s] Level 1:colcon.colcon_core.environment:checking '/home/armaanm/eufs_dev/eufs_data/install/lidar_tap' for CMake module files
[5.719s] Level 1:colcon.colcon_core.environment:checking '/home/armaanm/eufs_dev/eufs_data/install/lidar_tap' for CMake config files
[5.720s] Level 1:colcon.colcon_core.environment:checking '/home/armaanm/eufs_dev/eufs_data/install/lidar_tap/lib'
[5.720s] Level 1:colcon.colcon_core.environment:checking '/home/armaanm/eufs_dev/eufs_data/install/lidar_tap/bin'
[5.720s] Level 1:colcon.colcon_core.environment:checking '/home/armaanm/eufs_dev/eufs_data/install/lidar_tap/lib/pkgconfig/lidar_tap.pc'
[5.721s] Level 1:colcon.colcon_core.environment:checking '/home/armaanm/eufs_dev/eufs_data/install/lidar_tap/lib/python3.8/site-packages'
[5.721s] Level 1:colcon.colcon_core.shell:create_environment_hook('lidar_tap', 'pythonpath')
[5.722s] INFO:colcon.colcon_core.shell:Creating environment hook '/home/armaanm/eufs_dev/eufs_data/install/lidar_tap/share/lidar_tap/hook/pythonpath.ps1'
[5.723s] INFO:colcon.colcon_core.shell:Creating environment descriptor '/home/armaanm/eufs_dev/eufs_data/install/lidar_tap/share/lidar_tap/hook/pythonpath.dsv'
[5.724s] INFO:colcon.colcon_core.shell:Creating environment hook '/home/armaanm/eufs_dev/eufs_data/install/lidar_tap/share/lidar_tap/hook/pythonpath.sh'
[5.726s] Level 1:colcon.colcon_core.environment:checking '/home/armaanm/eufs_dev/eufs_data/install/lidar_tap/bin'
[5.726s] Level 1:colcon.colcon_core.environment:create_environment_scripts_only(lidar_tap)
[5.727s] INFO:colcon.colcon_core.shell:Creating package script '/home/armaanm/eufs_dev/eufs_data/install/lidar_tap/share/lidar_tap/package.ps1'
[5.730s] INFO:colcon.colcon_core.shell:Creating package descriptor '/home/armaanm/eufs_dev/eufs_data/install/lidar_tap/share/lidar_tap/package.dsv'
[5.731s] INFO:colcon.colcon_core.shell:Creating package script '/home/armaanm/eufs_dev/eufs_data/install/lidar_tap/share/lidar_tap/package.sh'
[5.732s] INFO:colcon.colcon_core.shell:Creating package script '/home/armaanm/eufs_dev/eufs_data/install/lidar_tap/share/lidar_tap/package.bash'
[5.733s] INFO:colcon.colcon_core.shell:Creating package script '/home/armaanm/eufs_dev/eufs_data/install/lidar_tap/share/lidar_tap/package.zsh'
[5.734s] Level 1:colcon.colcon_core.environment:create_file_with_runtime_dependencies(/home/armaanm/eufs_dev/eufs_data/install/lidar_tap/share/colcon-core/packages/lidar_tap)
[5.734s] Level 1:colcon.colcon_core.shell:create_environment_hook('ctrl_tap', 'pythonpath_develop')
[5.735s] INFO:colcon.colcon_core.shell:Creating environment hook '/home/armaanm/eufs_dev/eufs_data/build/ctrl_tap/share/ctrl_tap/hook/pythonpath_develop.ps1'
[5.737s] INFO:colcon.colcon_core.shell:Creating environment descriptor '/home/armaanm/eufs_dev/eufs_data/build/ctrl_tap/share/ctrl_tap/hook/pythonpath_develop.dsv'
[5.740s] DEBUG:colcon.colcon_core.event_handler.log_command:Invoked command in '/home/armaanm/eufs_dev/eufs_data/build/ctrl_tap' returned '0': PYTHONPATH=/home/armaanm/eufs_dev/eufs_data/build/ctrl_tap/prefix_override:/usr/lib/python3/dist-packages/colcon_core/task/python/colcon_distutils_commands:/home/armaanm/eufs_dev/eufs_data/install/ctrl_tap/lib/python3.8/site-packages:${PYTHONPATH} /usr/bin/python3 -W ignore:setup.py install is deprecated -W ignore:easy_install command is deprecated setup.py develop --editable --build-directory /home/armaanm/eufs_dev/eufs_data/build/ctrl_tap/build --no-deps symlink_data
[5.740s] INFO:colcon.colcon_core.shell:Creating environment hook '/home/armaanm/eufs_dev/eufs_data/build/ctrl_tap/share/ctrl_tap/hook/pythonpath_develop.sh'
[5.742s] Level 1:colcon.colcon_core.environment:checking '/home/armaanm/eufs_dev/eufs_data/install/ctrl_tap' for CMake module files
[5.742s] Level 1:colcon.colcon_core.environment:checking '/home/armaanm/eufs_dev/eufs_data/install/ctrl_tap' for CMake config files
[5.743s] Level 1:colcon.colcon_core.environment:checking '/home/armaanm/eufs_dev/eufs_data/install/ctrl_tap/lib'
[5.743s] Level 1:colcon.colcon_core.environment:checking '/home/armaanm/eufs_dev/eufs_data/install/ctrl_tap/bin'
[5.744s] Level 1:colcon.colcon_core.environment:checking '/home/armaanm/eufs_dev/eufs_data/install/ctrl_tap/lib/pkgconfig/ctrl_tap.pc'
[5.744s] Level 1:colcon.colcon_core.environment:checking '/home/armaanm/eufs_dev/eufs_data/install/ctrl_tap/lib/python3.8/site-packages'
[5.744s] Level 1:colcon.colcon_core.shell:create_environment_hook('ctrl_tap', 'pythonpath')
[5.745s] INFO:colcon.colcon_core.shell:Creating environment hook '/home/armaanm/eufs_dev/eufs_data/install/ctrl_tap/share/ctrl_tap/hook/pythonpath.ps1'
[5.745s] INFO:colcon.colcon_core.shell:Creating environment descriptor '/home/armaanm/eufs_dev/eufs_data/install/ctrl_tap/share/ctrl_tap/hook/pythonpath.dsv'
[5.746s] INFO:colcon.colcon_core.shell:Creating environment hook '/home/armaanm/eufs_dev/eufs_data/install/ctrl_tap/share/ctrl_tap/hook/pythonpath.sh'
[5.748s] Level 1:colcon.colcon_core.environment:checking '/home/armaanm/eufs_dev/eufs_data/install/ctrl_tap/bin'
[5.748s] Level 1:colcon.colcon_core.environment:create_environment_scripts_only(ctrl_tap)
[5.749s] INFO:colcon.colcon_core.shell:Creating package script '/home/armaanm/eufs_dev/eufs_data/install/ctrl_tap/share/ctrl_tap/package.ps1'
[5.750s] INFO:colcon.colcon_core.shell:Creating package descriptor '/home/armaanm/eufs_dev/eufs_data/install/ctrl_tap/share/ctrl_tap/package.dsv'
[5.751s] INFO:colcon.colcon_core.shell:Creating package script '/home/armaanm/eufs_dev/eufs_data/install/ctrl_tap/share/ctrl_tap/package.sh'
[5.752s] INFO:colcon.colcon_core.shell:Creating package script '/home/armaanm/eufs_dev/eufs_data/install/ctrl_tap/share/ctrl_tap/package.bash'
[5.753s] INFO:colcon.colcon_core.shell:Creating package script '/home/armaanm/eufs_dev/eufs_data/install/ctrl_tap/share/ctrl_tap/package.zsh'
[5.755s] Level 1:colcon.colcon_core.environment:create_file_with_runtime_dependencies(/home/armaanm/eufs_dev/eufs_data/install/ctrl_tap/share/colcon-core/packages/ctrl_tap)
[5.756s] Level 1:colcon.colcon_core.shell:create_environment_hook('cam_tap', 'pythonpath_develop')
[5.758s] INFO:colcon.colcon_core.shell:Creating environment hook '/home/armaanm/eufs_dev/eufs_data/build/cam_tap/share/cam_tap/hook/pythonpath_develop.ps1'
[5.760s] INFO:colcon.colcon_core.shell:Creating environment descriptor '/home/armaanm/eufs_dev/eufs_data/build/cam_tap/share/cam_tap/hook/pythonpath_develop.dsv'
[5.763s] DEBUG:colcon.colcon_core.event_handler.log_command:Invoked command in '/home/armaanm/eufs_dev/eufs_data/build/cam_tap' returned '0': PYTHONPATH=/home/armaanm/eufs_dev/eufs_data/build/cam_tap/prefix_override:/usr/lib/python3/dist-packages/colcon_core/task/python/colcon_distutils_commands:/home/armaanm/eufs_dev/eufs_data/install/cam_tap/lib/python3.8/site-packages:${PYTHONPATH} /usr/bin/python3 -W ignore:setup.py install is deprecated -W ignore:easy_install command is deprecated setup.py develop --editable --build-directory /home/armaanm/eufs_dev/eufs_data/build/cam_tap/build --no-deps symlink_data
[5.764s] INFO:colcon.colcon_core.shell:Creating environment hook '/home/armaanm/eufs_dev/eufs_data/build/cam_tap/share/cam_tap/hook/pythonpath_develop.sh'
[5.766s] Level 1:colcon.colcon_core.environment:checking '/home/armaanm/eufs_dev/eufs_data/install/cam_tap' for CMake module files
[5.767s] Level 1:colcon.colcon_core.environment:checking '/home/armaanm/eufs_dev/eufs_data/install/cam_tap' for CMake config files
[5.768s] Level 1:colcon.colcon_core.environment:checking '/home/armaanm/eufs_dev/eufs_data/install/cam_tap/lib'
[5.768s] Level 1:colcon.colcon_core.environment:checking '/home/armaanm/eufs_dev/eufs_data/install/cam_tap/bin'
[5.768s] Level 1:colcon.colcon_core.environment:checking '/home/armaanm/eufs_dev/eufs_data/install/cam_tap/lib/pkgconfig/cam_tap.pc'
[5.768s] Level 1:colcon.colcon_core.environment:checking '/home/armaanm/eufs_dev/eufs_data/install/cam_tap/lib/python3.8/site-packages'
[5.769s] Level 1:colcon.colcon_core.shell:create_environment_hook('cam_tap', 'pythonpath')
[5.769s] INFO:colcon.colcon_core.shell:Creating environment hook '/home/armaanm/eufs_dev/eufs_data/install/cam_tap/share/cam_tap/hook/pythonpath.ps1'
[5.770s] INFO:colcon.colcon_core.shell:Creating environment descriptor '/home/armaanm/eufs_dev/eufs_data/install/cam_tap/share/cam_tap/hook/pythonpath.dsv'
[5.771s] INFO:colcon.colcon_core.shell:Creating environment hook '/home/armaanm/eufs_dev/eufs_data/install/cam_tap/share/cam_tap/hook/pythonpath.sh'
[5.772s] Level 1:colcon.colcon_core.environment:checking '/home/armaanm/eufs_dev/eufs_data/install/cam_tap/bin'
[5.772s] Level 1:colcon.colcon_core.environment:create_environment_scripts_only(cam_tap)
[5.773s] INFO:colcon.colcon_core.shell:Creating package script '/home/armaanm/eufs_dev/eufs_data/install/cam_tap/share/cam_tap/package.ps1'
[5.774s] INFO:colcon.colcon_core.shell:Creating package descriptor '/home/armaanm/eufs_dev/eufs_data/install/cam_tap/share/cam_tap/package.dsv'
[5.775s] INFO:colcon.colcon_core.shell:Creating package script '/home/armaanm/eufs_dev/eufs_data/install/cam_tap/share/cam_tap/package.sh'
[5.777s] INFO:colcon.colcon_core.shell:Creating package script '/home/armaanm/eufs_dev/eufs_data/install/cam_tap/share/cam_tap/package.bash'
[5.777s] INFO:colcon.colcon_core.shell:Creating package script '/home/armaanm/eufs_dev/eufs_data/install/cam_tap/share/cam_tap/package.zsh'
[5.779s] Level 1:colcon.colcon_core.environment:create_file_with_runtime_dependencies(/home/armaanm/eufs_dev/eufs_data/install/cam_tap/share/colcon-core/packages/cam_tap)
[5.781s] DEBUG:colcon.colcon_parallel_executor.executor.parallel:closing loop
[5.783s] DEBUG:colcon.colcon_parallel_executor.executor.parallel:loop closed
[5.784s] DEBUG:colcon.colcon_parallel_executor.executor.parallel:run_until_complete finished with '0'
[5.785s] DEBUG:colcon.colcon_core.event_reactor:joining thread
[5.897s] INFO:colcon.colcon_core.plugin_system:Skipping extension 'colcon_notification.desktop_notification.notify_send': Could not find 'notify-send'
[5.897s] INFO:colcon.colcon_core.plugin_system:Skipping extension 'colcon_notification.desktop_notification.terminal_notifier': Not used on non-Darwin systems
[5.897s] INFO:colcon.colcon_core.plugin_system:Skipping extension 'colcon_notification.desktop_notification.win32': Not used on non-Windows systems
[5.898s] INFO:colcon.colcon_notification.desktop_notification:Sending desktop notification using 'notify2'
[5.901s] DEBUG:colcon.colcon_notification.desktop_notification.notify2:Failed to initialize notify2: org.freedesktop.DBus.Error.ServiceUnknown: The name org.freedesktop.Notifications was not provided by any .service files
[5.901s] DEBUG:colcon.colcon_core.event_reactor:joined thread
[5.902s] INFO:colcon.colcon_core.shell:Creating prefix script '/home/armaanm/eufs_dev/eufs_data/install/local_setup.ps1'
[5.905s] INFO:colcon.colcon_core.shell:Creating prefix util module '/home/armaanm/eufs_dev/eufs_data/install/_local_setup_util_ps1.py'
[5.908s] INFO:colcon.colcon_core.shell:Creating prefix chain script '/home/armaanm/eufs_dev/eufs_data/install/setup.ps1'
[5.912s] INFO:colcon.colcon_core.shell:Creating prefix script '/home/armaanm/eufs_dev/eufs_data/install/local_setup.sh'
[5.914s] INFO:colcon.colcon_core.shell:Creating prefix util module '/home/armaanm/eufs_dev/eufs_data/install/_local_setup_util_sh.py'
[5.916s] INFO:colcon.colcon_core.shell:Creating prefix chain script '/home/armaanm/eufs_dev/eufs_data/install/setup.sh'
[5.920s] INFO:colcon.colcon_core.shell:Creating prefix script '/home/armaanm/eufs_dev/eufs_data/install/local_setup.bash'
[5.923s] INFO:colcon.colcon_core.shell:Creating prefix chain script '/home/armaanm/eufs_dev/eufs_data/install/setup.bash'
[5.929s] INFO:colcon.colcon_core.shell:Creating prefix script '/home/armaanm/eufs_dev/eufs_data/install/local_setup.zsh'
[5.932s] INFO:colcon.colcon_core.shell:Creating prefix chain script '/home/armaanm/eufs_dev/eufs_data/install/setup.zsh'
