[0.765s] Invoking command in '/home/armaanm/eufs_dev/eufs_data/build/gt_tap': PYTHONPATH=/home/armaanm/eufs_dev/eufs_data/build/gt_tap/prefix_override:/usr/lib/python3/dist-packages/colcon_core/task/python/colcon_distutils_commands:/home/armaanm/eufs_dev/eufs_data/install/gt_tap/lib/python3.8/site-packages:${PYTHONPATH} /usr/bin/python3 -W ignore:setup.py install is deprecated -W ignore:easy_install command is deprecated setup.py develop --editable --build-directory /home/armaanm/eufs_dev/eufs_data/build/gt_tap/build --no-deps symlink_data
[0.985s] running develop
[1.099s] running egg_info
[1.100s] writing gt_tap.egg-info/PKG-INFO
[1.100s] writing dependency_links to gt_tap.egg-info/dependency_links.txt
[1.100s] writing entry points to gt_tap.egg-info/entry_points.txt
[1.100s] writing requirements to gt_tap.egg-info/requires.txt
[1.101s] writing top-level names to gt_tap.egg-info/top_level.txt
[1.127s] reading manifest file 'gt_tap.egg-info/SOURCES.txt'
[1.128s] writing manifest file 'gt_tap.egg-info/SOURCES.txt'
[1.161s] running build_ext
[1.162s] Creating /home/armaanm/eufs_dev/eufs_data/install/gt_tap/lib/python3.8/site-packages/gt-tap.egg-link (link to .)
[1.163s] Installing gt_cones script to /home/armaanm/eufs_dev/eufs_data/install/gt_tap/lib/gt_tap
[1.163s] Installing gt_gps script to /home/armaanm/eufs_dev/eufs_data/install/gt_tap/lib/gt_tap
[1.163s] Installing gt_pose script to /home/armaanm/eufs_dev/eufs_data/install/gt_tap/lib/gt_tap
[1.163s] Installing gt_state script to /home/armaanm/eufs_dev/eufs_data/install/gt_tap/lib/gt_tap
[1.164s] Installing gt_track script to /home/armaanm/eufs_dev/eufs_data/install/gt_tap/lib/gt_tap
[1.164s] Installing gt_wheels script to /home/armaanm/eufs_dev/eufs_data/install/gt_tap/lib/gt_tap
[1.164s] 
[1.164s] Installed /home/armaanm/eufs_dev/eufs_data/build/gt_tap
[1.164s] running symlink_data
[1.216s] Invoked command in '/home/armaanm/eufs_dev/eufs_data/build/gt_tap' returned '0': PYTHONPATH=/home/armaanm/eufs_dev/eufs_data/build/gt_tap/prefix_override:/usr/lib/python3/dist-packages/colcon_core/task/python/colcon_distutils_commands:/home/armaanm/eufs_dev/eufs_data/install/gt_tap/lib/python3.8/site-packages:${PYTHONPATH} /usr/bin/python3 -W ignore:setup.py install is deprecated -W ignore:easy_install command is deprecated setup.py develop --editable --build-directory /home/armaanm/eufs_dev/eufs_data/build/gt_tap/build --no-deps symlink_data
