running develop
Removing /home/armaanm/eufs_dev/eufs_data/install/gt_tap/lib/python3.8/site-packages/gt-tap.egg-link (link to .)
running egg_info
writing ../../build/gt_tap/gt_tap.egg-info/PKG-INFO
writing dependency_links to ../../build/gt_tap/gt_tap.egg-info/dependency_links.txt
writing entry points to ../../build/gt_tap/gt_tap.egg-info/entry_points.txt
writing requirements to ../../build/gt_tap/gt_tap.egg-info/requires.txt
writing top-level names to ../../build/gt_tap/gt_tap.egg-info/top_level.txt
reading manifest file '../../build/gt_tap/gt_tap.egg-info/SOURCES.txt'
writing manifest file '../../build/gt_tap/gt_tap.egg-info/SOURCES.txt'
running build
running build_py
creating /home/armaanm/eufs_dev/eufs_data/build/gt_tap/build
creating /home/armaanm/eufs_dev/eufs_data/build/gt_tap/build/lib
creating /home/armaanm/eufs_dev/eufs_data/build/gt_tap/build/lib/gt_tap
copying gt_tap/gt_wheels_node.py -> /home/armaanm/eufs_dev/eufs_data/build/gt_tap/build/lib/gt_tap
copying gt_tap/gt_utils.py -> /home/armaanm/eufs_dev/eufs_data/build/gt_tap/build/lib/gt_tap
copying gt_tap/gt_cones_node.py -> /home/armaanm/eufs_dev/eufs_data/build/gt_tap/build/lib/gt_tap
copying gt_tap/__init__.py -> /home/armaanm/eufs_dev/eufs_data/build/gt_tap/build/lib/gt_tap
copying gt_tap/gt_pose_node.py -> /home/armaanm/eufs_dev/eufs_data/build/gt_tap/build/lib/gt_tap
running install
running install_lib
creating /home/armaanm/eufs_dev/eufs_data/install/gt_tap/lib/python3.8/site-packages/gt_tap
copying /home/armaanm/eufs_dev/eufs_data/build/gt_tap/build/lib/gt_tap/gt_wheels_node.py -> /home/armaanm/eufs_dev/eufs_data/install/gt_tap/lib/python3.8/site-packages/gt_tap
copying /home/armaanm/eufs_dev/eufs_data/build/gt_tap/build/lib/gt_tap/gt_utils.py -> /home/armaanm/eufs_dev/eufs_data/install/gt_tap/lib/python3.8/site-packages/gt_tap
copying /home/armaanm/eufs_dev/eufs_data/build/gt_tap/build/lib/gt_tap/gt_cones_node.py -> /home/armaanm/eufs_dev/eufs_data/install/gt_tap/lib/python3.8/site-packages/gt_tap
copying /home/armaanm/eufs_dev/eufs_data/build/gt_tap/build/lib/gt_tap/__init__.py -> /home/armaanm/eufs_dev/eufs_data/install/gt_tap/lib/python3.8/site-packages/gt_tap
copying /home/armaanm/eufs_dev/eufs_data/build/gt_tap/build/lib/gt_tap/gt_pose_node.py -> /home/armaanm/eufs_dev/eufs_data/install/gt_tap/lib/python3.8/site-packages/gt_tap
byte-compiling /home/armaanm/eufs_dev/eufs_data/install/gt_tap/lib/python3.8/site-packages/gt_tap/gt_wheels_node.py to gt_wheels_node.cpython-38.pyc
byte-compiling /home/armaanm/eufs_dev/eufs_data/install/gt_tap/lib/python3.8/site-packages/gt_tap/gt_utils.py to gt_utils.cpython-38.pyc
byte-compiling /home/armaanm/eufs_dev/eufs_data/install/gt_tap/lib/python3.8/site-packages/gt_tap/gt_cones_node.py to gt_cones_node.cpython-38.pyc
byte-compiling /home/armaanm/eufs_dev/eufs_data/install/gt_tap/lib/python3.8/site-packages/gt_tap/__init__.py to __init__.cpython-38.pyc
byte-compiling /home/armaanm/eufs_dev/eufs_data/install/gt_tap/lib/python3.8/site-packages/gt_tap/gt_pose_node.py to gt_pose_node.cpython-38.pyc
running install_data
copying resource/gt_tap -> /home/armaanm/eufs_dev/eufs_data/install/gt_tap/share/ament_index/resource_index/packages
copying package.xml -> /home/armaanm/eufs_dev/eufs_data/install/gt_tap/share/gt_tap
running install_egg_info
Copying ../../build/gt_tap/gt_tap.egg-info to /home/armaanm/eufs_dev/eufs_data/install/gt_tap/lib/python3.8/site-packages/gt_tap-0.0.0-py3.8.egg-info
running install_scripts
Installing gt_cones script to /home/armaanm/eufs_dev/eufs_data/install/gt_tap/lib/gt_tap
Installing gt_pose script to /home/armaanm/eufs_dev/eufs_data/install/gt_tap/lib/gt_tap
Installing gt_wheels script to /home/armaanm/eufs_dev/eufs_data/install/gt_tap/lib/gt_tap
writing list of installed files to '/home/armaanm/eufs_dev/eufs_data/build/gt_tap/install.log'
