[1.158s] Invoking command in '/home/armaanm/eufs_dev/eufs_data/build/gt_tap': PYTHONPATH=/home/armaanm/eufs_dev/eufs_data/build/gt_tap/prefix_override:/usr/lib/python3/dist-packages/colcon_core/task/python/colcon_distutils_commands:/home/armaanm/eufs_dev/eufs_data/install/gt_tap/lib/python3.8/site-packages:${PYTHONPATH} /usr/bin/python3 -W ignore:setup.py install is deprecated -W ignore:easy_install command is deprecated setup.py develop --uninstall --editable --build-directory /home/armaanm/eufs_dev/eufs_data/build/gt_tap/build
[1.390s] running develop
[1.519s] Removing /home/armaanm/eufs_dev/eufs_data/install/gt_tap/lib/python3.8/site-packages/gt-tap.egg-link (link to .)
[1.553s] Invoked command in '/home/armaanm/eufs_dev/eufs_data/build/gt_tap' returned '0': PYTHONPATH=/home/armaanm/eufs_dev/eufs_data/build/gt_tap/prefix_override:/usr/lib/python3/dist-packages/colcon_core/task/python/colcon_distutils_commands:/home/armaanm/eufs_dev/eufs_data/install/gt_tap/lib/python3.8/site-packages:${PYTHONPATH} /usr/bin/python3 -W ignore:setup.py install is deprecated -W ignore:easy_install command is deprecated setup.py develop --uninstall --editable --build-directory /home/armaanm/eufs_dev/eufs_data/build/gt_tap/build
[1.556s] Invoking command in '/home/armaanm/eufs_dev/eufs_data/src/gt_tap': PYTHONPATH=/home/armaanm/eufs_dev/eufs_data/build/gt_tap/prefix_override:/usr/lib/python3/dist-packages/colcon_core/task/python/colcon_distutils_commands:/home/armaanm/eufs_dev/eufs_data/install/gt_tap/lib/python3.8/site-packages:${PYTHONPATH} /usr/bin/python3 -W ignore:setup.py install is deprecated -W ignore:easy_install command is deprecated setup.py egg_info --egg-base ../../build/gt_tap build --build-base /home/armaanm/eufs_dev/eufs_data/build/gt_tap/build install --record /home/armaanm/eufs_dev/eufs_data/build/gt_tap/install.log --single-version-externally-managed install_data --force
[1.744s] running egg_info
[1.746s] writing ../../build/gt_tap/gt_tap.egg-info/PKG-INFO
[1.746s] writing dependency_links to ../../build/gt_tap/gt_tap.egg-info/dependency_links.txt
[1.747s] writing entry points to ../../build/gt_tap/gt_tap.egg-info/entry_points.txt
[1.747s] writing requirements to ../../build/gt_tap/gt_tap.egg-info/requires.txt
[1.747s] writing top-level names to ../../build/gt_tap/gt_tap.egg-info/top_level.txt
[1.775s] reading manifest file '../../build/gt_tap/gt_tap.egg-info/SOURCES.txt'
[1.777s] writing manifest file '../../build/gt_tap/gt_tap.egg-info/SOURCES.txt'
[1.777s] running build
[1.777s] running build_py
[1.777s] creating /home/armaanm/eufs_dev/eufs_data/build/gt_tap/build
[1.778s] creating /home/armaanm/eufs_dev/eufs_data/build/gt_tap/build/lib
[1.778s] creating /home/armaanm/eufs_dev/eufs_data/build/gt_tap/build/lib/gt_tap
[1.779s] copying gt_tap/gt_wheels_node.py -> /home/armaanm/eufs_dev/eufs_data/build/gt_tap/build/lib/gt_tap
[1.779s] copying gt_tap/gt_utils.py -> /home/armaanm/eufs_dev/eufs_data/build/gt_tap/build/lib/gt_tap
[1.779s] copying gt_tap/gt_cones_node.py -> /home/armaanm/eufs_dev/eufs_data/build/gt_tap/build/lib/gt_tap
[1.780s] copying gt_tap/__init__.py -> /home/armaanm/eufs_dev/eufs_data/build/gt_tap/build/lib/gt_tap
[1.780s] copying gt_tap/gt_pose_node.py -> /home/armaanm/eufs_dev/eufs_data/build/gt_tap/build/lib/gt_tap
[1.780s] running install
[1.781s] running install_lib
[1.783s] creating /home/armaanm/eufs_dev/eufs_data/install/gt_tap/lib/python3.8/site-packages/gt_tap
[1.783s] copying /home/armaanm/eufs_dev/eufs_data/build/gt_tap/build/lib/gt_tap/gt_wheels_node.py -> /home/armaanm/eufs_dev/eufs_data/install/gt_tap/lib/python3.8/site-packages/gt_tap
[1.784s] copying /home/armaanm/eufs_dev/eufs_data/build/gt_tap/build/lib/gt_tap/gt_utils.py -> /home/armaanm/eufs_dev/eufs_data/install/gt_tap/lib/python3.8/site-packages/gt_tap
[1.784s] copying /home/armaanm/eufs_dev/eufs_data/build/gt_tap/build/lib/gt_tap/gt_cones_node.py -> /home/armaanm/eufs_dev/eufs_data/install/gt_tap/lib/python3.8/site-packages/gt_tap
[1.784s] copying /home/armaanm/eufs_dev/eufs_data/build/gt_tap/build/lib/gt_tap/__init__.py -> /home/armaanm/eufs_dev/eufs_data/install/gt_tap/lib/python3.8/site-packages/gt_tap
[1.785s] copying /home/armaanm/eufs_dev/eufs_data/build/gt_tap/build/lib/gt_tap/gt_pose_node.py -> /home/armaanm/eufs_dev/eufs_data/install/gt_tap/lib/python3.8/site-packages/gt_tap
[1.785s] byte-compiling /home/armaanm/eufs_dev/eufs_data/install/gt_tap/lib/python3.8/site-packages/gt_tap/gt_wheels_node.py to gt_wheels_node.cpython-38.pyc
[1.787s] byte-compiling /home/armaanm/eufs_dev/eufs_data/install/gt_tap/lib/python3.8/site-packages/gt_tap/gt_utils.py to gt_utils.cpython-38.pyc
[1.787s] byte-compiling /home/armaanm/eufs_dev/eufs_data/install/gt_tap/lib/python3.8/site-packages/gt_tap/gt_cones_node.py to gt_cones_node.cpython-38.pyc
[1.788s] byte-compiling /home/armaanm/eufs_dev/eufs_data/install/gt_tap/lib/python3.8/site-packages/gt_tap/__init__.py to __init__.cpython-38.pyc
[1.789s] byte-compiling /home/armaanm/eufs_dev/eufs_data/install/gt_tap/lib/python3.8/site-packages/gt_tap/gt_pose_node.py to gt_pose_node.cpython-38.pyc
[1.790s] running install_data
[1.790s] copying resource/gt_tap -> /home/armaanm/eufs_dev/eufs_data/install/gt_tap/share/ament_index/resource_index/packages
[1.792s] copying package.xml -> /home/armaanm/eufs_dev/eufs_data/install/gt_tap/share/gt_tap
[1.792s] running install_egg_info
[1.797s] Copying ../../build/gt_tap/gt_tap.egg-info to /home/armaanm/eufs_dev/eufs_data/install/gt_tap/lib/python3.8/site-packages/gt_tap-0.0.0-py3.8.egg-info
[1.800s] running install_scripts
[1.820s] Installing gt_cones script to /home/armaanm/eufs_dev/eufs_data/install/gt_tap/lib/gt_tap
[1.821s] Installing gt_pose script to /home/armaanm/eufs_dev/eufs_data/install/gt_tap/lib/gt_tap
[1.821s] Installing gt_wheels script to /home/armaanm/eufs_dev/eufs_data/install/gt_tap/lib/gt_tap
[1.822s] writing list of installed files to '/home/armaanm/eufs_dev/eufs_data/build/gt_tap/install.log'
[1.844s] Invoked command in '/home/armaanm/eufs_dev/eufs_data/src/gt_tap' returned '0': PYTHONPATH=/home/armaanm/eufs_dev/eufs_data/build/gt_tap/prefix_override:/usr/lib/python3/dist-packages/colcon_core/task/python/colcon_distutils_commands:/home/armaanm/eufs_dev/eufs_data/install/gt_tap/lib/python3.8/site-packages:${PYTHONPATH} /usr/bin/python3 -W ignore:setup.py install is deprecated -W ignore:easy_install command is deprecated setup.py egg_info --egg-base ../../build/gt_tap build --build-base /home/armaanm/eufs_dev/eufs_data/build/gt_tap/build install --record /home/armaanm/eufs_dev/eufs_data/build/gt_tap/install.log --single-version-externally-managed install_data --force
