running develop
Removing /home/armaanm/eufs_dev/eufs_data/install/lidar_tap/lib/python3.8/site-packages/lidar-tap.egg-link (link to .)
running egg_info
writing ../../build/lidar_tap/lidar_tap.egg-info/PKG-INFO
writing dependency_links to ../../build/lidar_tap/lidar_tap.egg-info/dependency_links.txt
writing entry points to ../../build/lidar_tap/lidar_tap.egg-info/entry_points.txt
writing requirements to ../../build/lidar_tap/lidar_tap.egg-info/requires.txt
writing top-level names to ../../build/lidar_tap/lidar_tap.egg-info/top_level.txt
reading manifest file '../../build/lidar_tap/lidar_tap.egg-info/SOURCES.txt'
writing manifest file '../../build/lidar_tap/lidar_tap.egg-info/SOURCES.txt'
running build
running build_py
creating /home/armaanm/eufs_dev/eufs_data/build/lidar_tap/build
creating /home/armaanm/eufs_dev/eufs_data/build/lidar_tap/build/lib
creating /home/armaanm/eufs_dev/eufs_data/build/lidar_tap/build/lib/lidar_tap
copying lidar_tap/pointcloud_velodyne.py -> /home/armaanm/eufs_dev/eufs_data/build/lidar_tap/build/lib/lidar_tap
copying lidar_tap/lidarview.py -> /home/armaanm/eufs_dev/eufs_data/build/lidar_tap/build/lib/lidar_tap
copying lidar_tap/lidardata.py -> /home/armaanm/eufs_dev/eufs_data/build/lidar_tap/build/lib/lidar_tap
copying lidar_tap/__init__.py -> /home/armaanm/eufs_dev/eufs_data/build/lidar_tap/build/lib/lidar_tap
running install
running install_lib
creating /home/armaanm/eufs_dev/eufs_data/install/lidar_tap/lib/python3.8/site-packages/lidar_tap
copying /home/armaanm/eufs_dev/eufs_data/build/lidar_tap/build/lib/lidar_tap/pointcloud_velodyne.py -> /home/armaanm/eufs_dev/eufs_data/install/lidar_tap/lib/python3.8/site-packages/lidar_tap
copying /home/armaanm/eufs_dev/eufs_data/build/lidar_tap/build/lib/lidar_tap/lidarview.py -> /home/armaanm/eufs_dev/eufs_data/install/lidar_tap/lib/python3.8/site-packages/lidar_tap
copying /home/armaanm/eufs_dev/eufs_data/build/lidar_tap/build/lib/lidar_tap/lidardata.py -> /home/armaanm/eufs_dev/eufs_data/install/lidar_tap/lib/python3.8/site-packages/lidar_tap
copying /home/armaanm/eufs_dev/eufs_data/build/lidar_tap/build/lib/lidar_tap/__init__.py -> /home/armaanm/eufs_dev/eufs_data/install/lidar_tap/lib/python3.8/site-packages/lidar_tap
byte-compiling /home/armaanm/eufs_dev/eufs_data/install/lidar_tap/lib/python3.8/site-packages/lidar_tap/pointcloud_velodyne.py to pointcloud_velodyne.cpython-38.pyc
byte-compiling /home/armaanm/eufs_dev/eufs_data/install/lidar_tap/lib/python3.8/site-packages/lidar_tap/lidarview.py to lidarview.cpython-38.pyc
byte-compiling /home/armaanm/eufs_dev/eufs_data/install/lidar_tap/lib/python3.8/site-packages/lidar_tap/lidardata.py to lidardata.cpython-38.pyc
byte-compiling /home/armaanm/eufs_dev/eufs_data/install/lidar_tap/lib/python3.8/site-packages/lidar_tap/__init__.py to __init__.cpython-38.pyc
running install_data
copying resource/lidar_tap -> /home/armaanm/eufs_dev/eufs_data/install/lidar_tap/share/ament_index/resource_index/packages
copying package.xml -> /home/armaanm/eufs_dev/eufs_data/install/lidar_tap/share/lidar_tap
running install_egg_info
Copying ../../build/lidar_tap/lidar_tap.egg-info to /home/armaanm/eufs_dev/eufs_data/install/lidar_tap/lib/python3.8/site-packages/lidar_tap-0.0.0-py3.8.egg-info
running install_scripts
Installing lidardata script to /home/armaanm/eufs_dev/eufs_data/install/lidar_tap/lib/lidar_tap
Installing pcviewer script to /home/armaanm/eufs_dev/eufs_data/install/lidar_tap/lib/lidar_tap
Installing velodyne_tap script to /home/armaanm/eufs_dev/eufs_data/install/lidar_tap/lib/lidar_tap
writing list of installed files to '/home/armaanm/eufs_dev/eufs_data/build/lidar_tap/install.log'
