[1.148s] Invoking command in '/home/armaanm/eufs_dev/eufs_data/build/lidar_tap': PYTHONPATH=/home/armaanm/eufs_dev/eufs_data/build/lidar_tap/prefix_override:/usr/lib/python3/dist-packages/colcon_core/task/python/colcon_distutils_commands:/home/armaanm/eufs_dev/eufs_data/install/lidar_tap/lib/python3.8/site-packages:${PYTHONPATH} /usr/bin/python3 -W ignore:setup.py install is deprecated -W ignore:easy_install command is deprecated setup.py develop --uninstall --editable --build-directory /home/armaanm/eufs_dev/eufs_data/build/lidar_tap/build
[1.376s] running develop
[1.509s] Removing /home/armaanm/eufs_dev/eufs_data/install/lidar_tap/lib/python3.8/site-packages/lidar-tap.egg-link (link to .)
[1.538s] Invoked command in '/home/armaanm/eufs_dev/eufs_data/build/lidar_tap' returned '0': PYTHONPATH=/home/armaanm/eufs_dev/eufs_data/build/lidar_tap/prefix_override:/usr/lib/python3/dist-packages/colcon_core/task/python/colcon_distutils_commands:/home/armaanm/eufs_dev/eufs_data/install/lidar_tap/lib/python3.8/site-packages:${PYTHONPATH} /usr/bin/python3 -W ignore:setup.py install is deprecated -W ignore:easy_install command is deprecated setup.py develop --uninstall --editable --build-directory /home/armaanm/eufs_dev/eufs_data/build/lidar_tap/build
[1.542s] Invoking command in '/home/armaanm/eufs_dev/eufs_data/src/lidar_tap': PYTHONPATH=/home/armaanm/eufs_dev/eufs_data/build/lidar_tap/prefix_override:/usr/lib/python3/dist-packages/colcon_core/task/python/colcon_distutils_commands:/home/armaanm/eufs_dev/eufs_data/install/lidar_tap/lib/python3.8/site-packages:${PYTHONPATH} /usr/bin/python3 -W ignore:setup.py install is deprecated -W ignore:easy_install command is deprecated setup.py egg_info --egg-base ../../build/lidar_tap build --build-base /home/armaanm/eufs_dev/eufs_data/build/lidar_tap/build install --record /home/armaanm/eufs_dev/eufs_data/build/lidar_tap/install.log --single-version-externally-managed install_data --force
[1.736s] running egg_info
[1.738s] writing ../../build/lidar_tap/lidar_tap.egg-info/PKG-INFO
[1.738s] writing dependency_links to ../../build/lidar_tap/lidar_tap.egg-info/dependency_links.txt
[1.738s] writing entry points to ../../build/lidar_tap/lidar_tap.egg-info/entry_points.txt
[1.739s] writing requirements to ../../build/lidar_tap/lidar_tap.egg-info/requires.txt
[1.739s] writing top-level names to ../../build/lidar_tap/lidar_tap.egg-info/top_level.txt
[1.766s] reading manifest file '../../build/lidar_tap/lidar_tap.egg-info/SOURCES.txt'
[1.769s] writing manifest file '../../build/lidar_tap/lidar_tap.egg-info/SOURCES.txt'
[1.769s] running build
[1.769s] running build_py
[1.770s] creating /home/armaanm/eufs_dev/eufs_data/build/lidar_tap/build
[1.770s] creating /home/armaanm/eufs_dev/eufs_data/build/lidar_tap/build/lib
[1.770s] creating /home/armaanm/eufs_dev/eufs_data/build/lidar_tap/build/lib/lidar_tap
[1.770s] copying lidar_tap/pointcloud_velodyne.py -> /home/armaanm/eufs_dev/eufs_data/build/lidar_tap/build/lib/lidar_tap
[1.770s] copying lidar_tap/lidarview.py -> /home/armaanm/eufs_dev/eufs_data/build/lidar_tap/build/lib/lidar_tap
[1.771s] copying lidar_tap/lidardata.py -> /home/armaanm/eufs_dev/eufs_data/build/lidar_tap/build/lib/lidar_tap
[1.771s] copying lidar_tap/__init__.py -> /home/armaanm/eufs_dev/eufs_data/build/lidar_tap/build/lib/lidar_tap
[1.771s] running install
[1.773s] running install_lib
[1.774s] creating /home/armaanm/eufs_dev/eufs_data/install/lidar_tap/lib/python3.8/site-packages/lidar_tap
[1.775s] copying /home/armaanm/eufs_dev/eufs_data/build/lidar_tap/build/lib/lidar_tap/pointcloud_velodyne.py -> /home/armaanm/eufs_dev/eufs_data/install/lidar_tap/lib/python3.8/site-packages/lidar_tap
[1.776s] copying /home/armaanm/eufs_dev/eufs_data/build/lidar_tap/build/lib/lidar_tap/lidarview.py -> /home/armaanm/eufs_dev/eufs_data/install/lidar_tap/lib/python3.8/site-packages/lidar_tap
[1.777s] copying /home/armaanm/eufs_dev/eufs_data/build/lidar_tap/build/lib/lidar_tap/lidardata.py -> /home/armaanm/eufs_dev/eufs_data/install/lidar_tap/lib/python3.8/site-packages/lidar_tap
[1.777s] copying /home/armaanm/eufs_dev/eufs_data/build/lidar_tap/build/lib/lidar_tap/__init__.py -> /home/armaanm/eufs_dev/eufs_data/install/lidar_tap/lib/python3.8/site-packages/lidar_tap
[1.777s] byte-compiling /home/armaanm/eufs_dev/eufs_data/install/lidar_tap/lib/python3.8/site-packages/lidar_tap/pointcloud_velodyne.py to pointcloud_velodyne.cpython-38.pyc
[1.779s] byte-compiling /home/armaanm/eufs_dev/eufs_data/install/lidar_tap/lib/python3.8/site-packages/lidar_tap/lidarview.py to lidarview.cpython-38.pyc
[1.781s] byte-compiling /home/armaanm/eufs_dev/eufs_data/install/lidar_tap/lib/python3.8/site-packages/lidar_tap/lidardata.py to lidardata.cpython-38.pyc
[1.784s] byte-compiling /home/armaanm/eufs_dev/eufs_data/install/lidar_tap/lib/python3.8/site-packages/lidar_tap/__init__.py to __init__.cpython-38.pyc
[1.785s] running install_data
[1.785s] copying resource/lidar_tap -> /home/armaanm/eufs_dev/eufs_data/install/lidar_tap/share/ament_index/resource_index/packages
[1.785s] copying package.xml -> /home/armaanm/eufs_dev/eufs_data/install/lidar_tap/share/lidar_tap
[1.785s] running install_egg_info
[1.790s] Copying ../../build/lidar_tap/lidar_tap.egg-info to /home/armaanm/eufs_dev/eufs_data/install/lidar_tap/lib/python3.8/site-packages/lidar_tap-0.0.0-py3.8.egg-info
[1.794s] running install_scripts
[1.813s] Installing lidardata script to /home/armaanm/eufs_dev/eufs_data/install/lidar_tap/lib/lidar_tap
[1.814s] Installing pcviewer script to /home/armaanm/eufs_dev/eufs_data/install/lidar_tap/lib/lidar_tap
[1.814s] Installing velodyne_tap script to /home/armaanm/eufs_dev/eufs_data/install/lidar_tap/lib/lidar_tap
[1.814s] writing list of installed files to '/home/armaanm/eufs_dev/eufs_data/build/lidar_tap/install.log'
[1.844s] Invoked command in '/home/armaanm/eufs_dev/eufs_data/src/lidar_tap' returned '0': PYTHONPATH=/home/armaanm/eufs_dev/eufs_data/build/lidar_tap/prefix_override:/usr/lib/python3/dist-packages/colcon_core/task/python/colcon_distutils_commands:/home/armaanm/eufs_dev/eufs_data/install/lidar_tap/lib/python3.8/site-packages:${PYTHONPATH} /usr/bin/python3 -W ignore:setup.py install is deprecated -W ignore:easy_install command is deprecated setup.py egg_info --egg-base ../../build/lidar_tap build --build-base /home/armaanm/eufs_dev/eufs_data/build/lidar_tap/build install --record /home/armaanm/eufs_dev/eufs_data/build/lidar_tap/install.log --single-version-externally-managed install_data --force
