running egg_info
writing ../../build/ctrl_tap/ctrl_tap.egg-info/PKG-INFO
writing dependency_links to ../../build/ctrl_tap/ctrl_tap.egg-info/dependency_links.txt
writing entry points to ../../build/ctrl_tap/ctrl_tap.egg-info/entry_points.txt
writing requirements to ../../build/ctrl_tap/ctrl_tap.egg-info/requires.txt
writing top-level names to ../../build/ctrl_tap/ctrl_tap.egg-info/top_level.txt
reading manifest file '../../build/ctrl_tap/ctrl_tap.egg-info/SOURCES.txt'
writing manifest file '../../build/ctrl_tap/ctrl_tap.egg-info/SOURCES.txt'
running build
running build_py
copying ctrl_tap/controls_node.py -> /home/armaanm/eufs_dev/eufs_data/build/ctrl_tap/build/lib/ctrl_tap
running install
running install_lib
copying /home/armaanm/eufs_dev/eufs_data/build/ctrl_tap/build/lib/ctrl_tap/controls_node.py -> /home/armaanm/eufs_dev/eufs_data/install/ctrl_tap/lib/python3.8/site-packages/ctrl_tap
byte-compiling /home/armaanm/eufs_dev/eufs_data/install/ctrl_tap/lib/python3.8/site-packages/ctrl_tap/controls_node.py to controls_node.cpython-38.pyc
running install_data
running install_egg_info
removing '/home/armaanm/eufs_dev/eufs_data/install/ctrl_tap/lib/python3.8/site-packages/ctrl_tap-0.0.0-py3.8.egg-info' (and everything under it)
Copying ../../build/ctrl_tap/ctrl_tap.egg-info to /home/armaanm/eufs_dev/eufs_data/install/ctrl_tap/lib/python3.8/site-packages/ctrl_tap-0.0.0-py3.8.egg-info
running install_scripts
Installing command script to /home/armaanm/eufs_dev/eufs_data/install/ctrl_tap/lib/ctrl_tap
writing list of installed files to '/home/armaanm/eufs_dev/eufs_data/build/ctrl_tap/install.log'
