[1.145s] Invoking command in '/home/armaanm/eufs_dev/eufs_data/build/cam_tap': PYTHONPATH=/home/armaanm/eufs_dev/eufs_data/build/cam_tap/prefix_override:/usr/lib/python3/dist-packages/colcon_core/task/python/colcon_distutils_commands:/home/armaanm/eufs_dev/eufs_data/install/cam_tap/lib/python3.8/site-packages:${PYTHONPATH} /usr/bin/python3 -W ignore:setup.py install is deprecated -W ignore:easy_install command is deprecated setup.py develop --editable --build-directory /home/armaanm/eufs_dev/eufs_data/build/cam_tap/build --no-deps symlink_data
[1.350s] running develop
[1.448s] running egg_info
[1.448s] creating cam_tap.egg-info
[1.448s] writing cam_tap.egg-info/PKG-INFO
[1.449s] writing dependency_links to cam_tap.egg-info/dependency_links.txt
[1.449s] writing entry points to cam_tap.egg-info/entry_points.txt
[1.449s] writing requirements to cam_tap.egg-info/requires.txt
[1.449s] writing top-level names to cam_tap.egg-info/top_level.txt
[1.450s] writing manifest file 'cam_tap.egg-info/SOURCES.txt'
[1.476s] reading manifest file 'cam_tap.egg-info/SOURCES.txt'
[1.477s] writing manifest file 'cam_tap.egg-info/SOURCES.txt'
[1.503s] running build_ext
[1.504s] Creating /home/armaanm/eufs_dev/eufs_data/install/cam_tap/lib/python3.8/site-packages/site.py
[1.506s] Creating /home/armaanm/eufs_dev/eufs_data/install/cam_tap/lib/python3.8/site-packages/cam-tap.egg-link (link to .)
[1.507s] Installing stereo_feed script to /home/armaanm/eufs_dev/eufs_data/install/cam_tap/lib/cam_tap
[1.507s] 
[1.507s] Installed /home/armaanm/eufs_dev/eufs_data/build/cam_tap
[1.507s] running symlink_data
[1.507s] creating /home/armaanm/eufs_dev/eufs_data/install/cam_tap/share/ament_index
[1.507s] creating /home/armaanm/eufs_dev/eufs_data/install/cam_tap/share/ament_index/resource_index
[1.507s] creating /home/armaanm/eufs_dev/eufs_data/install/cam_tap/share/ament_index/resource_index/packages
[1.507s] symbolically linking /home/armaanm/eufs_dev/eufs_data/build/cam_tap/resource/cam_tap -> /home/armaanm/eufs_dev/eufs_data/install/cam_tap/share/ament_index/resource_index/packages
[1.507s] symbolically linking /home/armaanm/eufs_dev/eufs_data/build/cam_tap/package.xml -> /home/armaanm/eufs_dev/eufs_data/install/cam_tap/share/cam_tap
[1.561s] Invoked command in '/home/armaanm/eufs_dev/eufs_data/build/cam_tap' returned '0': PYTHONPATH=/home/armaanm/eufs_dev/eufs_data/build/cam_tap/prefix_override:/usr/lib/python3/dist-packages/colcon_core/task/python/colcon_distutils_commands:/home/armaanm/eufs_dev/eufs_data/install/cam_tap/lib/python3.8/site-packages:${PYTHONPATH} /usr/bin/python3 -W ignore:setup.py install is deprecated -W ignore:easy_install command is deprecated setup.py develop --editable --build-directory /home/armaanm/eufs_dev/eufs_data/build/cam_tap/build --no-deps symlink_data
