[1.111s] Invoking command in '/home/armaanm/eufs_dev/eufs_data/build/gt_tap': PYTHONPATH=/home/armaanm/eufs_dev/eufs_data/build/gt_tap/prefix_override:/usr/lib/python3/dist-packages/colcon_core/task/python/colcon_distutils_commands:/home/armaanm/eufs_dev/eufs_data/install/gt_tap/lib/python3.8/site-packages:${PYTHONPATH} /usr/bin/python3 -W ignore:setup.py install is deprecated -W ignore:easy_install command is deprecated setup.py develop --editable --build-directory /home/armaanm/eufs_dev/eufs_data/build/gt_tap/build --no-deps symlink_data --force
[1.315s] running develop
[1.418s] running egg_info
[1.418s] writing gt_tap.egg-info/PKG-INFO
[1.418s] writing dependency_links to gt_tap.egg-info/dependency_links.txt
[1.418s] writing entry points to gt_tap.egg-info/entry_points.txt
[1.418s] writing requirements to gt_tap.egg-info/requires.txt
[1.418s] writing top-level names to gt_tap.egg-info/top_level.txt
[1.455s] reading manifest file 'gt_tap.egg-info/SOURCES.txt'
[1.456s] writing manifest file 'gt_tap.egg-info/SOURCES.txt'
[1.482s] running build_ext
[1.484s] Creating /home/armaanm/eufs_dev/eufs_data/install/gt_tap/lib/python3.8/site-packages/gt-tap.egg-link (link to .)
[1.484s] Installing gt_cones script to /home/armaanm/eufs_dev/eufs_data/install/gt_tap/lib/gt_tap
[1.485s] Installing gt_pose script to /home/armaanm/eufs_dev/eufs_data/install/gt_tap/lib/gt_tap
[1.485s] Installing gt_wheels script to /home/armaanm/eufs_dev/eufs_data/install/gt_tap/lib/gt_tap
[1.486s] 
[1.486s] Installed /home/armaanm/eufs_dev/eufs_data/build/gt_tap
[1.487s] running symlink_data
[1.487s] symbolically linking /home/armaanm/eufs_dev/eufs_data/build/gt_tap/resource/gt_tap -> /home/armaanm/eufs_dev/eufs_data/install/gt_tap/share/ament_index/resource_index/packages
[1.487s] symbolically linking /home/armaanm/eufs_dev/eufs_data/build/gt_tap/package.xml -> /home/armaanm/eufs_dev/eufs_data/install/gt_tap/share/gt_tap
[1.533s] Invoked command in '/home/armaanm/eufs_dev/eufs_data/build/gt_tap' returned '0': PYTHONPATH=/home/armaanm/eufs_dev/eufs_data/build/gt_tap/prefix_override:/usr/lib/python3/dist-packages/colcon_core/task/python/colcon_distutils_commands:/home/armaanm/eufs_dev/eufs_data/install/gt_tap/lib/python3.8/site-packages:${PYTHONPATH} /usr/bin/python3 -W ignore:setup.py install is deprecated -W ignore:easy_install command is deprecated setup.py develop --editable --build-directory /home/armaanm/eufs_dev/eufs_data/build/gt_tap/build --no-deps symlink_data --force
