running egg_info
writing ../../build/lidar_tap/lidar_tap.egg-info/PKG-INFO
writing dependency_links to ../../build/lidar_tap/lidar_tap.egg-info/dependency_links.txt
writing entry points to ../../build/lidar_tap/lidar_tap.egg-info/entry_points.txt
writing requirements to ../../build/lidar_tap/lidar_tap.egg-info/requires.txt
writing top-level names to ../../build/lidar_tap/lidar_tap.egg-info/top_level.txt
reading manifest file '../../build/lidar_tap/lidar_tap.egg-info/SOURCES.txt'
writing manifest file '../../build/lidar_tap/lidar_tap.egg-info/SOURCES.txt'
running build
running build_py
running install
running install_lib
running install_data
running install_egg_info
removing '/home/armaanm/eufs_dev/eufs_data/install/lidar_tap/lib/python3.8/site-packages/lidar_tap-0.0.0-py3.8.egg-info' (and everything under it)
Copying ../../build/lidar_tap/lidar_tap.egg-info to /home/armaanm/eufs_dev/eufs_data/install/lidar_tap/lib/python3.8/site-packages/lidar_tap-0.0.0-py3.8.egg-info
running install_scripts
Installing lidardata script to /home/armaanm/eufs_dev/eufs_data/install/lidar_tap/lib/lidar_tap
Installing pcviewer script to /home/armaanm/eufs_dev/eufs_data/install/lidar_tap/lib/lidar_tap
Installing velodyne_tap script to /home/armaanm/eufs_dev/eufs_data/install/lidar_tap/lib/lidar_tap
writing list of installed files to '/home/armaanm/eufs_dev/eufs_data/build/lidar_tap/install.log'
