[1.473s] Invoking command in '/home/armaanm/eufs_dev/eufs_data/src/lidar_tap': PYTHONPATH=/home/armaanm/eufs_dev/eufs_data/build/lidar_tap/prefix_override:/usr/lib/python3/dist-packages/colcon_core/task/python/colcon_distutils_commands:/home/armaanm/eufs_dev/eufs_data/install/lidar_tap/lib/python3.8/site-packages:${PYTHONPATH} /usr/bin/python3 -W ignore:setup.py install is deprecated -W ignore:easy_install command is deprecated setup.py egg_info --egg-base ../../build/lidar_tap build --build-base /home/armaanm/eufs_dev/eufs_data/build/lidar_tap/build install --record /home/armaanm/eufs_dev/eufs_data/build/lidar_tap/install.log --single-version-externally-managed install_data
[1.733s] running egg_info
[1.734s] writing ../../build/lidar_tap/lidar_tap.egg-info/PKG-INFO
[1.735s] writing dependency_links to ../../build/lidar_tap/lidar_tap.egg-info/dependency_links.txt
[1.735s] writing entry points to ../../build/lidar_tap/lidar_tap.egg-info/entry_points.txt
[1.735s] writing requirements to ../../build/lidar_tap/lidar_tap.egg-info/requires.txt
[1.735s] writing top-level names to ../../build/lidar_tap/lidar_tap.egg-info/top_level.txt
[1.775s] reading manifest file '../../build/lidar_tap/lidar_tap.egg-info/SOURCES.txt'
[1.776s] writing manifest file '../../build/lidar_tap/lidar_tap.egg-info/SOURCES.txt'
[1.777s] running build
[1.777s] running build_py
[1.777s] running install
[1.778s] running install_lib
[1.779s] running install_data
[1.780s] running install_egg_info
[1.782s] removing '/home/armaanm/eufs_dev/eufs_data/install/lidar_tap/lib/python3.8/site-packages/lidar_tap-0.0.0-py3.8.egg-info' (and everything under it)
[1.783s] Copying ../../build/lidar_tap/lidar_tap.egg-info to /home/armaanm/eufs_dev/eufs_data/install/lidar_tap/lib/python3.8/site-packages/lidar_tap-0.0.0-py3.8.egg-info
[1.785s] running install_scripts
[1.813s] Installing lidardata script to /home/armaanm/eufs_dev/eufs_data/install/lidar_tap/lib/lidar_tap
[1.813s] Installing pcviewer script to /home/armaanm/eufs_dev/eufs_data/install/lidar_tap/lib/lidar_tap
[1.814s] Installing velodyne_tap script to /home/armaanm/eufs_dev/eufs_data/install/lidar_tap/lib/lidar_tap
[1.814s] writing list of installed files to '/home/armaanm/eufs_dev/eufs_data/build/lidar_tap/install.log'
[1.855s] Invoked command in '/home/armaanm/eufs_dev/eufs_data/src/lidar_tap' returned '0': PYTHONPATH=/home/armaanm/eufs_dev/eufs_data/build/lidar_tap/prefix_override:/usr/lib/python3/dist-packages/colcon_core/task/python/colcon_distutils_commands:/home/armaanm/eufs_dev/eufs_data/install/lidar_tap/lib/python3.8/site-packages:${PYTHONPATH} /usr/bin/python3 -W ignore:setup.py install is deprecated -W ignore:easy_install command is deprecated setup.py egg_info --egg-base ../../build/lidar_tap build --build-base /home/armaanm/eufs_dev/eufs_data/build/lidar_tap/build install --record /home/armaanm/eufs_dev/eufs_data/build/lidar_tap/install.log --single-version-externally-managed install_data
