[0.539s] Invoking command in '/home/armaanm/eufs_dev/eufs_data/build/lidar_tap': PYTHONPATH=/home/armaanm/eufs_dev/eufs_data/build/lidar_tap/prefix_override:/usr/lib/python3/dist-packages/colcon_core/task/python/colcon_distutils_commands:/home/armaanm/eufs_dev/eufs_data/install/lidar_tap/lib/python3.8/site-packages:${PYTHONPATH} /usr/bin/python3 -W ignore:setup.py install is deprecated -W ignore:easy_install command is deprecated setup.py develop --editable --build-directory /home/armaanm/eufs_dev/eufs_data/build/lidar_tap/build --no-deps symlink_data
[0.724s] running develop
[0.819s] running egg_info
[0.819s] creating lidar_tap.egg-info
[0.819s] writing lidar_tap.egg-info/PKG-INFO
[0.819s] writing dependency_links to lidar_tap.egg-info/dependency_links.txt
[0.820s] writing entry points to lidar_tap.egg-info/entry_points.txt
[0.820s] writing requirements to lidar_tap.egg-info/requires.txt
[0.820s] writing top-level names to lidar_tap.egg-info/top_level.txt
[0.821s] writing manifest file 'lidar_tap.egg-info/SOURCES.txt'
[0.846s] reading manifest file 'lidar_tap.egg-info/SOURCES.txt'
[0.847s] writing manifest file 'lidar_tap.egg-info/SOURCES.txt'
[0.870s] running build_ext
[0.870s] Creating /home/armaanm/eufs_dev/eufs_data/install/lidar_tap/lib/python3.8/site-packages/site.py
[0.871s] Creating /home/armaanm/eufs_dev/eufs_data/install/lidar_tap/lib/python3.8/site-packages/lidar-tap.egg-link (link to .)
[0.872s] Installing pcviewer script to /home/armaanm/eufs_dev/eufs_data/install/lidar_tap/lib/lidar_tap
[0.872s] Installing velodyne_tap script to /home/armaanm/eufs_dev/eufs_data/install/lidar_tap/lib/lidar_tap
[0.872s] 
[0.873s] Installed /home/armaanm/eufs_dev/eufs_data/build/lidar_tap
[0.873s] running symlink_data
[0.873s] creating /home/armaanm/eufs_dev/eufs_data/install/lidar_tap/share/ament_index
[0.873s] creating /home/armaanm/eufs_dev/eufs_data/install/lidar_tap/share/ament_index/resource_index
[0.873s] creating /home/armaanm/eufs_dev/eufs_data/install/lidar_tap/share/ament_index/resource_index/packages
[0.873s] symbolically linking /home/armaanm/eufs_dev/eufs_data/build/lidar_tap/resource/lidar_tap -> /home/armaanm/eufs_dev/eufs_data/install/lidar_tap/share/ament_index/resource_index/packages
[0.873s] symbolically linking /home/armaanm/eufs_dev/eufs_data/build/lidar_tap/package.xml -> /home/armaanm/eufs_dev/eufs_data/install/lidar_tap/share/lidar_tap
[0.896s] Invoked command in '/home/armaanm/eufs_dev/eufs_data/build/lidar_tap' returned '0': PYTHONPATH=/home/armaanm/eufs_dev/eufs_data/build/lidar_tap/prefix_override:/usr/lib/python3/dist-packages/colcon_core/task/python/colcon_distutils_commands:/home/armaanm/eufs_dev/eufs_data/install/lidar_tap/lib/python3.8/site-packages:${PYTHONPATH} /usr/bin/python3 -W ignore:setup.py install is deprecated -W ignore:easy_install command is deprecated setup.py develop --editable --build-directory /home/armaanm/eufs_dev/eufs_data/build/lidar_tap/build --no-deps symlink_data
