[0.579s] Invoking command in '/home/armaanm/eufs_dev/eufs_data/build/gt_tap': PYTHONPATH=/home/armaanm/eufs_dev/eufs_data/build/gt_tap/prefix_override:/usr/lib/python3/dist-packages/colcon_core/task/python/colcon_distutils_commands:/home/armaanm/eufs_dev/eufs_data/install/gt_tap/lib/python3.8/site-packages:${PYTHONPATH} /usr/bin/python3 -W ignore:setup.py install is deprecated -W ignore:easy_install command is deprecated setup.py develop --editable --build-directory /home/armaanm/eufs_dev/eufs_data/build/gt_tap/build --no-deps symlink_data
[0.691s] running develop
[0.760s] running egg_info
[0.760s] creating gt_tap.egg-info
[0.761s] writing gt_tap.egg-info/PKG-INFO
[0.761s] writing dependency_links to gt_tap.egg-info/dependency_links.txt
[0.761s] writing entry points to gt_tap.egg-info/entry_points.txt
[0.761s] writing requirements to gt_tap.egg-info/requires.txt
[0.761s] writing top-level names to gt_tap.egg-info/top_level.txt
[0.763s] writing manifest file 'gt_tap.egg-info/SOURCES.txt'
[0.780s] reading manifest file 'gt_tap.egg-info/SOURCES.txt'
[0.780s] writing manifest file 'gt_tap.egg-info/SOURCES.txt'
[0.798s] running build_ext
[0.799s] Creating /home/armaanm/eufs_dev/eufs_data/install/gt_tap/lib/python3.8/site-packages/site.py
[0.801s] Creating /home/armaanm/eufs_dev/eufs_data/install/gt_tap/lib/python3.8/site-packages/gt-tap.egg-link (link to .)
[0.801s] Installing gt_cones script to /home/armaanm/eufs_dev/eufs_data/install/gt_tap/lib/gt_tap
[0.801s] Installing gt_gps script to /home/armaanm/eufs_dev/eufs_data/install/gt_tap/lib/gt_tap
[0.801s] Installing gt_pose script to /home/armaanm/eufs_dev/eufs_data/install/gt_tap/lib/gt_tap
[0.801s] Installing gt_state script to /home/armaanm/eufs_dev/eufs_data/install/gt_tap/lib/gt_tap
[0.801s] Installing gt_track script to /home/armaanm/eufs_dev/eufs_data/install/gt_tap/lib/gt_tap
[0.802s] Installing gt_wheels script to /home/armaanm/eufs_dev/eufs_data/install/gt_tap/lib/gt_tap
[0.802s] 
[0.802s] Installed /home/armaanm/eufs_dev/eufs_data/build/gt_tap
[0.802s] running symlink_data
[0.802s] creating /home/armaanm/eufs_dev/eufs_data/install/gt_tap/share/ament_index
[0.802s] creating /home/armaanm/eufs_dev/eufs_data/install/gt_tap/share/ament_index/resource_index
[0.802s] creating /home/armaanm/eufs_dev/eufs_data/install/gt_tap/share/ament_index/resource_index/packages
[0.802s] symbolically linking /home/armaanm/eufs_dev/eufs_data/build/gt_tap/resource/gt_tap -> /home/armaanm/eufs_dev/eufs_data/install/gt_tap/share/ament_index/resource_index/packages
[0.802s] symbolically linking /home/armaanm/eufs_dev/eufs_data/build/gt_tap/package.xml -> /home/armaanm/eufs_dev/eufs_data/install/gt_tap/share/gt_tap
[0.830s] Invoked command in '/home/armaanm/eufs_dev/eufs_data/build/gt_tap' returned '0': PYTHONPATH=/home/armaanm/eufs_dev/eufs_data/build/gt_tap/prefix_override:/usr/lib/python3/dist-packages/colcon_core/task/python/colcon_distutils_commands:/home/armaanm/eufs_dev/eufs_data/install/gt_tap/lib/python3.8/site-packages:${PYTHONPATH} /usr/bin/python3 -W ignore:setup.py install is deprecated -W ignore:easy_install command is deprecated setup.py develop --editable --build-directory /home/armaanm/eufs_dev/eufs_data/build/gt_tap/build --no-deps symlink_data
