running egg_info
creating ../../build/ctrl_tap/ctrl_tap.egg-info
writing ../../build/ctrl_tap/ctrl_tap.egg-info/PKG-INFO
writing dependency_links to ../../build/ctrl_tap/ctrl_tap.egg-info/dependency_links.txt
writing entry points to ../../build/ctrl_tap/ctrl_tap.egg-info/entry_points.txt
writing requirements to ../../build/ctrl_tap/ctrl_tap.egg-info/requires.txt
writing top-level names to ../../build/ctrl_tap/ctrl_tap.egg-info/top_level.txt
writing manifest file '../../build/ctrl_tap/ctrl_tap.egg-info/SOURCES.txt'
reading manifest file '../../build/ctrl_tap/ctrl_tap.egg-info/SOURCES.txt'
writing manifest file '../../build/ctrl_tap/ctrl_tap.egg-info/SOURCES.txt'
running build
running build_py
creating /home/armaanm/eufs_dev/eufs_data/build/ctrl_tap/build
creating /home/armaanm/eufs_dev/eufs_data/build/ctrl_tap/build/lib
creating /home/armaanm/eufs_dev/eufs_data/build/ctrl_tap/build/lib/ctrl_tap
copying ctrl_tap/controls_node.py -> /home/armaanm/eufs_dev/eufs_data/build/ctrl_tap/build/lib/ctrl_tap
copying ctrl_tap/__init__.py -> /home/armaanm/eufs_dev/eufs_data/build/ctrl_tap/build/lib/ctrl_tap
running install
running install_lib
creating /home/armaanm/eufs_dev/eufs_data/install/ctrl_tap/lib/python3.8/site-packages/ctrl_tap
copying /home/armaanm/eufs_dev/eufs_data/build/ctrl_tap/build/lib/ctrl_tap/controls_node.py -> /home/armaanm/eufs_dev/eufs_data/install/ctrl_tap/lib/python3.8/site-packages/ctrl_tap
copying /home/armaanm/eufs_dev/eufs_data/build/ctrl_tap/build/lib/ctrl_tap/__init__.py -> /home/armaanm/eufs_dev/eufs_data/install/ctrl_tap/lib/python3.8/site-packages/ctrl_tap
byte-compiling /home/armaanm/eufs_dev/eufs_data/install/ctrl_tap/lib/python3.8/site-packages/ctrl_tap/controls_node.py to controls_node.cpython-38.pyc
byte-compiling /home/armaanm/eufs_dev/eufs_data/install/ctrl_tap/lib/python3.8/site-packages/ctrl_tap/__init__.py to __init__.cpython-38.pyc
running install_data
creating /home/armaanm/eufs_dev/eufs_data/install/ctrl_tap/share/ament_index
creating /home/armaanm/eufs_dev/eufs_data/install/ctrl_tap/share/ament_index/resource_index
creating /home/armaanm/eufs_dev/eufs_data/install/ctrl_tap/share/ament_index/resource_index/packages
copying resource/ctrl_tap -> /home/armaanm/eufs_dev/eufs_data/install/ctrl_tap/share/ament_index/resource_index/packages
copying package.xml -> /home/armaanm/eufs_dev/eufs_data/install/ctrl_tap/share/ctrl_tap
running install_egg_info
Copying ../../build/ctrl_tap/ctrl_tap.egg-info to /home/armaanm/eufs_dev/eufs_data/install/ctrl_tap/lib/python3.8/site-packages/ctrl_tap-0.0.0-py3.8.egg-info
running install_scripts
writing list of installed files to '/home/armaanm/eufs_dev/eufs_data/build/ctrl_tap/install.log'
