[0.244s] DEBUG:colcon:Command line arguments: ['/usr/bin/colcon', 'build']
[0.244s] DEBUG:colcon:Parsed command line arguments: Namespace(allow_overriding=[], ament_cmake_args=None, base_paths=['.'], build_base='build', catkin_cmake_args=None, catkin_skip_building_tests=False, cmake_args=None, cmake_clean_cache=False, cmake_clean_first=False, cmake_force_configure=False, cmake_target=None, cmake_target_skip_unavailable=False, continue_on_error=False, event_handlers=None, executor='parallel', ignore_user_meta=False, install_base='install', log_base=None, log_level=None, main=<bound method BuildVerb.main of <colcon_core.verb.build.BuildVerb object at 0x71a6cf126250>>, merge_install=False, metas=['./colcon.meta'], packages_above=None, packages_above_and_dependencies=None, packages_above_depth=None, packages_end=None, packages_ignore=None, packages_ignore_regex=None, packages_select=None, packages_select_build_failed=False, packages_select_by_dep=None, packages_select_regex=None, packages_select_test_failures=False, packages_skip=None, packages_skip_build_finished=False, packages_skip_by_dep=None, packages_skip_regex=None, packages_skip_test_passed=False, packages_skip_up_to=None, packages_start=None, packages_up_to=None, packages_up_to_regex=None, parallel_workers=32, paths=None, symlink_install=False, test_result_base=None, verb_extension=<colcon_core.verb.build.BuildVerb object at 0x71a6cf126250>, verb_name='build', verb_parser=<colcon_defaults.argument_parser.defaults.DefaultArgumentsDecorator object at 0x71a6cf126d30>)
[0.365s] Level 1:colcon.colcon_core.package_discovery:discover_packages(colcon_meta) check parameters
[0.365s] Level 1:colcon.colcon_core.package_discovery:discover_packages(recursive) check parameters
[0.365s] Level 1:colcon.colcon_core.package_discovery:discover_packages(ignore) check parameters
[0.365s] Level 1:colcon.colcon_core.package_discovery:discover_packages(path) check parameters
[0.365s] Level 1:colcon.colcon_core.package_discovery:discover_packages(colcon_meta) discover
[0.365s] Level 1:colcon.colcon_core.package_discovery:discover_packages(recursive) discover
[0.366s] INFO:colcon.colcon_core.package_discovery:Crawling recursively for packages in '/home/armaanm/eufs_dev/eufs_data'
[0.366s] Level 1:colcon.colcon_core.package_identification:_identify(.) by extensions ['ignore', 'ignore_ament_install']
[0.366s] Level 1:colcon.colcon_core.package_identification:_identify(.) by extension 'ignore'
[0.366s] Level 1:colcon.colcon_core.package_identification:_identify(.) by extension 'ignore_ament_install'
[0.366s] Level 1:colcon.colcon_core.package_identification:_identify(.) by extensions ['colcon_pkg']
[0.366s] Level 1:colcon.colcon_core.package_identification:_identify(.) by extension 'colcon_pkg'
[0.366s] Level 1:colcon.colcon_core.package_identification:_identify(.) by extensions ['colcon_meta']
[0.366s] Level 1:colcon.colcon_core.package_identification:_identify(.) by extension 'colcon_meta'
[0.366s] Level 1:colcon.colcon_core.package_identification:_identify(.) by extensions ['ros']
[0.366s] Level 1:colcon.colcon_core.package_identification:_identify(.) by extension 'ros'
[0.379s] Level 1:colcon.colcon_core.package_identification:_identify(.) by extensions ['cmake', 'python']
[0.379s] Level 1:colcon.colcon_core.package_identification:_identify(.) by extension 'cmake'
[0.380s] Level 1:colcon.colcon_core.package_identification:_identify(.) by extension 'python'
[0.380s] Level 1:colcon.colcon_core.package_identification:_identify(.) by extensions ['python_setup_py']
[0.380s] Level 1:colcon.colcon_core.package_identification:_identify(.) by extension 'python_setup_py'
[0.380s] Level 1:colcon.colcon_core.package_identification:_identify(build) by extensions ['ignore', 'ignore_ament_install']
[0.380s] Level 1:colcon.colcon_core.package_identification:_identify(build) by extension 'ignore'
[0.380s] Level 1:colcon.colcon_core.package_identification:_identify(build) ignored
[0.380s] Level 1:colcon.colcon_core.package_identification:_identify(install) by extensions ['ignore', 'ignore_ament_install']
[0.380s] Level 1:colcon.colcon_core.package_identification:_identify(install) by extension 'ignore'
[0.380s] Level 1:colcon.colcon_core.package_identification:_identify(install) ignored
[0.380s] Level 1:colcon.colcon_core.package_identification:_identify(log) by extensions ['ignore', 'ignore_ament_install']
[0.380s] Level 1:colcon.colcon_core.package_identification:_identify(log) by extension 'ignore'
[0.380s] Level 1:colcon.colcon_core.package_identification:_identify(log) ignored
[0.381s] Level 1:colcon.colcon_core.package_identification:_identify(logs) by extensions ['ignore', 'ignore_ament_install']
[0.381s] Level 1:colcon.colcon_core.package_identification:_identify(logs) by extension 'ignore'
[0.381s] Level 1:colcon.colcon_core.package_identification:_identify(logs) by extension 'ignore_ament_install'
[0.381s] Level 1:colcon.colcon_core.package_identification:_identify(logs) by extensions ['colcon_pkg']
[0.381s] Level 1:colcon.colcon_core.package_identification:_identify(logs) by extension 'colcon_pkg'
[0.381s] Level 1:colcon.colcon_core.package_identification:_identify(logs) by extensions ['colcon_meta']
[0.381s] Level 1:colcon.colcon_core.package_identification:_identify(logs) by extension 'colcon_meta'
[0.381s] Level 1:colcon.colcon_core.package_identification:_identify(logs) by extensions ['ros']
[0.381s] Level 1:colcon.colcon_core.package_identification:_identify(logs) by extension 'ros'
[0.381s] Level 1:colcon.colcon_core.package_identification:_identify(logs) by extensions ['cmake', 'python']
[0.381s] Level 1:colcon.colcon_core.package_identification:_identify(logs) by extension 'cmake'
[0.381s] Level 1:colcon.colcon_core.package_identification:_identify(logs) by extension 'python'
[0.381s] Level 1:colcon.colcon_core.package_identification:_identify(logs) by extensions ['python_setup_py']
[0.381s] Level 1:colcon.colcon_core.package_identification:_identify(logs) by extension 'python_setup_py'
[0.381s] Level 1:colcon.colcon_core.package_identification:_identify(src) by extensions ['ignore', 'ignore_ament_install']
[0.381s] Level 1:colcon.colcon_core.package_identification:_identify(src) by extension 'ignore'
[0.381s] Level 1:colcon.colcon_core.package_identification:_identify(src) by extension 'ignore_ament_install'
[0.381s] Level 1:colcon.colcon_core.package_identification:_identify(src) by extensions ['colcon_pkg']
[0.381s] Level 1:colcon.colcon_core.package_identification:_identify(src) by extension 'colcon_pkg'
[0.381s] Level 1:colcon.colcon_core.package_identification:_identify(src) by extensions ['colcon_meta']
[0.381s] Level 1:colcon.colcon_core.package_identification:_identify(src) by extension 'colcon_meta'
[0.381s] Level 1:colcon.colcon_core.package_identification:_identify(src) by extensions ['ros']
[0.381s] Level 1:colcon.colcon_core.package_identification:_identify(src) by extension 'ros'
[0.382s] Level 1:colcon.colcon_core.package_identification:_identify(src) by extensions ['cmake', 'python']
[0.382s] Level 1:colcon.colcon_core.package_identification:_identify(src) by extension 'cmake'
[0.382s] Level 1:colcon.colcon_core.package_identification:_identify(src) by extension 'python'
[0.382s] Level 1:colcon.colcon_core.package_identification:_identify(src) by extensions ['python_setup_py']
[0.382s] Level 1:colcon.colcon_core.package_identification:_identify(src) by extension 'python_setup_py'
[0.382s] Level 1:colcon.colcon_core.package_identification:_identify(src/ctrl_tap) by extensions ['ignore', 'ignore_ament_install']
[0.382s] Level 1:colcon.colcon_core.package_identification:_identify(src/ctrl_tap) by extension 'ignore'
[0.382s] Level 1:colcon.colcon_core.package_identification:_identify(src/ctrl_tap) by extension 'ignore_ament_install'
[0.382s] Level 1:colcon.colcon_core.package_identification:_identify(src/ctrl_tap) by extensions ['colcon_pkg']
[0.382s] Level 1:colcon.colcon_core.package_identification:_identify(src/ctrl_tap) by extension 'colcon_pkg'
[0.382s] Level 1:colcon.colcon_core.package_identification:_identify(src/ctrl_tap) by extensions ['colcon_meta']
[0.382s] Level 1:colcon.colcon_core.package_identification:_identify(src/ctrl_tap) by extension 'colcon_meta'
[0.382s] Level 1:colcon.colcon_core.package_identification:_identify(src/ctrl_tap) by extensions ['ros']
[0.382s] Level 1:colcon.colcon_core.package_identification:_identify(src/ctrl_tap) by extension 'ros'
[0.385s] DEBUG:colcon.colcon_core.package_identification:Package 'src/ctrl_tap' with type 'ros.ament_python' and name 'ctrl_tap'
[0.385s] Level 1:colcon.colcon_core.package_identification:_identify(src/gt_tap) by extensions ['ignore', 'ignore_ament_install']
[0.385s] Level 1:colcon.colcon_core.package_identification:_identify(src/gt_tap) by extension 'ignore'
[0.385s] Level 1:colcon.colcon_core.package_identification:_identify(src/gt_tap) by extension 'ignore_ament_install'
[0.385s] Level 1:colcon.colcon_core.package_identification:_identify(src/gt_tap) by extensions ['colcon_pkg']
[0.385s] Level 1:colcon.colcon_core.package_identification:_identify(src/gt_tap) by extension 'colcon_pkg'
[0.385s] Level 1:colcon.colcon_core.package_identification:_identify(src/gt_tap) by extensions ['colcon_meta']
[0.385s] Level 1:colcon.colcon_core.package_identification:_identify(src/gt_tap) by extension 'colcon_meta'
[0.385s] Level 1:colcon.colcon_core.package_identification:_identify(src/gt_tap) by extensions ['ros']
[0.385s] Level 1:colcon.colcon_core.package_identification:_identify(src/gt_tap) by extension 'ros'
[0.386s] DEBUG:colcon.colcon_core.package_identification:Package 'src/gt_tap' with type 'ros.ament_python' and name 'gt_tap'
[0.386s] Level 1:colcon.colcon_core.package_identification:_identify(src/lidar_tap) by extensions ['ignore', 'ignore_ament_install']
[0.386s] Level 1:colcon.colcon_core.package_identification:_identify(src/lidar_tap) by extension 'ignore'
[0.386s] Level 1:colcon.colcon_core.package_identification:_identify(src/lidar_tap) by extension 'ignore_ament_install'
[0.386s] Level 1:colcon.colcon_core.package_identification:_identify(src/lidar_tap) by extensions ['colcon_pkg']
[0.386s] Level 1:colcon.colcon_core.package_identification:_identify(src/lidar_tap) by extension 'colcon_pkg'
[0.386s] Level 1:colcon.colcon_core.package_identification:_identify(src/lidar_tap) by extensions ['colcon_meta']
[0.386s] Level 1:colcon.colcon_core.package_identification:_identify(src/lidar_tap) by extension 'colcon_meta'
[0.386s] Level 1:colcon.colcon_core.package_identification:_identify(src/lidar_tap) by extensions ['ros']
[0.386s] Level 1:colcon.colcon_core.package_identification:_identify(src/lidar_tap) by extension 'ros'
[0.388s] DEBUG:colcon.colcon_core.package_identification:Package 'src/lidar_tap' with type 'ros.ament_python' and name 'lidar_tap'
[0.388s] Level 1:colcon.colcon_core.package_discovery:discover_packages(recursive) using defaults
[0.388s] Level 1:colcon.colcon_core.package_discovery:discover_packages(ignore) discover
[0.388s] Level 1:colcon.colcon_core.package_discovery:discover_packages(ignore) using defaults
[0.388s] Level 1:colcon.colcon_core.package_discovery:discover_packages(path) discover
[0.388s] Level 1:colcon.colcon_core.package_discovery:discover_packages(path) using defaults
[0.405s] Level 1:colcon.colcon_core.package_discovery:discover_packages(prefix_path) check parameters
[0.405s] Level 1:colcon.colcon_core.package_discovery:discover_packages(prefix_path) discover
[0.408s] DEBUG:colcon.colcon_installed_package_information.package_discovery:Found 9 installed packages in /home/armaanm/eufs/install
[0.408s] DEBUG:colcon.colcon_installed_package_information.package_discovery:Found 2 installed packages in /home/armaanm/eufs_dev/eufs_data/install
[0.409s] DEBUG:colcon.colcon_installed_package_information.package_discovery:Found 280 installed packages in /opt/ros/galactic
[0.417s] Level 1:colcon.colcon_core.package_discovery:discover_packages(prefix_path) using defaults
[0.466s] Level 5:colcon.colcon_core.verb:set package 'ctrl_tap' build argument 'cmake_args' from command line to 'None'
[0.466s] Level 5:colcon.colcon_core.verb:set package 'ctrl_tap' build argument 'cmake_target' from command line to 'None'
[0.466s] Level 5:colcon.colcon_core.verb:set package 'ctrl_tap' build argument 'cmake_target_skip_unavailable' from command line to 'False'
[0.466s] Level 5:colcon.colcon_core.verb:set package 'ctrl_tap' build argument 'cmake_clean_cache' from command line to 'False'
[0.466s] Level 5:colcon.colcon_core.verb:set package 'ctrl_tap' build argument 'cmake_clean_first' from command line to 'False'
[0.466s] Level 5:colcon.colcon_core.verb:set package 'ctrl_tap' build argument 'cmake_force_configure' from command line to 'False'
[0.466s] Level 5:colcon.colcon_core.verb:set package 'ctrl_tap' build argument 'ament_cmake_args' from command line to 'None'
[0.466s] Level 5:colcon.colcon_core.verb:set package 'ctrl_tap' build argument 'catkin_cmake_args' from command line to 'None'
[0.467s] Level 5:colcon.colcon_core.verb:set package 'ctrl_tap' build argument 'catkin_skip_building_tests' from command line to 'False'
[0.467s] DEBUG:colcon.colcon_core.verb:Building package 'ctrl_tap' with the following arguments: {'ament_cmake_args': None, 'build_base': '/home/armaanm/eufs_dev/eufs_data/build/ctrl_tap', 'catkin_cmake_args': None, 'catkin_skip_building_tests': False, 'cmake_args': None, 'cmake_clean_cache': False, 'cmake_clean_first': False, 'cmake_force_configure': False, 'cmake_target': None, 'cmake_target_skip_unavailable': False, 'install_base': '/home/armaanm/eufs_dev/eufs_data/install/ctrl_tap', 'merge_install': False, 'path': '/home/armaanm/eufs_dev/eufs_data/src/ctrl_tap', 'symlink_install': False, 'test_result_base': None}
[0.467s] Level 5:colcon.colcon_core.verb:set package 'gt_tap' build argument 'cmake_args' from command line to 'None'
[0.467s] Level 5:colcon.colcon_core.verb:set package 'gt_tap' build argument 'cmake_target' from command line to 'None'
[0.467s] Level 5:colcon.colcon_core.verb:set package 'gt_tap' build argument 'cmake_target_skip_unavailable' from command line to 'False'
[0.467s] Level 5:colcon.colcon_core.verb:set package 'gt_tap' build argument 'cmake_clean_cache' from command line to 'False'
[0.467s] Level 5:colcon.colcon_core.verb:set package 'gt_tap' build argument 'cmake_clean_first' from command line to 'False'
[0.467s] Level 5:colcon.colcon_core.verb:set package 'gt_tap' build argument 'cmake_force_configure' from command line to 'False'
[0.467s] Level 5:colcon.colcon_core.verb:set package 'gt_tap' build argument 'ament_cmake_args' from command line to 'None'
[0.467s] Level 5:colcon.colcon_core.verb:set package 'gt_tap' build argument 'catkin_cmake_args' from command line to 'None'
[0.467s] Level 5:colcon.colcon_core.verb:set package 'gt_tap' build argument 'catkin_skip_building_tests' from command line to 'False'
[0.467s] DEBUG:colcon.colcon_core.verb:Building package 'gt_tap' with the following arguments: {'ament_cmake_args': None, 'build_base': '/home/armaanm/eufs_dev/eufs_data/build/gt_tap', 'catkin_cmake_args': None, 'catkin_skip_building_tests': False, 'cmake_args': None, 'cmake_clean_cache': False, 'cmake_clean_first': False, 'cmake_force_configure': False, 'cmake_target': None, 'cmake_target_skip_unavailable': False, 'install_base': '/home/armaanm/eufs_dev/eufs_data/install/gt_tap', 'merge_install': False, 'path': '/home/armaanm/eufs_dev/eufs_data/src/gt_tap', 'symlink_install': False, 'test_result_base': None}
[0.467s] Level 5:colcon.colcon_core.verb:set package 'lidar_tap' build argument 'cmake_args' from command line to 'None'
[0.467s] Level 5:colcon.colcon_core.verb:set package 'lidar_tap' build argument 'cmake_target' from command line to 'None'
[0.467s] Level 5:colcon.colcon_core.verb:set package 'lidar_tap' build argument 'cmake_target_skip_unavailable' from command line to 'False'
[0.467s] Level 5:colcon.colcon_core.verb:set package 'lidar_tap' build argument 'cmake_clean_cache' from command line to 'False'
[0.467s] Level 5:colcon.colcon_core.verb:set package 'lidar_tap' build argument 'cmake_clean_first' from command line to 'False'
[0.467s] Level 5:colcon.colcon_core.verb:set package 'lidar_tap' build argument 'cmake_force_configure' from command line to 'False'
[0.467s] Level 5:colcon.colcon_core.verb:set package 'lidar_tap' build argument 'ament_cmake_args' from command line to 'None'
[0.467s] Level 5:colcon.colcon_core.verb:set package 'lidar_tap' build argument 'catkin_cmake_args' from command line to 'None'
[0.467s] Level 5:colcon.colcon_core.verb:set package 'lidar_tap' build argument 'catkin_skip_building_tests' from command line to 'False'
[0.467s] DEBUG:colcon.colcon_core.verb:Building package 'lidar_tap' with the following arguments: {'ament_cmake_args': None, 'build_base': '/home/armaanm/eufs_dev/eufs_data/build/lidar_tap', 'catkin_cmake_args': None, 'catkin_skip_building_tests': False, 'cmake_args': None, 'cmake_clean_cache': False, 'cmake_clean_first': False, 'cmake_force_configure': False, 'cmake_target': None, 'cmake_target_skip_unavailable': False, 'install_base': '/home/armaanm/eufs_dev/eufs_data/install/lidar_tap', 'merge_install': False, 'path': '/home/armaanm/eufs_dev/eufs_data/src/lidar_tap', 'symlink_install': False, 'test_result_base': None}
[0.467s] INFO:colcon.colcon_core.executor:Executing jobs using 'parallel' executor
[0.468s] DEBUG:colcon.colcon_parallel_executor.executor.parallel:run_until_complete
[0.469s] INFO:colcon.colcon_ros.task.ament_python.build:Building ROS package in '/home/armaanm/eufs_dev/eufs_data/src/ctrl_tap' with build type 'ament_python'
[0.469s] Level 1:colcon.colcon_core.shell:create_environment_hook('ctrl_tap', 'ament_prefix_path')
[0.471s] INFO:colcon.colcon_core.plugin_system:Skipping extension 'colcon_core.shell.bat': Not used on non-Windows systems
[0.471s] INFO:colcon.colcon_core.shell:Creating environment hook '/home/armaanm/eufs_dev/eufs_data/install/ctrl_tap/share/ctrl_tap/hook/ament_prefix_path.ps1'
[0.474s] INFO:colcon.colcon_core.shell:Creating environment descriptor '/home/armaanm/eufs_dev/eufs_data/install/ctrl_tap/share/ctrl_tap/hook/ament_prefix_path.dsv'
[0.475s] INFO:colcon.colcon_core.shell:Creating environment hook '/home/armaanm/eufs_dev/eufs_data/install/ctrl_tap/share/ctrl_tap/hook/ament_prefix_path.sh'
[0.477s] INFO:colcon.colcon_core.shell:Skip shell extension 'powershell' for command environment: Not usable outside of PowerShell
[0.477s] DEBUG:colcon.colcon_core.shell:Skip shell extension 'dsv' for command environment
[0.485s] INFO:colcon.colcon_ros.task.ament_python.build:Building ROS package in '/home/armaanm/eufs_dev/eufs_data/src/gt_tap' with build type 'ament_python'
[0.486s] Level 1:colcon.colcon_core.shell:create_environment_hook('gt_tap', 'ament_prefix_path')
[0.486s] INFO:colcon.colcon_core.shell:Creating environment hook '/home/armaanm/eufs_dev/eufs_data/install/gt_tap/share/gt_tap/hook/ament_prefix_path.ps1'
[0.488s] INFO:colcon.colcon_core.shell:Creating environment descriptor '/home/armaanm/eufs_dev/eufs_data/install/gt_tap/share/gt_tap/hook/ament_prefix_path.dsv'
[0.488s] INFO:colcon.colcon_core.shell:Creating environment hook '/home/armaanm/eufs_dev/eufs_data/install/gt_tap/share/gt_tap/hook/ament_prefix_path.sh'
[0.489s] INFO:colcon.colcon_core.shell:Skip shell extension 'powershell' for command environment: Not usable outside of PowerShell
[0.489s] DEBUG:colcon.colcon_core.shell:Skip shell extension 'dsv' for command environment
[0.493s] INFO:colcon.colcon_ros.task.ament_python.build:Building ROS package in '/home/armaanm/eufs_dev/eufs_data/src/lidar_tap' with build type 'ament_python'
[0.494s] Level 1:colcon.colcon_core.shell:create_environment_hook('lidar_tap', 'ament_prefix_path')
[0.494s] INFO:colcon.colcon_core.shell:Creating environment hook '/home/armaanm/eufs_dev/eufs_data/install/lidar_tap/share/lidar_tap/hook/ament_prefix_path.ps1'
[0.496s] INFO:colcon.colcon_core.shell:Creating environment descriptor '/home/armaanm/eufs_dev/eufs_data/install/lidar_tap/share/lidar_tap/hook/ament_prefix_path.dsv'
[0.496s] INFO:colcon.colcon_core.shell:Creating environment hook '/home/armaanm/eufs_dev/eufs_data/install/lidar_tap/share/lidar_tap/hook/ament_prefix_path.sh'
[0.497s] INFO:colcon.colcon_core.shell:Skip shell extension 'powershell' for command environment: Not usable outside of PowerShell
[0.497s] DEBUG:colcon.colcon_core.shell:Skip shell extension 'dsv' for command environment
[0.704s] INFO:colcon.colcon_core.task.python.build:Building Python package in '/home/armaanm/eufs_dev/eufs_data/src/ctrl_tap'
[0.704s] INFO:colcon.colcon_core.shell:Skip shell extension 'powershell' for command environment: Not usable outside of PowerShell
[0.704s] DEBUG:colcon.colcon_core.shell:Skip shell extension 'dsv' for command environment
[0.905s] INFO:colcon.colcon_core.task.python.build:Building Python package in '/home/armaanm/eufs_dev/eufs_data/src/gt_tap'
[0.905s] INFO:colcon.colcon_core.shell:Skip shell extension 'powershell' for command environment: Not usable outside of PowerShell
[0.906s] DEBUG:colcon.colcon_core.shell:Skip shell extension 'dsv' for command environment
[1.122s] INFO:colcon.colcon_core.task.python.build:Building Python package in '/home/armaanm/eufs_dev/eufs_data/src/lidar_tap'
[1.123s] INFO:colcon.colcon_core.shell:Skip shell extension 'powershell' for command environment: Not usable outside of PowerShell
[1.123s] DEBUG:colcon.colcon_core.shell:Skip shell extension 'dsv' for command environment
[1.629s] DEBUG:colcon.colcon_core.event_handler.log_command:Invoking command in '/home/armaanm/eufs_dev/eufs_data/src/ctrl_tap': PYTHONPATH=/home/armaanm/eufs_dev/eufs_data/build/ctrl_tap/prefix_override:/usr/lib/python3/dist-packages/colcon_core/task/python/colcon_distutils_commands:/home/armaanm/eufs_dev/eufs_data/install/ctrl_tap/lib/python3.8/site-packages:${PYTHONPATH} /usr/bin/python3 -W ignore:setup.py install is deprecated -W ignore:easy_install command is deprecated setup.py egg_info --egg-base ../../build/ctrl_tap build --build-base /home/armaanm/eufs_dev/eufs_data/build/ctrl_tap/build install --record /home/armaanm/eufs_dev/eufs_data/build/ctrl_tap/install.log --single-version-externally-managed install_data
[1.643s] DEBUG:colcon.colcon_core.event_handler.log_command:Invoking command in '/home/armaanm/eufs_dev/eufs_data/build/lidar_tap': PYTHONPATH=/home/armaanm/eufs_dev/eufs_data/build/lidar_tap/prefix_override:/usr/lib/python3/dist-packages/colcon_core/task/python/colcon_distutils_commands:/home/armaanm/eufs_dev/eufs_data/install/lidar_tap/lib/python3.8/site-packages:${PYTHONPATH} /usr/bin/python3 -W ignore:setup.py install is deprecated -W ignore:easy_install command is deprecated setup.py develop --uninstall --editable --build-directory /home/armaanm/eufs_dev/eufs_data/build/lidar_tap/build
[1.644s] DEBUG:colcon.colcon_core.event_handler.log_command:Invoking command in '/home/armaanm/eufs_dev/eufs_data/build/gt_tap': PYTHONPATH=/home/armaanm/eufs_dev/eufs_data/build/gt_tap/prefix_override:/usr/lib/python3/dist-packages/colcon_core/task/python/colcon_distutils_commands:/home/armaanm/eufs_dev/eufs_data/install/gt_tap/lib/python3.8/site-packages:${PYTHONPATH} /usr/bin/python3 -W ignore:setup.py install is deprecated -W ignore:easy_install command is deprecated setup.py develop --uninstall --editable --build-directory /home/armaanm/eufs_dev/eufs_data/build/gt_tap/build
[1.937s] DEBUG:colcon.colcon_core.event_handler.log_command:Invoked command in '/home/armaanm/eufs_dev/eufs_data/src/ctrl_tap' returned '0': PYTHONPATH=/home/armaanm/eufs_dev/eufs_data/build/ctrl_tap/prefix_override:/usr/lib/python3/dist-packages/colcon_core/task/python/colcon_distutils_commands:/home/armaanm/eufs_dev/eufs_data/install/ctrl_tap/lib/python3.8/site-packages:${PYTHONPATH} /usr/bin/python3 -W ignore:setup.py install is deprecated -W ignore:easy_install command is deprecated setup.py egg_info --egg-base ../../build/ctrl_tap build --build-base /home/armaanm/eufs_dev/eufs_data/build/ctrl_tap/build install --record /home/armaanm/eufs_dev/eufs_data/build/ctrl_tap/install.log --single-version-externally-managed install_data
[1.948s] Level 1:colcon.colcon_core.environment:checking '/home/armaanm/eufs_dev/eufs_data/install/ctrl_tap' for CMake module files
[1.949s] Level 1:colcon.colcon_core.environment:checking '/home/armaanm/eufs_dev/eufs_data/install/ctrl_tap' for CMake config files
[1.950s] Level 1:colcon.colcon_core.environment:checking '/home/armaanm/eufs_dev/eufs_data/install/ctrl_tap/lib'
[1.950s] Level 1:colcon.colcon_core.environment:checking '/home/armaanm/eufs_dev/eufs_data/install/ctrl_tap/bin'
[1.950s] Level 1:colcon.colcon_core.environment:checking '/home/armaanm/eufs_dev/eufs_data/install/ctrl_tap/lib/pkgconfig/ctrl_tap.pc'
[1.951s] Level 1:colcon.colcon_core.environment:checking '/home/armaanm/eufs_dev/eufs_data/install/ctrl_tap/lib/python3.8/site-packages'
[1.951s] Level 1:colcon.colcon_core.shell:create_environment_hook('ctrl_tap', 'pythonpath')
[1.951s] INFO:colcon.colcon_core.shell:Creating environment hook '/home/armaanm/eufs_dev/eufs_data/install/ctrl_tap/share/ctrl_tap/hook/pythonpath.ps1'
[1.952s] INFO:colcon.colcon_core.shell:Creating environment descriptor '/home/armaanm/eufs_dev/eufs_data/install/ctrl_tap/share/ctrl_tap/hook/pythonpath.dsv'
[1.952s] INFO:colcon.colcon_core.shell:Creating environment hook '/home/armaanm/eufs_dev/eufs_data/install/ctrl_tap/share/ctrl_tap/hook/pythonpath.sh'
[1.953s] Level 1:colcon.colcon_core.environment:checking '/home/armaanm/eufs_dev/eufs_data/install/ctrl_tap/bin'
[1.954s] Level 1:colcon.colcon_core.environment:create_environment_scripts_only(ctrl_tap)
[1.954s] INFO:colcon.colcon_core.shell:Creating package script '/home/armaanm/eufs_dev/eufs_data/install/ctrl_tap/share/ctrl_tap/package.ps1'
[1.956s] INFO:colcon.colcon_core.shell:Creating package descriptor '/home/armaanm/eufs_dev/eufs_data/install/ctrl_tap/share/ctrl_tap/package.dsv'
[1.957s] INFO:colcon.colcon_core.shell:Creating package script '/home/armaanm/eufs_dev/eufs_data/install/ctrl_tap/share/ctrl_tap/package.sh'
[1.958s] INFO:colcon.colcon_core.shell:Creating package script '/home/armaanm/eufs_dev/eufs_data/install/ctrl_tap/share/ctrl_tap/package.bash'
[1.959s] INFO:colcon.colcon_core.shell:Creating package script '/home/armaanm/eufs_dev/eufs_data/install/ctrl_tap/share/ctrl_tap/package.zsh'
[1.960s] Level 1:colcon.colcon_core.environment:create_file_with_runtime_dependencies(/home/armaanm/eufs_dev/eufs_data/install/ctrl_tap/share/colcon-core/packages/ctrl_tap)
[2.032s] DEBUG:colcon.colcon_core.event_handler.log_command:Invoked command in '/home/armaanm/eufs_dev/eufs_data/build/lidar_tap' returned '0': PYTHONPATH=/home/armaanm/eufs_dev/eufs_data/build/lidar_tap/prefix_override:/usr/lib/python3/dist-packages/colcon_core/task/python/colcon_distutils_commands:/home/armaanm/eufs_dev/eufs_data/install/lidar_tap/lib/python3.8/site-packages:${PYTHONPATH} /usr/bin/python3 -W ignore:setup.py install is deprecated -W ignore:easy_install command is deprecated setup.py develop --uninstall --editable --build-directory /home/armaanm/eufs_dev/eufs_data/build/lidar_tap/build
[2.036s] DEBUG:colcon.colcon_core.event_handler.log_command:Invoking command in '/home/armaanm/eufs_dev/eufs_data/src/lidar_tap': PYTHONPATH=/home/armaanm/eufs_dev/eufs_data/build/lidar_tap/prefix_override:/usr/lib/python3/dist-packages/colcon_core/task/python/colcon_distutils_commands:/home/armaanm/eufs_dev/eufs_data/install/lidar_tap/lib/python3.8/site-packages:${PYTHONPATH} /usr/bin/python3 -W ignore:setup.py install is deprecated -W ignore:easy_install command is deprecated setup.py egg_info --egg-base ../../build/lidar_tap build --build-base /home/armaanm/eufs_dev/eufs_data/build/lidar_tap/build install --record /home/armaanm/eufs_dev/eufs_data/build/lidar_tap/install.log --single-version-externally-managed install_data --force
[2.039s] DEBUG:colcon.colcon_core.event_handler.log_command:Invoked command in '/home/armaanm/eufs_dev/eufs_data/build/gt_tap' returned '0': PYTHONPATH=/home/armaanm/eufs_dev/eufs_data/build/gt_tap/prefix_override:/usr/lib/python3/dist-packages/colcon_core/task/python/colcon_distutils_commands:/home/armaanm/eufs_dev/eufs_data/install/gt_tap/lib/python3.8/site-packages:${PYTHONPATH} /usr/bin/python3 -W ignore:setup.py install is deprecated -W ignore:easy_install command is deprecated setup.py develop --uninstall --editable --build-directory /home/armaanm/eufs_dev/eufs_data/build/gt_tap/build
[2.042s] DEBUG:colcon.colcon_core.event_handler.log_command:Invoking command in '/home/armaanm/eufs_dev/eufs_data/src/gt_tap': PYTHONPATH=/home/armaanm/eufs_dev/eufs_data/build/gt_tap/prefix_override:/usr/lib/python3/dist-packages/colcon_core/task/python/colcon_distutils_commands:/home/armaanm/eufs_dev/eufs_data/install/gt_tap/lib/python3.8/site-packages:${PYTHONPATH} /usr/bin/python3 -W ignore:setup.py install is deprecated -W ignore:easy_install command is deprecated setup.py egg_info --egg-base ../../build/gt_tap build --build-base /home/armaanm/eufs_dev/eufs_data/build/gt_tap/build install --record /home/armaanm/eufs_dev/eufs_data/build/gt_tap/install.log --single-version-externally-managed install_data --force
[2.329s] Level 1:colcon.colcon_core.environment:checking '/home/armaanm/eufs_dev/eufs_data/install/gt_tap' for CMake module files
[2.330s] DEBUG:colcon.colcon_core.event_handler.log_command:Invoked command in '/home/armaanm/eufs_dev/eufs_data/src/gt_tap' returned '0': PYTHONPATH=/home/armaanm/eufs_dev/eufs_data/build/gt_tap/prefix_override:/usr/lib/python3/dist-packages/colcon_core/task/python/colcon_distutils_commands:/home/armaanm/eufs_dev/eufs_data/install/gt_tap/lib/python3.8/site-packages:${PYTHONPATH} /usr/bin/python3 -W ignore:setup.py install is deprecated -W ignore:easy_install command is deprecated setup.py egg_info --egg-base ../../build/gt_tap build --build-base /home/armaanm/eufs_dev/eufs_data/build/gt_tap/build install --record /home/armaanm/eufs_dev/eufs_data/build/gt_tap/install.log --single-version-externally-managed install_data --force
[2.331s] Level 1:colcon.colcon_core.environment:checking '/home/armaanm/eufs_dev/eufs_data/install/gt_tap' for CMake config files
[2.331s] Level 1:colcon.colcon_core.environment:checking '/home/armaanm/eufs_dev/eufs_data/install/gt_tap/lib'
[2.331s] Level 1:colcon.colcon_core.environment:checking '/home/armaanm/eufs_dev/eufs_data/install/gt_tap/bin'
[2.331s] Level 1:colcon.colcon_core.environment:checking '/home/armaanm/eufs_dev/eufs_data/install/gt_tap/lib/pkgconfig/gt_tap.pc'
[2.331s] Level 1:colcon.colcon_core.environment:checking '/home/armaanm/eufs_dev/eufs_data/install/gt_tap/lib/python3.8/site-packages'
[2.332s] Level 1:colcon.colcon_core.shell:create_environment_hook('gt_tap', 'pythonpath')
[2.332s] INFO:colcon.colcon_core.shell:Creating environment hook '/home/armaanm/eufs_dev/eufs_data/install/gt_tap/share/gt_tap/hook/pythonpath.ps1'
[2.332s] INFO:colcon.colcon_core.shell:Creating environment descriptor '/home/armaanm/eufs_dev/eufs_data/install/gt_tap/share/gt_tap/hook/pythonpath.dsv'
[2.333s] INFO:colcon.colcon_core.shell:Creating environment hook '/home/armaanm/eufs_dev/eufs_data/install/gt_tap/share/gt_tap/hook/pythonpath.sh'
[2.333s] Level 1:colcon.colcon_core.environment:checking '/home/armaanm/eufs_dev/eufs_data/install/gt_tap/bin'
[2.333s] Level 1:colcon.colcon_core.environment:create_environment_scripts_only(gt_tap)
[2.334s] INFO:colcon.colcon_core.shell:Creating package script '/home/armaanm/eufs_dev/eufs_data/install/gt_tap/share/gt_tap/package.ps1'
[2.334s] INFO:colcon.colcon_core.shell:Creating package descriptor '/home/armaanm/eufs_dev/eufs_data/install/gt_tap/share/gt_tap/package.dsv'
[2.334s] INFO:colcon.colcon_core.shell:Creating package script '/home/armaanm/eufs_dev/eufs_data/install/gt_tap/share/gt_tap/package.sh'
[2.335s] INFO:colcon.colcon_core.shell:Creating package script '/home/armaanm/eufs_dev/eufs_data/install/gt_tap/share/gt_tap/package.bash'
[2.335s] INFO:colcon.colcon_core.shell:Creating package script '/home/armaanm/eufs_dev/eufs_data/install/gt_tap/share/gt_tap/package.zsh'
[2.336s] Level 1:colcon.colcon_core.environment:create_file_with_runtime_dependencies(/home/armaanm/eufs_dev/eufs_data/install/gt_tap/share/colcon-core/packages/gt_tap)
[2.338s] Level 1:colcon.colcon_core.environment:checking '/home/armaanm/eufs_dev/eufs_data/install/lidar_tap' for CMake module files
[2.338s] Level 1:colcon.colcon_core.environment:checking '/home/armaanm/eufs_dev/eufs_data/install/lidar_tap' for CMake config files
[2.339s] DEBUG:colcon.colcon_core.event_handler.log_command:Invoked command in '/home/armaanm/eufs_dev/eufs_data/src/lidar_tap' returned '0': PYTHONPATH=/home/armaanm/eufs_dev/eufs_data/build/lidar_tap/prefix_override:/usr/lib/python3/dist-packages/colcon_core/task/python/colcon_distutils_commands:/home/armaanm/eufs_dev/eufs_data/install/lidar_tap/lib/python3.8/site-packages:${PYTHONPATH} /usr/bin/python3 -W ignore:setup.py install is deprecated -W ignore:easy_install command is deprecated setup.py egg_info --egg-base ../../build/lidar_tap build --build-base /home/armaanm/eufs_dev/eufs_data/build/lidar_tap/build install --record /home/armaanm/eufs_dev/eufs_data/build/lidar_tap/install.log --single-version-externally-managed install_data --force
[2.339s] Level 1:colcon.colcon_core.environment:checking '/home/armaanm/eufs_dev/eufs_data/install/lidar_tap/lib'
[2.339s] Level 1:colcon.colcon_core.environment:checking '/home/armaanm/eufs_dev/eufs_data/install/lidar_tap/bin'
[2.339s] Level 1:colcon.colcon_core.environment:checking '/home/armaanm/eufs_dev/eufs_data/install/lidar_tap/lib/pkgconfig/lidar_tap.pc'
[2.339s] Level 1:colcon.colcon_core.environment:checking '/home/armaanm/eufs_dev/eufs_data/install/lidar_tap/lib/python3.8/site-packages'
[2.339s] Level 1:colcon.colcon_core.shell:create_environment_hook('lidar_tap', 'pythonpath')
[2.340s] INFO:colcon.colcon_core.shell:Creating environment hook '/home/armaanm/eufs_dev/eufs_data/install/lidar_tap/share/lidar_tap/hook/pythonpath.ps1'
[2.340s] INFO:colcon.colcon_core.shell:Creating environment descriptor '/home/armaanm/eufs_dev/eufs_data/install/lidar_tap/share/lidar_tap/hook/pythonpath.dsv'
[2.341s] INFO:colcon.colcon_core.shell:Creating environment hook '/home/armaanm/eufs_dev/eufs_data/install/lidar_tap/share/lidar_tap/hook/pythonpath.sh'
[2.341s] Level 1:colcon.colcon_core.environment:checking '/home/armaanm/eufs_dev/eufs_data/install/lidar_tap/bin'
[2.342s] Level 1:colcon.colcon_core.environment:create_environment_scripts_only(lidar_tap)
[2.342s] INFO:colcon.colcon_core.shell:Creating package script '/home/armaanm/eufs_dev/eufs_data/install/lidar_tap/share/lidar_tap/package.ps1'
[2.342s] INFO:colcon.colcon_core.shell:Creating package descriptor '/home/armaanm/eufs_dev/eufs_data/install/lidar_tap/share/lidar_tap/package.dsv'
[2.343s] INFO:colcon.colcon_core.shell:Creating package script '/home/armaanm/eufs_dev/eufs_data/install/lidar_tap/share/lidar_tap/package.sh'
[2.343s] INFO:colcon.colcon_core.shell:Creating package script '/home/armaanm/eufs_dev/eufs_data/install/lidar_tap/share/lidar_tap/package.bash'
[2.343s] INFO:colcon.colcon_core.shell:Creating package script '/home/armaanm/eufs_dev/eufs_data/install/lidar_tap/share/lidar_tap/package.zsh'
[2.344s] Level 1:colcon.colcon_core.environment:create_file_with_runtime_dependencies(/home/armaanm/eufs_dev/eufs_data/install/lidar_tap/share/colcon-core/packages/lidar_tap)
[2.344s] DEBUG:colcon.colcon_parallel_executor.executor.parallel:closing loop
[2.345s] DEBUG:colcon.colcon_parallel_executor.executor.parallel:loop closed
[2.346s] DEBUG:colcon.colcon_parallel_executor.executor.parallel:run_until_complete finished with '0'
[2.346s] DEBUG:colcon.colcon_core.event_reactor:joining thread
[2.396s] INFO:colcon.colcon_core.plugin_system:Skipping extension 'colcon_notification.desktop_notification.notify_send': Could not find 'notify-send'
[2.397s] INFO:colcon.colcon_core.plugin_system:Skipping extension 'colcon_notification.desktop_notification.terminal_notifier': Not used on non-Darwin systems
[2.397s] INFO:colcon.colcon_core.plugin_system:Skipping extension 'colcon_notification.desktop_notification.win32': Not used on non-Windows systems
[2.397s] INFO:colcon.colcon_notification.desktop_notification:Sending desktop notification using 'notify2'
[2.398s] DEBUG:colcon.colcon_notification.desktop_notification.notify2:Failed to initialize notify2: org.freedesktop.DBus.Error.ServiceUnknown: The name org.freedesktop.Notifications was not provided by any .service files
[2.398s] DEBUG:colcon.colcon_core.event_reactor:joined thread
[2.399s] INFO:colcon.colcon_core.shell:Creating prefix script '/home/armaanm/eufs_dev/eufs_data/install/local_setup.ps1'
[2.399s] INFO:colcon.colcon_core.shell:Creating prefix util module '/home/armaanm/eufs_dev/eufs_data/install/_local_setup_util_ps1.py'
[2.400s] INFO:colcon.colcon_core.shell:Creating prefix chain script '/home/armaanm/eufs_dev/eufs_data/install/setup.ps1'
[2.401s] INFO:colcon.colcon_core.shell:Creating prefix script '/home/armaanm/eufs_dev/eufs_data/install/local_setup.sh'
[2.402s] INFO:colcon.colcon_core.shell:Creating prefix util module '/home/armaanm/eufs_dev/eufs_data/install/_local_setup_util_sh.py'
[2.402s] INFO:colcon.colcon_core.shell:Creating prefix chain script '/home/armaanm/eufs_dev/eufs_data/install/setup.sh'
[2.403s] INFO:colcon.colcon_core.shell:Creating prefix script '/home/armaanm/eufs_dev/eufs_data/install/local_setup.bash'
[2.404s] INFO:colcon.colcon_core.shell:Creating prefix chain script '/home/armaanm/eufs_dev/eufs_data/install/setup.bash'
[2.404s] INFO:colcon.colcon_core.shell:Creating prefix script '/home/armaanm/eufs_dev/eufs_data/install/local_setup.zsh'
[2.405s] INFO:colcon.colcon_core.shell:Creating prefix chain script '/home/armaanm/eufs_dev/eufs_data/install/setup.zsh'
