[0.239s] DEBUG:colcon:Command line arguments: ['/usr/bin/colcon', 'build', '--symlink-install']
[0.239s] DEBUG:colcon:Parsed command line arguments: Namespace(allow_overriding=[], ament_cmake_args=None, base_paths=['.'], build_base='build', catkin_cmake_args=None, catkin_skip_building_tests=False, cmake_args=None, cmake_clean_cache=False, cmake_clean_first=False, cmake_force_configure=False, cmake_target=None, cmake_target_skip_unavailable=False, continue_on_error=False, event_handlers=None, executor='parallel', ignore_user_meta=False, install_base='install', log_base=None, log_level=None, main=<bound method BuildVerb.main of <colcon_core.verb.build.BuildVerb object at 0x702259449850>>, merge_install=False, metas=['./colcon.meta'], packages_above=None, packages_above_and_dependencies=None, packages_above_depth=None, packages_end=None, packages_ignore=None, packages_ignore_regex=None, packages_select=None, packages_select_build_failed=False, packages_select_by_dep=None, packages_select_regex=None, packages_select_test_failures=False, packages_skip=None, packages_skip_build_finished=False, packages_skip_by_dep=None, packages_skip_regex=None, packages_skip_test_passed=False, packages_skip_up_to=None, packages_start=None, packages_up_to=None, packages_up_to_regex=None, parallel_workers=32, paths=None, symlink_install=True, test_result_base=None, verb_extension=<colcon_core.verb.build.BuildVerb object at 0x702259449850>, verb_name='build', verb_parser=<colcon_defaults.argument_parser.defaults.DefaultArgumentsDecorator object at 0x70225945c070>)
[0.329s] Level 1:colcon.colcon_core.package_discovery:discover_packages(colcon_meta) check parameters
[0.330s] Level 1:colcon.colcon_core.package_discovery:discover_packages(recursive) check parameters
[0.330s] Level 1:colcon.colcon_core.package_discovery:discover_packages(ignore) check parameters
[0.330s] Level 1:colcon.colcon_core.package_discovery:discover_packages(path) check parameters
[0.330s] Level 1:colcon.colcon_core.package_discovery:discover_packages(colcon_meta) discover
[0.330s] Level 1:colcon.colcon_core.package_discovery:discover_packages(recursive) discover
[0.330s] INFO:colcon.colcon_core.package_discovery:Crawling recursively for packages in '/home/armaanm/eufs_dev/eufs_data'
[0.330s] Level 1:colcon.colcon_core.package_identification:_identify(.) by extensions ['ignore', 'ignore_ament_install']
[0.330s] Level 1:colcon.colcon_core.package_identification:_identify(.) by extension 'ignore'
[0.330s] Level 1:colcon.colcon_core.package_identification:_identify(.) by extension 'ignore_ament_install'
[0.330s] Level 1:colcon.colcon_core.package_identification:_identify(.) by extensions ['colcon_pkg']
[0.330s] Level 1:colcon.colcon_core.package_identification:_identify(.) by extension 'colcon_pkg'
[0.330s] Level 1:colcon.colcon_core.package_identification:_identify(.) by extensions ['colcon_meta']
[0.330s] Level 1:colcon.colcon_core.package_identification:_identify(.) by extension 'colcon_meta'
[0.330s] Level 1:colcon.colcon_core.package_identification:_identify(.) by extensions ['ros']
[0.330s] Level 1:colcon.colcon_core.package_identification:_identify(.) by extension 'ros'
[0.337s] Level 1:colcon.colcon_core.package_identification:_identify(.) by extensions ['cmake', 'python']
[0.337s] Level 1:colcon.colcon_core.package_identification:_identify(.) by extension 'cmake'
[0.337s] Level 1:colcon.colcon_core.package_identification:_identify(.) by extension 'python'
[0.337s] Level 1:colcon.colcon_core.package_identification:_identify(.) by extensions ['python_setup_py']
[0.337s] Level 1:colcon.colcon_core.package_identification:_identify(.) by extension 'python_setup_py'
[0.337s] Level 1:colcon.colcon_core.package_identification:_identify(build) by extensions ['ignore', 'ignore_ament_install']
[0.337s] Level 1:colcon.colcon_core.package_identification:_identify(build) by extension 'ignore'
[0.337s] Level 1:colcon.colcon_core.package_identification:_identify(build) ignored
[0.337s] Level 1:colcon.colcon_core.package_identification:_identify(install) by extensions ['ignore', 'ignore_ament_install']
[0.337s] Level 1:colcon.colcon_core.package_identification:_identify(install) by extension 'ignore'
[0.337s] Level 1:colcon.colcon_core.package_identification:_identify(install) ignored
[0.337s] Level 1:colcon.colcon_core.package_identification:_identify(log) by extensions ['ignore', 'ignore_ament_install']
[0.337s] Level 1:colcon.colcon_core.package_identification:_identify(log) by extension 'ignore'
[0.337s] Level 1:colcon.colcon_core.package_identification:_identify(log) ignored
[0.337s] Level 1:colcon.colcon_core.package_identification:_identify(src) by extensions ['ignore', 'ignore_ament_install']
[0.337s] Level 1:colcon.colcon_core.package_identification:_identify(src) by extension 'ignore'
[0.337s] Level 1:colcon.colcon_core.package_identification:_identify(src) by extension 'ignore_ament_install'
[0.337s] Level 1:colcon.colcon_core.package_identification:_identify(src) by extensions ['colcon_pkg']
[0.337s] Level 1:colcon.colcon_core.package_identification:_identify(src) by extension 'colcon_pkg'
[0.337s] Level 1:colcon.colcon_core.package_identification:_identify(src) by extensions ['colcon_meta']
[0.337s] Level 1:colcon.colcon_core.package_identification:_identify(src) by extension 'colcon_meta'
[0.337s] Level 1:colcon.colcon_core.package_identification:_identify(src) by extensions ['ros']
[0.337s] Level 1:colcon.colcon_core.package_identification:_identify(src) by extension 'ros'
[0.337s] Level 1:colcon.colcon_core.package_identification:_identify(src) by extensions ['cmake', 'python']
[0.337s] Level 1:colcon.colcon_core.package_identification:_identify(src) by extension 'cmake'
[0.338s] Level 1:colcon.colcon_core.package_identification:_identify(src) by extension 'python'
[0.338s] Level 1:colcon.colcon_core.package_identification:_identify(src) by extensions ['python_setup_py']
[0.338s] Level 1:colcon.colcon_core.package_identification:_identify(src) by extension 'python_setup_py'
[0.338s] Level 1:colcon.colcon_core.package_identification:_identify(src/cam_tap) by extensions ['ignore', 'ignore_ament_install']
[0.338s] Level 1:colcon.colcon_core.package_identification:_identify(src/cam_tap) by extension 'ignore'
[0.338s] Level 1:colcon.colcon_core.package_identification:_identify(src/cam_tap) by extension 'ignore_ament_install'
[0.338s] Level 1:colcon.colcon_core.package_identification:_identify(src/cam_tap) by extensions ['colcon_pkg']
[0.338s] Level 1:colcon.colcon_core.package_identification:_identify(src/cam_tap) by extension 'colcon_pkg'
[0.338s] Level 1:colcon.colcon_core.package_identification:_identify(src/cam_tap) by extensions ['colcon_meta']
[0.338s] Level 1:colcon.colcon_core.package_identification:_identify(src/cam_tap) by extension 'colcon_meta'
[0.338s] Level 1:colcon.colcon_core.package_identification:_identify(src/cam_tap) by extensions ['ros']
[0.338s] Level 1:colcon.colcon_core.package_identification:_identify(src/cam_tap) by extension 'ros'
[0.340s] DEBUG:colcon.colcon_core.package_identification:Package 'src/cam_tap' with type 'ros.ament_python' and name 'cam_tap'
[0.341s] Level 1:colcon.colcon_core.package_identification:_identify(src/ctrl_tap) by extensions ['ignore', 'ignore_ament_install']
[0.341s] Level 1:colcon.colcon_core.package_identification:_identify(src/ctrl_tap) by extension 'ignore'
[0.341s] Level 1:colcon.colcon_core.package_identification:_identify(src/ctrl_tap) by extension 'ignore_ament_install'
[0.341s] Level 1:colcon.colcon_core.package_identification:_identify(src/ctrl_tap) by extensions ['colcon_pkg']
[0.341s] Level 1:colcon.colcon_core.package_identification:_identify(src/ctrl_tap) by extension 'colcon_pkg'
[0.341s] Level 1:colcon.colcon_core.package_identification:_identify(src/ctrl_tap) by extensions ['colcon_meta']
[0.341s] Level 1:colcon.colcon_core.package_identification:_identify(src/ctrl_tap) by extension 'colcon_meta'
[0.341s] Level 1:colcon.colcon_core.package_identification:_identify(src/ctrl_tap) by extensions ['ros']
[0.341s] Level 1:colcon.colcon_core.package_identification:_identify(src/ctrl_tap) by extension 'ros'
[0.341s] DEBUG:colcon.colcon_core.package_identification:Package 'src/ctrl_tap' with type 'ros.ament_python' and name 'ctrl_tap'
[0.341s] Level 1:colcon.colcon_core.package_identification:_identify(src/gt_tap) by extensions ['ignore', 'ignore_ament_install']
[0.342s] Level 1:colcon.colcon_core.package_identification:_identify(src/gt_tap) by extension 'ignore'
[0.342s] Level 1:colcon.colcon_core.package_identification:_identify(src/gt_tap) by extension 'ignore_ament_install'
[0.342s] Level 1:colcon.colcon_core.package_identification:_identify(src/gt_tap) by extensions ['colcon_pkg']
[0.342s] Level 1:colcon.colcon_core.package_identification:_identify(src/gt_tap) by extension 'colcon_pkg'
[0.342s] Level 1:colcon.colcon_core.package_identification:_identify(src/gt_tap) by extensions ['colcon_meta']
[0.342s] Level 1:colcon.colcon_core.package_identification:_identify(src/gt_tap) by extension 'colcon_meta'
[0.342s] Level 1:colcon.colcon_core.package_identification:_identify(src/gt_tap) by extensions ['ros']
[0.342s] Level 1:colcon.colcon_core.package_identification:_identify(src/gt_tap) by extension 'ros'
[0.342s] DEBUG:colcon.colcon_core.package_identification:Package 'src/gt_tap' with type 'ros.ament_python' and name 'gt_tap'
[0.342s] Level 1:colcon.colcon_core.package_identification:_identify(src/lidar_tap) by extensions ['ignore', 'ignore_ament_install']
[0.342s] Level 1:colcon.colcon_core.package_identification:_identify(src/lidar_tap) by extension 'ignore'
[0.343s] Level 1:colcon.colcon_core.package_identification:_identify(src/lidar_tap) by extension 'ignore_ament_install'
[0.343s] Level 1:colcon.colcon_core.package_identification:_identify(src/lidar_tap) by extensions ['colcon_pkg']
[0.343s] Level 1:colcon.colcon_core.package_identification:_identify(src/lidar_tap) by extension 'colcon_pkg'
[0.343s] Level 1:colcon.colcon_core.package_identification:_identify(src/lidar_tap) by extensions ['colcon_meta']
[0.343s] Level 1:colcon.colcon_core.package_identification:_identify(src/lidar_tap) by extension 'colcon_meta'
[0.343s] Level 1:colcon.colcon_core.package_identification:_identify(src/lidar_tap) by extensions ['ros']
[0.343s] Level 1:colcon.colcon_core.package_identification:_identify(src/lidar_tap) by extension 'ros'
[0.343s] DEBUG:colcon.colcon_core.package_identification:Package 'src/lidar_tap' with type 'ros.ament_python' and name 'lidar_tap'
[0.343s] Level 1:colcon.colcon_core.package_discovery:discover_packages(recursive) using defaults
[0.343s] Level 1:colcon.colcon_core.package_discovery:discover_packages(ignore) discover
[0.343s] Level 1:colcon.colcon_core.package_discovery:discover_packages(ignore) using defaults
[0.343s] Level 1:colcon.colcon_core.package_discovery:discover_packages(path) discover
[0.343s] Level 1:colcon.colcon_core.package_discovery:discover_packages(path) using defaults
[0.364s] Level 1:colcon.colcon_core.package_discovery:discover_packages(prefix_path) check parameters
[0.365s] Level 1:colcon.colcon_core.package_discovery:discover_packages(prefix_path) discover
[0.367s] DEBUG:colcon.colcon_installed_package_information.package_discovery:Found 4 installed packages in /home/armaanm/eufs_dev/eufs_data/install
[0.367s] DEBUG:colcon.colcon_installed_package_information.package_discovery:Found 9 installed packages in /home/armaanm/eufs/install
[0.368s] DEBUG:colcon.colcon_installed_package_information.package_discovery:Found 280 installed packages in /opt/ros/galactic
[0.373s] Level 1:colcon.colcon_core.package_discovery:discover_packages(prefix_path) using defaults
[0.426s] Level 5:colcon.colcon_core.verb:set package 'cam_tap' build argument 'cmake_args' from command line to 'None'
[0.426s] Level 5:colcon.colcon_core.verb:set package 'cam_tap' build argument 'cmake_target' from command line to 'None'
[0.426s] Level 5:colcon.colcon_core.verb:set package 'cam_tap' build argument 'cmake_target_skip_unavailable' from command line to 'False'
[0.426s] Level 5:colcon.colcon_core.verb:set package 'cam_tap' build argument 'cmake_clean_cache' from command line to 'False'
[0.426s] Level 5:colcon.colcon_core.verb:set package 'cam_tap' build argument 'cmake_clean_first' from command line to 'False'
[0.426s] Level 5:colcon.colcon_core.verb:set package 'cam_tap' build argument 'cmake_force_configure' from command line to 'False'
[0.426s] Level 5:colcon.colcon_core.verb:set package 'cam_tap' build argument 'ament_cmake_args' from command line to 'None'
[0.426s] Level 5:colcon.colcon_core.verb:set package 'cam_tap' build argument 'catkin_cmake_args' from command line to 'None'
[0.426s] Level 5:colcon.colcon_core.verb:set package 'cam_tap' build argument 'catkin_skip_building_tests' from command line to 'False'
[0.426s] DEBUG:colcon.colcon_core.verb:Building package 'cam_tap' with the following arguments: {'ament_cmake_args': None, 'build_base': '/home/armaanm/eufs_dev/eufs_data/build/cam_tap', 'catkin_cmake_args': None, 'catkin_skip_building_tests': False, 'cmake_args': None, 'cmake_clean_cache': False, 'cmake_clean_first': False, 'cmake_force_configure': False, 'cmake_target': None, 'cmake_target_skip_unavailable': False, 'install_base': '/home/armaanm/eufs_dev/eufs_data/install/cam_tap', 'merge_install': False, 'path': '/home/armaanm/eufs_dev/eufs_data/src/cam_tap', 'symlink_install': True, 'test_result_base': None}
[0.427s] Level 5:colcon.colcon_core.verb:set package 'ctrl_tap' build argument 'cmake_args' from command line to 'None'
[0.427s] Level 5:colcon.colcon_core.verb:set package 'ctrl_tap' build argument 'cmake_target' from command line to 'None'
[0.427s] Level 5:colcon.colcon_core.verb:set package 'ctrl_tap' build argument 'cmake_target_skip_unavailable' from command line to 'False'
[0.427s] Level 5:colcon.colcon_core.verb:set package 'ctrl_tap' build argument 'cmake_clean_cache' from command line to 'False'
[0.427s] Level 5:colcon.colcon_core.verb:set package 'ctrl_tap' build argument 'cmake_clean_first' from command line to 'False'
[0.427s] Level 5:colcon.colcon_core.verb:set package 'ctrl_tap' build argument 'cmake_force_configure' from command line to 'False'
[0.427s] Level 5:colcon.colcon_core.verb:set package 'ctrl_tap' build argument 'ament_cmake_args' from command line to 'None'
[0.427s] Level 5:colcon.colcon_core.verb:set package 'ctrl_tap' build argument 'catkin_cmake_args' from command line to 'None'
[0.427s] Level 5:colcon.colcon_core.verb:set package 'ctrl_tap' build argument 'catkin_skip_building_tests' from command line to 'False'
[0.427s] DEBUG:colcon.colcon_core.verb:Building package 'ctrl_tap' with the following arguments: {'ament_cmake_args': None, 'build_base': '/home/armaanm/eufs_dev/eufs_data/build/ctrl_tap', 'catkin_cmake_args': None, 'catkin_skip_building_tests': False, 'cmake_args': None, 'cmake_clean_cache': False, 'cmake_clean_first': False, 'cmake_force_configure': False, 'cmake_target': None, 'cmake_target_skip_unavailable': False, 'install_base': '/home/armaanm/eufs_dev/eufs_data/install/ctrl_tap', 'merge_install': False, 'path': '/home/armaanm/eufs_dev/eufs_data/src/ctrl_tap', 'symlink_install': True, 'test_result_base': None}
[0.427s] Level 5:colcon.colcon_core.verb:set package 'gt_tap' build argument 'cmake_args' from command line to 'None'
[0.427s] Level 5:colcon.colcon_core.verb:set package 'gt_tap' build argument 'cmake_target' from command line to 'None'
[0.427s] Level 5:colcon.colcon_core.verb:set package 'gt_tap' build argument 'cmake_target_skip_unavailable' from command line to 'False'
[0.427s] Level 5:colcon.colcon_core.verb:set package 'gt_tap' build argument 'cmake_clean_cache' from command line to 'False'
[0.427s] Level 5:colcon.colcon_core.verb:set package 'gt_tap' build argument 'cmake_clean_first' from command line to 'False'
[0.427s] Level 5:colcon.colcon_core.verb:set package 'gt_tap' build argument 'cmake_force_configure' from command line to 'False'
[0.427s] Level 5:colcon.colcon_core.verb:set package 'gt_tap' build argument 'ament_cmake_args' from command line to 'None'
[0.427s] Level 5:colcon.colcon_core.verb:set package 'gt_tap' build argument 'catkin_cmake_args' from command line to 'None'
[0.427s] Level 5:colcon.colcon_core.verb:set package 'gt_tap' build argument 'catkin_skip_building_tests' from command line to 'False'
[0.427s] DEBUG:colcon.colcon_core.verb:Building package 'gt_tap' with the following arguments: {'ament_cmake_args': None, 'build_base': '/home/armaanm/eufs_dev/eufs_data/build/gt_tap', 'catkin_cmake_args': None, 'catkin_skip_building_tests': False, 'cmake_args': None, 'cmake_clean_cache': False, 'cmake_clean_first': False, 'cmake_force_configure': False, 'cmake_target': None, 'cmake_target_skip_unavailable': False, 'install_base': '/home/armaanm/eufs_dev/eufs_data/install/gt_tap', 'merge_install': False, 'path': '/home/armaanm/eufs_dev/eufs_data/src/gt_tap', 'symlink_install': True, 'test_result_base': None}
[0.427s] Level 5:colcon.colcon_core.verb:set package 'lidar_tap' build argument 'cmake_args' from command line to 'None'
[0.427s] Level 5:colcon.colcon_core.verb:set package 'lidar_tap' build argument 'cmake_target' from command line to 'None'
[0.427s] Level 5:colcon.colcon_core.verb:set package 'lidar_tap' build argument 'cmake_target_skip_unavailable' from command line to 'False'
[0.427s] Level 5:colcon.colcon_core.verb:set package 'lidar_tap' build argument 'cmake_clean_cache' from command line to 'False'
[0.427s] Level 5:colcon.colcon_core.verb:set package 'lidar_tap' build argument 'cmake_clean_first' from command line to 'False'
[0.427s] Level 5:colcon.colcon_core.verb:set package 'lidar_tap' build argument 'cmake_force_configure' from command line to 'False'
[0.427s] Level 5:colcon.colcon_core.verb:set package 'lidar_tap' build argument 'ament_cmake_args' from command line to 'None'
[0.427s] Level 5:colcon.colcon_core.verb:set package 'lidar_tap' build argument 'catkin_cmake_args' from command line to 'None'
[0.427s] Level 5:colcon.colcon_core.verb:set package 'lidar_tap' build argument 'catkin_skip_building_tests' from command line to 'False'
[0.427s] DEBUG:colcon.colcon_core.verb:Building package 'lidar_tap' with the following arguments: {'ament_cmake_args': None, 'build_base': '/home/armaanm/eufs_dev/eufs_data/build/lidar_tap', 'catkin_cmake_args': None, 'catkin_skip_building_tests': False, 'cmake_args': None, 'cmake_clean_cache': False, 'cmake_clean_first': False, 'cmake_force_configure': False, 'cmake_target': None, 'cmake_target_skip_unavailable': False, 'install_base': '/home/armaanm/eufs_dev/eufs_data/install/lidar_tap', 'merge_install': False, 'path': '/home/armaanm/eufs_dev/eufs_data/src/lidar_tap', 'symlink_install': True, 'test_result_base': None}
[0.427s] INFO:colcon.colcon_core.executor:Executing jobs using 'parallel' executor
[0.428s] DEBUG:colcon.colcon_parallel_executor.executor.parallel:run_until_complete
[0.428s] INFO:colcon.colcon_ros.task.ament_python.build:Building ROS package in '/home/armaanm/eufs_dev/eufs_data/src/cam_tap' with build type 'ament_python'
[0.428s] Level 1:colcon.colcon_core.shell:create_environment_hook('cam_tap', 'ament_prefix_path')
[0.433s] INFO:colcon.colcon_core.plugin_system:Skipping extension 'colcon_core.shell.bat': Not used on non-Windows systems
[0.433s] INFO:colcon.colcon_core.shell:Creating environment hook '/home/armaanm/eufs_dev/eufs_data/install/cam_tap/share/cam_tap/hook/ament_prefix_path.ps1'
[0.434s] INFO:colcon.colcon_core.shell:Creating environment descriptor '/home/armaanm/eufs_dev/eufs_data/install/cam_tap/share/cam_tap/hook/ament_prefix_path.dsv'
[0.434s] INFO:colcon.colcon_core.shell:Creating environment hook '/home/armaanm/eufs_dev/eufs_data/install/cam_tap/share/cam_tap/hook/ament_prefix_path.sh'
[0.435s] INFO:colcon.colcon_core.shell:Skip shell extension 'powershell' for command environment: Not usable outside of PowerShell
[0.435s] DEBUG:colcon.colcon_core.shell:Skip shell extension 'dsv' for command environment
[0.439s] INFO:colcon.colcon_ros.task.ament_python.build:Building ROS package in '/home/armaanm/eufs_dev/eufs_data/src/ctrl_tap' with build type 'ament_python'
[0.439s] Level 1:colcon.colcon_core.shell:create_environment_hook('ctrl_tap', 'ament_prefix_path')
[0.439s] INFO:colcon.colcon_core.shell:Creating environment hook '/home/armaanm/eufs_dev/eufs_data/install/ctrl_tap/share/ctrl_tap/hook/ament_prefix_path.ps1'
[0.440s] INFO:colcon.colcon_core.shell:Creating environment descriptor '/home/armaanm/eufs_dev/eufs_data/install/ctrl_tap/share/ctrl_tap/hook/ament_prefix_path.dsv'
[0.440s] INFO:colcon.colcon_core.shell:Creating environment hook '/home/armaanm/eufs_dev/eufs_data/install/ctrl_tap/share/ctrl_tap/hook/ament_prefix_path.sh'
[0.440s] INFO:colcon.colcon_core.shell:Skip shell extension 'powershell' for command environment: Not usable outside of PowerShell
[0.440s] DEBUG:colcon.colcon_core.shell:Skip shell extension 'dsv' for command environment
[0.443s] INFO:colcon.colcon_ros.task.ament_python.build:Building ROS package in '/home/armaanm/eufs_dev/eufs_data/src/gt_tap' with build type 'ament_python'
[0.443s] Level 1:colcon.colcon_core.shell:create_environment_hook('gt_tap', 'ament_prefix_path')
[0.444s] INFO:colcon.colcon_core.shell:Creating environment hook '/home/armaanm/eufs_dev/eufs_data/install/gt_tap/share/gt_tap/hook/ament_prefix_path.ps1'
[0.444s] INFO:colcon.colcon_core.shell:Creating environment descriptor '/home/armaanm/eufs_dev/eufs_data/install/gt_tap/share/gt_tap/hook/ament_prefix_path.dsv'
[0.444s] INFO:colcon.colcon_core.shell:Creating environment hook '/home/armaanm/eufs_dev/eufs_data/install/gt_tap/share/gt_tap/hook/ament_prefix_path.sh'
[0.444s] INFO:colcon.colcon_core.shell:Skip shell extension 'powershell' for command environment: Not usable outside of PowerShell
[0.445s] DEBUG:colcon.colcon_core.shell:Skip shell extension 'dsv' for command environment
[0.447s] INFO:colcon.colcon_ros.task.ament_python.build:Building ROS package in '/home/armaanm/eufs_dev/eufs_data/src/lidar_tap' with build type 'ament_python'
[0.447s] Level 1:colcon.colcon_core.shell:create_environment_hook('lidar_tap', 'ament_prefix_path')
[0.448s] INFO:colcon.colcon_core.shell:Creating environment hook '/home/armaanm/eufs_dev/eufs_data/install/lidar_tap/share/lidar_tap/hook/ament_prefix_path.ps1'
[0.448s] INFO:colcon.colcon_core.shell:Creating environment descriptor '/home/armaanm/eufs_dev/eufs_data/install/lidar_tap/share/lidar_tap/hook/ament_prefix_path.dsv'
[0.448s] INFO:colcon.colcon_core.shell:Creating environment hook '/home/armaanm/eufs_dev/eufs_data/install/lidar_tap/share/lidar_tap/hook/ament_prefix_path.sh'
[0.449s] INFO:colcon.colcon_core.shell:Skip shell extension 'powershell' for command environment: Not usable outside of PowerShell
[0.449s] DEBUG:colcon.colcon_core.shell:Skip shell extension 'dsv' for command environment
[0.579s] INFO:colcon.colcon_core.task.python.build:Building Python package in '/home/armaanm/eufs_dev/eufs_data/src/cam_tap'
[0.579s] INFO:colcon.colcon_core.shell:Skip shell extension 'powershell' for command environment: Not usable outside of PowerShell
[0.579s] DEBUG:colcon.colcon_core.shell:Skip shell extension 'dsv' for command environment
[0.693s] INFO:colcon.colcon_core.task.python.build:Building Python package in '/home/armaanm/eufs_dev/eufs_data/src/ctrl_tap'
[0.693s] INFO:colcon.colcon_core.shell:Skip shell extension 'powershell' for command environment: Not usable outside of PowerShell
[0.693s] DEBUG:colcon.colcon_core.shell:Skip shell extension 'dsv' for command environment
[0.811s] INFO:colcon.colcon_core.task.python.build:Building Python package in '/home/armaanm/eufs_dev/eufs_data/src/gt_tap'
[0.812s] INFO:colcon.colcon_core.shell:Skip shell extension 'powershell' for command environment: Not usable outside of PowerShell
[0.812s] DEBUG:colcon.colcon_core.shell:Skip shell extension 'dsv' for command environment
[0.929s] INFO:colcon.colcon_core.task.python.build:Building Python package in '/home/armaanm/eufs_dev/eufs_data/src/lidar_tap'
[0.929s] INFO:colcon.colcon_core.shell:Skip shell extension 'powershell' for command environment: Not usable outside of PowerShell
[0.929s] DEBUG:colcon.colcon_core.shell:Skip shell extension 'dsv' for command environment
[1.239s] DEBUG:colcon.colcon_core.event_handler.log_command:Invoking command in '/home/armaanm/eufs_dev/eufs_data/build/lidar_tap': PYTHONPATH=/home/armaanm/eufs_dev/eufs_data/build/lidar_tap/prefix_override:/usr/lib/python3/dist-packages/colcon_core/task/python/colcon_distutils_commands:/home/armaanm/eufs_dev/eufs_data/install/lidar_tap/lib/python3.8/site-packages:${PYTHONPATH} /usr/bin/python3 -W ignore:setup.py install is deprecated -W ignore:easy_install command is deprecated setup.py develop --editable --build-directory /home/armaanm/eufs_dev/eufs_data/build/lidar_tap/build --no-deps symlink_data
[1.245s] DEBUG:colcon.colcon_core.event_handler.log_command:Invoking command in '/home/armaanm/eufs_dev/eufs_data/build/ctrl_tap': PYTHONPATH=/home/armaanm/eufs_dev/eufs_data/build/ctrl_tap/prefix_override:/usr/lib/python3/dist-packages/colcon_core/task/python/colcon_distutils_commands:/home/armaanm/eufs_dev/eufs_data/install/ctrl_tap/lib/python3.8/site-packages:${PYTHONPATH} /usr/bin/python3 -W ignore:setup.py install is deprecated -W ignore:easy_install command is deprecated setup.py develop --editable --build-directory /home/armaanm/eufs_dev/eufs_data/build/ctrl_tap/build --no-deps symlink_data
[1.250s] DEBUG:colcon.colcon_core.event_handler.log_command:Invoking command in '/home/armaanm/eufs_dev/eufs_data/build/gt_tap': PYTHONPATH=/home/armaanm/eufs_dev/eufs_data/build/gt_tap/prefix_override:/usr/lib/python3/dist-packages/colcon_core/task/python/colcon_distutils_commands:/home/armaanm/eufs_dev/eufs_data/install/gt_tap/lib/python3.8/site-packages:${PYTHONPATH} /usr/bin/python3 -W ignore:setup.py install is deprecated -W ignore:easy_install command is deprecated setup.py develop --editable --build-directory /home/armaanm/eufs_dev/eufs_data/build/gt_tap/build --no-deps symlink_data
[1.252s] DEBUG:colcon.colcon_core.event_handler.log_command:Invoking command in '/home/armaanm/eufs_dev/eufs_data/build/cam_tap': PYTHONPATH=/home/armaanm/eufs_dev/eufs_data/build/cam_tap/prefix_override:/usr/lib/python3/dist-packages/colcon_core/task/python/colcon_distutils_commands:/home/armaanm/eufs_dev/eufs_data/install/cam_tap/lib/python3.8/site-packages:${PYTHONPATH} /usr/bin/python3 -W ignore:setup.py install is deprecated -W ignore:easy_install command is deprecated setup.py develop --editable --build-directory /home/armaanm/eufs_dev/eufs_data/build/cam_tap/build --no-deps symlink_data
[1.536s] Level 1:colcon.colcon_core.shell:create_environment_hook('gt_tap', 'pythonpath_develop')
[1.536s] INFO:colcon.colcon_core.shell:Creating environment hook '/home/armaanm/eufs_dev/eufs_data/build/gt_tap/share/gt_tap/hook/pythonpath_develop.ps1'
[1.537s] DEBUG:colcon.colcon_core.event_handler.log_command:Invoked command in '/home/armaanm/eufs_dev/eufs_data/build/gt_tap' returned '0': PYTHONPATH=/home/armaanm/eufs_dev/eufs_data/build/gt_tap/prefix_override:/usr/lib/python3/dist-packages/colcon_core/task/python/colcon_distutils_commands:/home/armaanm/eufs_dev/eufs_data/install/gt_tap/lib/python3.8/site-packages:${PYTHONPATH} /usr/bin/python3 -W ignore:setup.py install is deprecated -W ignore:easy_install command is deprecated setup.py develop --editable --build-directory /home/armaanm/eufs_dev/eufs_data/build/gt_tap/build --no-deps symlink_data
[1.537s] INFO:colcon.colcon_core.shell:Creating environment descriptor '/home/armaanm/eufs_dev/eufs_data/build/gt_tap/share/gt_tap/hook/pythonpath_develop.dsv'
[1.537s] INFO:colcon.colcon_core.shell:Creating environment hook '/home/armaanm/eufs_dev/eufs_data/build/gt_tap/share/gt_tap/hook/pythonpath_develop.sh'
[1.543s] Level 1:colcon.colcon_core.environment:checking '/home/armaanm/eufs_dev/eufs_data/install/gt_tap' for CMake module files
[1.543s] Level 1:colcon.colcon_core.environment:checking '/home/armaanm/eufs_dev/eufs_data/install/gt_tap' for CMake config files
[1.544s] Level 1:colcon.colcon_core.environment:checking '/home/armaanm/eufs_dev/eufs_data/install/gt_tap/lib'
[1.544s] Level 1:colcon.colcon_core.environment:checking '/home/armaanm/eufs_dev/eufs_data/install/gt_tap/bin'
[1.544s] Level 1:colcon.colcon_core.environment:checking '/home/armaanm/eufs_dev/eufs_data/install/gt_tap/lib/pkgconfig/gt_tap.pc'
[1.544s] Level 1:colcon.colcon_core.environment:checking '/home/armaanm/eufs_dev/eufs_data/install/gt_tap/lib/python3.8/site-packages'
[1.544s] Level 1:colcon.colcon_core.shell:create_environment_hook('gt_tap', 'pythonpath')
[1.544s] INFO:colcon.colcon_core.shell:Creating environment hook '/home/armaanm/eufs_dev/eufs_data/install/gt_tap/share/gt_tap/hook/pythonpath.ps1'
[1.545s] INFO:colcon.colcon_core.shell:Creating environment descriptor '/home/armaanm/eufs_dev/eufs_data/install/gt_tap/share/gt_tap/hook/pythonpath.dsv'
[1.545s] INFO:colcon.colcon_core.shell:Creating environment hook '/home/armaanm/eufs_dev/eufs_data/install/gt_tap/share/gt_tap/hook/pythonpath.sh'
[1.545s] Level 1:colcon.colcon_core.environment:checking '/home/armaanm/eufs_dev/eufs_data/install/gt_tap/bin'
[1.545s] Level 1:colcon.colcon_core.environment:create_environment_scripts_only(gt_tap)
[1.545s] INFO:colcon.colcon_core.shell:Creating package script '/home/armaanm/eufs_dev/eufs_data/install/gt_tap/share/gt_tap/package.ps1'
[1.546s] INFO:colcon.colcon_core.shell:Creating package descriptor '/home/armaanm/eufs_dev/eufs_data/install/gt_tap/share/gt_tap/package.dsv'
[1.547s] INFO:colcon.colcon_core.shell:Creating package script '/home/armaanm/eufs_dev/eufs_data/install/gt_tap/share/gt_tap/package.sh'
[1.547s] INFO:colcon.colcon_core.shell:Creating package script '/home/armaanm/eufs_dev/eufs_data/install/gt_tap/share/gt_tap/package.bash'
[1.548s] INFO:colcon.colcon_core.shell:Creating package script '/home/armaanm/eufs_dev/eufs_data/install/gt_tap/share/gt_tap/package.zsh'
[1.549s] Level 1:colcon.colcon_core.environment:create_file_with_runtime_dependencies(/home/armaanm/eufs_dev/eufs_data/install/gt_tap/share/colcon-core/packages/gt_tap)
[1.550s] Level 1:colcon.colcon_core.shell:create_environment_hook('ctrl_tap', 'pythonpath_develop')
[1.550s] INFO:colcon.colcon_core.shell:Creating environment hook '/home/armaanm/eufs_dev/eufs_data/build/ctrl_tap/share/ctrl_tap/hook/pythonpath_develop.ps1'
[1.550s] INFO:colcon.colcon_core.shell:Creating environment descriptor '/home/armaanm/eufs_dev/eufs_data/build/ctrl_tap/share/ctrl_tap/hook/pythonpath_develop.dsv'
[1.551s] DEBUG:colcon.colcon_core.event_handler.log_command:Invoked command in '/home/armaanm/eufs_dev/eufs_data/build/ctrl_tap' returned '0': PYTHONPATH=/home/armaanm/eufs_dev/eufs_data/build/ctrl_tap/prefix_override:/usr/lib/python3/dist-packages/colcon_core/task/python/colcon_distutils_commands:/home/armaanm/eufs_dev/eufs_data/install/ctrl_tap/lib/python3.8/site-packages:${PYTHONPATH} /usr/bin/python3 -W ignore:setup.py install is deprecated -W ignore:easy_install command is deprecated setup.py develop --editable --build-directory /home/armaanm/eufs_dev/eufs_data/build/ctrl_tap/build --no-deps symlink_data
[1.551s] INFO:colcon.colcon_core.shell:Creating environment hook '/home/armaanm/eufs_dev/eufs_data/build/ctrl_tap/share/ctrl_tap/hook/pythonpath_develop.sh'
[1.551s] Level 1:colcon.colcon_core.environment:checking '/home/armaanm/eufs_dev/eufs_data/install/ctrl_tap' for CMake module files
[1.552s] Level 1:colcon.colcon_core.environment:checking '/home/armaanm/eufs_dev/eufs_data/install/ctrl_tap' for CMake config files
[1.552s] Level 1:colcon.colcon_core.environment:checking '/home/armaanm/eufs_dev/eufs_data/install/ctrl_tap/lib'
[1.552s] Level 1:colcon.colcon_core.environment:checking '/home/armaanm/eufs_dev/eufs_data/install/ctrl_tap/bin'
[1.552s] Level 1:colcon.colcon_core.environment:checking '/home/armaanm/eufs_dev/eufs_data/install/ctrl_tap/lib/pkgconfig/ctrl_tap.pc'
[1.552s] Level 1:colcon.colcon_core.environment:checking '/home/armaanm/eufs_dev/eufs_data/install/ctrl_tap/lib/python3.8/site-packages'
[1.552s] Level 1:colcon.colcon_core.shell:create_environment_hook('ctrl_tap', 'pythonpath')
[1.552s] INFO:colcon.colcon_core.shell:Creating environment hook '/home/armaanm/eufs_dev/eufs_data/install/ctrl_tap/share/ctrl_tap/hook/pythonpath.ps1'
[1.552s] INFO:colcon.colcon_core.shell:Creating environment descriptor '/home/armaanm/eufs_dev/eufs_data/install/ctrl_tap/share/ctrl_tap/hook/pythonpath.dsv'
[1.552s] INFO:colcon.colcon_core.shell:Creating environment hook '/home/armaanm/eufs_dev/eufs_data/install/ctrl_tap/share/ctrl_tap/hook/pythonpath.sh'
[1.553s] Level 1:colcon.colcon_core.environment:checking '/home/armaanm/eufs_dev/eufs_data/install/ctrl_tap/bin'
[1.553s] Level 1:colcon.colcon_core.environment:create_environment_scripts_only(ctrl_tap)
[1.553s] INFO:colcon.colcon_core.shell:Creating package script '/home/armaanm/eufs_dev/eufs_data/install/ctrl_tap/share/ctrl_tap/package.ps1'
[1.553s] INFO:colcon.colcon_core.shell:Creating package descriptor '/home/armaanm/eufs_dev/eufs_data/install/ctrl_tap/share/ctrl_tap/package.dsv'
[1.553s] INFO:colcon.colcon_core.shell:Creating package script '/home/armaanm/eufs_dev/eufs_data/install/ctrl_tap/share/ctrl_tap/package.sh'
[1.554s] INFO:colcon.colcon_core.shell:Creating package script '/home/armaanm/eufs_dev/eufs_data/install/ctrl_tap/share/ctrl_tap/package.bash'
[1.554s] INFO:colcon.colcon_core.shell:Creating package script '/home/armaanm/eufs_dev/eufs_data/install/ctrl_tap/share/ctrl_tap/package.zsh'
[1.554s] Level 1:colcon.colcon_core.environment:create_file_with_runtime_dependencies(/home/armaanm/eufs_dev/eufs_data/install/ctrl_tap/share/colcon-core/packages/ctrl_tap)
[1.554s] Level 1:colcon.colcon_core.shell:create_environment_hook('lidar_tap', 'pythonpath_develop')
[1.555s] INFO:colcon.colcon_core.shell:Creating environment hook '/home/armaanm/eufs_dev/eufs_data/build/lidar_tap/share/lidar_tap/hook/pythonpath_develop.ps1'
[1.555s] DEBUG:colcon.colcon_core.event_handler.log_command:Invoked command in '/home/armaanm/eufs_dev/eufs_data/build/lidar_tap' returned '0': PYTHONPATH=/home/armaanm/eufs_dev/eufs_data/build/lidar_tap/prefix_override:/usr/lib/python3/dist-packages/colcon_core/task/python/colcon_distutils_commands:/home/armaanm/eufs_dev/eufs_data/install/lidar_tap/lib/python3.8/site-packages:${PYTHONPATH} /usr/bin/python3 -W ignore:setup.py install is deprecated -W ignore:easy_install command is deprecated setup.py develop --editable --build-directory /home/armaanm/eufs_dev/eufs_data/build/lidar_tap/build --no-deps symlink_data
[1.555s] INFO:colcon.colcon_core.shell:Creating environment descriptor '/home/armaanm/eufs_dev/eufs_data/build/lidar_tap/share/lidar_tap/hook/pythonpath_develop.dsv'
[1.556s] INFO:colcon.colcon_core.shell:Creating environment hook '/home/armaanm/eufs_dev/eufs_data/build/lidar_tap/share/lidar_tap/hook/pythonpath_develop.sh'
[1.556s] Level 1:colcon.colcon_core.environment:checking '/home/armaanm/eufs_dev/eufs_data/install/lidar_tap' for CMake module files
[1.556s] Level 1:colcon.colcon_core.environment:checking '/home/armaanm/eufs_dev/eufs_data/install/lidar_tap' for CMake config files
[1.556s] Level 1:colcon.colcon_core.environment:checking '/home/armaanm/eufs_dev/eufs_data/install/lidar_tap/lib'
[1.556s] Level 1:colcon.colcon_core.environment:checking '/home/armaanm/eufs_dev/eufs_data/install/lidar_tap/bin'
[1.557s] Level 1:colcon.colcon_core.environment:checking '/home/armaanm/eufs_dev/eufs_data/install/lidar_tap/lib/pkgconfig/lidar_tap.pc'
[1.557s] Level 1:colcon.colcon_core.environment:checking '/home/armaanm/eufs_dev/eufs_data/install/lidar_tap/lib/python3.8/site-packages'
[1.557s] Level 1:colcon.colcon_core.shell:create_environment_hook('lidar_tap', 'pythonpath')
[1.557s] INFO:colcon.colcon_core.shell:Creating environment hook '/home/armaanm/eufs_dev/eufs_data/install/lidar_tap/share/lidar_tap/hook/pythonpath.ps1'
[1.557s] INFO:colcon.colcon_core.shell:Creating environment descriptor '/home/armaanm/eufs_dev/eufs_data/install/lidar_tap/share/lidar_tap/hook/pythonpath.dsv'
[1.557s] INFO:colcon.colcon_core.shell:Creating environment hook '/home/armaanm/eufs_dev/eufs_data/install/lidar_tap/share/lidar_tap/hook/pythonpath.sh'
[1.557s] Level 1:colcon.colcon_core.environment:checking '/home/armaanm/eufs_dev/eufs_data/install/lidar_tap/bin'
[1.557s] Level 1:colcon.colcon_core.environment:create_environment_scripts_only(lidar_tap)
[1.558s] INFO:colcon.colcon_core.shell:Creating package script '/home/armaanm/eufs_dev/eufs_data/install/lidar_tap/share/lidar_tap/package.ps1'
[1.558s] INFO:colcon.colcon_core.shell:Creating package descriptor '/home/armaanm/eufs_dev/eufs_data/install/lidar_tap/share/lidar_tap/package.dsv'
[1.558s] INFO:colcon.colcon_core.shell:Creating package script '/home/armaanm/eufs_dev/eufs_data/install/lidar_tap/share/lidar_tap/package.sh'
[1.558s] INFO:colcon.colcon_core.shell:Creating package script '/home/armaanm/eufs_dev/eufs_data/install/lidar_tap/share/lidar_tap/package.bash'
[1.559s] INFO:colcon.colcon_core.shell:Creating package script '/home/armaanm/eufs_dev/eufs_data/install/lidar_tap/share/lidar_tap/package.zsh'
[1.559s] Level 1:colcon.colcon_core.environment:create_file_with_runtime_dependencies(/home/armaanm/eufs_dev/eufs_data/install/lidar_tap/share/colcon-core/packages/lidar_tap)
[1.559s] Level 1:colcon.colcon_core.shell:create_environment_hook('cam_tap', 'pythonpath_develop')
[1.559s] INFO:colcon.colcon_core.shell:Creating environment hook '/home/armaanm/eufs_dev/eufs_data/build/cam_tap/share/cam_tap/hook/pythonpath_develop.ps1'
[1.560s] INFO:colcon.colcon_core.shell:Creating environment descriptor '/home/armaanm/eufs_dev/eufs_data/build/cam_tap/share/cam_tap/hook/pythonpath_develop.dsv'
[1.560s] DEBUG:colcon.colcon_core.event_handler.log_command:Invoked command in '/home/armaanm/eufs_dev/eufs_data/build/cam_tap' returned '0': PYTHONPATH=/home/armaanm/eufs_dev/eufs_data/build/cam_tap/prefix_override:/usr/lib/python3/dist-packages/colcon_core/task/python/colcon_distutils_commands:/home/armaanm/eufs_dev/eufs_data/install/cam_tap/lib/python3.8/site-packages:${PYTHONPATH} /usr/bin/python3 -W ignore:setup.py install is deprecated -W ignore:easy_install command is deprecated setup.py develop --editable --build-directory /home/armaanm/eufs_dev/eufs_data/build/cam_tap/build --no-deps symlink_data
[1.560s] INFO:colcon.colcon_core.shell:Creating environment hook '/home/armaanm/eufs_dev/eufs_data/build/cam_tap/share/cam_tap/hook/pythonpath_develop.sh'
[1.560s] Level 1:colcon.colcon_core.environment:checking '/home/armaanm/eufs_dev/eufs_data/install/cam_tap' for CMake module files
[1.561s] Level 1:colcon.colcon_core.environment:checking '/home/armaanm/eufs_dev/eufs_data/install/cam_tap' for CMake config files
[1.561s] Level 1:colcon.colcon_core.environment:checking '/home/armaanm/eufs_dev/eufs_data/install/cam_tap/lib'
[1.561s] Level 1:colcon.colcon_core.environment:checking '/home/armaanm/eufs_dev/eufs_data/install/cam_tap/bin'
[1.561s] Level 1:colcon.colcon_core.environment:checking '/home/armaanm/eufs_dev/eufs_data/install/cam_tap/lib/pkgconfig/cam_tap.pc'
[1.561s] Level 1:colcon.colcon_core.environment:checking '/home/armaanm/eufs_dev/eufs_data/install/cam_tap/lib/python3.8/site-packages'
[1.561s] Level 1:colcon.colcon_core.shell:create_environment_hook('cam_tap', 'pythonpath')
[1.561s] INFO:colcon.colcon_core.shell:Creating environment hook '/home/armaanm/eufs_dev/eufs_data/install/cam_tap/share/cam_tap/hook/pythonpath.ps1'
[1.561s] INFO:colcon.colcon_core.shell:Creating environment descriptor '/home/armaanm/eufs_dev/eufs_data/install/cam_tap/share/cam_tap/hook/pythonpath.dsv'
[1.562s] INFO:colcon.colcon_core.shell:Creating environment hook '/home/armaanm/eufs_dev/eufs_data/install/cam_tap/share/cam_tap/hook/pythonpath.sh'
[1.562s] Level 1:colcon.colcon_core.environment:checking '/home/armaanm/eufs_dev/eufs_data/install/cam_tap/bin'
[1.562s] Level 1:colcon.colcon_core.environment:create_environment_scripts_only(cam_tap)
[1.562s] INFO:colcon.colcon_core.shell:Creating package script '/home/armaanm/eufs_dev/eufs_data/install/cam_tap/share/cam_tap/package.ps1'
[1.562s] INFO:colcon.colcon_core.shell:Creating package descriptor '/home/armaanm/eufs_dev/eufs_data/install/cam_tap/share/cam_tap/package.dsv'
[1.563s] INFO:colcon.colcon_core.shell:Creating package script '/home/armaanm/eufs_dev/eufs_data/install/cam_tap/share/cam_tap/package.sh'
[1.563s] INFO:colcon.colcon_core.shell:Creating package script '/home/armaanm/eufs_dev/eufs_data/install/cam_tap/share/cam_tap/package.bash'
[1.563s] INFO:colcon.colcon_core.shell:Creating package script '/home/armaanm/eufs_dev/eufs_data/install/cam_tap/share/cam_tap/package.zsh'
[1.563s] Level 1:colcon.colcon_core.environment:create_file_with_runtime_dependencies(/home/armaanm/eufs_dev/eufs_data/install/cam_tap/share/colcon-core/packages/cam_tap)
[1.563s] DEBUG:colcon.colcon_parallel_executor.executor.parallel:closing loop
[1.564s] DEBUG:colcon.colcon_parallel_executor.executor.parallel:loop closed
[1.564s] DEBUG:colcon.colcon_parallel_executor.executor.parallel:run_until_complete finished with '0'
[1.564s] DEBUG:colcon.colcon_core.event_reactor:joining thread
[1.609s] INFO:colcon.colcon_core.plugin_system:Skipping extension 'colcon_notification.desktop_notification.notify_send': Could not find 'notify-send'
[1.610s] INFO:colcon.colcon_core.plugin_system:Skipping extension 'colcon_notification.desktop_notification.terminal_notifier': Not used on non-Darwin systems
[1.610s] INFO:colcon.colcon_core.plugin_system:Skipping extension 'colcon_notification.desktop_notification.win32': Not used on non-Windows systems
[1.610s] INFO:colcon.colcon_notification.desktop_notification:Sending desktop notification using 'notify2'
[1.610s] DEBUG:colcon.colcon_notification.desktop_notification.notify2:Failed to initialize notify2: org.freedesktop.DBus.Error.ServiceUnknown: The name org.freedesktop.Notifications was not provided by any .service files
[1.611s] DEBUG:colcon.colcon_core.event_reactor:joined thread
[1.611s] INFO:colcon.colcon_core.shell:Creating prefix script '/home/armaanm/eufs_dev/eufs_data/install/local_setup.ps1'
[1.613s] INFO:colcon.colcon_core.shell:Creating prefix util module '/home/armaanm/eufs_dev/eufs_data/install/_local_setup_util_ps1.py'
[1.614s] INFO:colcon.colcon_core.shell:Creating prefix chain script '/home/armaanm/eufs_dev/eufs_data/install/setup.ps1'
[1.615s] INFO:colcon.colcon_core.shell:Creating prefix script '/home/armaanm/eufs_dev/eufs_data/install/local_setup.sh'
[1.615s] INFO:colcon.colcon_core.shell:Creating prefix util module '/home/armaanm/eufs_dev/eufs_data/install/_local_setup_util_sh.py'
[1.616s] INFO:colcon.colcon_core.shell:Creating prefix chain script '/home/armaanm/eufs_dev/eufs_data/install/setup.sh'
[1.616s] INFO:colcon.colcon_core.shell:Creating prefix script '/home/armaanm/eufs_dev/eufs_data/install/local_setup.bash'
[1.617s] INFO:colcon.colcon_core.shell:Creating prefix chain script '/home/armaanm/eufs_dev/eufs_data/install/setup.bash'
[1.618s] INFO:colcon.colcon_core.shell:Creating prefix script '/home/armaanm/eufs_dev/eufs_data/install/local_setup.zsh'
[1.618s] INFO:colcon.colcon_core.shell:Creating prefix chain script '/home/armaanm/eufs_dev/eufs_data/install/setup.zsh'
