running egg_info
writing ../../build/gt_tap/gt_tap.egg-info/PKG-INFO
writing dependency_links to ../../build/gt_tap/gt_tap.egg-info/dependency_links.txt
writing entry points to ../../build/gt_tap/gt_tap.egg-info/entry_points.txt
writing requirements to ../../build/gt_tap/gt_tap.egg-info/requires.txt
writing top-level names to ../../build/gt_tap/gt_tap.egg-info/top_level.txt
reading manifest file '../../build/gt_tap/gt_tap.egg-info/SOURCES.txt'
writing manifest file '../../build/gt_tap/gt_tap.egg-info/SOURCES.txt'
running build
running build_py
running install
running install_lib
running install_data
running install_egg_info
removing '/home/armaanm/eufs_dev/eufs_data/install/gt_tap/lib/python3.8/site-packages/gt_tap-0.0.0-py3.8.egg-info' (and everything under it)
Copying ../../build/gt_tap/gt_tap.egg-info to /home/armaanm/eufs_dev/eufs_data/install/gt_tap/lib/python3.8/site-packages/gt_tap-0.0.0-py3.8.egg-info
running install_scripts
Installing gt_cones script to /home/armaanm/eufs_dev/eufs_data/install/gt_tap/lib/gt_tap
Installing gt_pose script to /home/armaanm/eufs_dev/eufs_data/install/gt_tap/lib/gt_tap
Installing gt_wheels script to /home/armaanm/eufs_dev/eufs_data/install/gt_tap/lib/gt_tap
writing list of installed files to '/home/armaanm/eufs_dev/eufs_data/build/gt_tap/install.log'
