[1.501s] Invoking command in '/home/armaanm/eufs_dev/eufs_data/src/gt_tap': PYTHONPATH=/home/armaanm/eufs_dev/eufs_data/build/gt_tap/prefix_override:/usr/lib/python3/dist-packages/colcon_core/task/python/colcon_distutils_commands:/home/armaanm/eufs_dev/eufs_data/install/gt_tap/lib/python3.8/site-packages:${PYTHONPATH} /usr/bin/python3 -W ignore:setup.py install is deprecated -W ignore:easy_install command is deprecated setup.py egg_info --egg-base ../../build/gt_tap build --build-base /home/armaanm/eufs_dev/eufs_data/build/gt_tap/build install --record /home/armaanm/eufs_dev/eufs_data/build/gt_tap/install.log --single-version-externally-managed install_data
[1.746s] running egg_info
[1.746s] writing ../../build/gt_tap/gt_tap.egg-info/PKG-INFO
[1.747s] writing dependency_links to ../../build/gt_tap/gt_tap.egg-info/dependency_links.txt
[1.748s] writing entry points to ../../build/gt_tap/gt_tap.egg-info/entry_points.txt
[1.748s] writing requirements to ../../build/gt_tap/gt_tap.egg-info/requires.txt
[1.748s] writing top-level names to ../../build/gt_tap/gt_tap.egg-info/top_level.txt
[1.786s] reading manifest file '../../build/gt_tap/gt_tap.egg-info/SOURCES.txt'
[1.788s] writing manifest file '../../build/gt_tap/gt_tap.egg-info/SOURCES.txt'
[1.790s] running build
[1.790s] running build_py
[1.790s] running install
[1.791s] running install_lib
[1.792s] running install_data
[1.792s] running install_egg_info
[1.795s] removing '/home/armaanm/eufs_dev/eufs_data/install/gt_tap/lib/python3.8/site-packages/gt_tap-0.0.0-py3.8.egg-info' (and everything under it)
[1.796s] Copying ../../build/gt_tap/gt_tap.egg-info to /home/armaanm/eufs_dev/eufs_data/install/gt_tap/lib/python3.8/site-packages/gt_tap-0.0.0-py3.8.egg-info
[1.798s] running install_scripts
[1.827s] Installing gt_cones script to /home/armaanm/eufs_dev/eufs_data/install/gt_tap/lib/gt_tap
[1.827s] Installing gt_pose script to /home/armaanm/eufs_dev/eufs_data/install/gt_tap/lib/gt_tap
[1.827s] Installing gt_wheels script to /home/armaanm/eufs_dev/eufs_data/install/gt_tap/lib/gt_tap
[1.828s] writing list of installed files to '/home/armaanm/eufs_dev/eufs_data/build/gt_tap/install.log'
[1.884s] Invoked command in '/home/armaanm/eufs_dev/eufs_data/src/gt_tap' returned '0': PYTHONPATH=/home/armaanm/eufs_dev/eufs_data/build/gt_tap/prefix_override:/usr/lib/python3/dist-packages/colcon_core/task/python/colcon_distutils_commands:/home/armaanm/eufs_dev/eufs_data/install/gt_tap/lib/python3.8/site-packages:${PYTHONPATH} /usr/bin/python3 -W ignore:setup.py install is deprecated -W ignore:easy_install command is deprecated setup.py egg_info --egg-base ../../build/gt_tap build --build-base /home/armaanm/eufs_dev/eufs_data/build/gt_tap/build install --record /home/armaanm/eufs_dev/eufs_data/build/gt_tap/install.log --single-version-externally-managed install_data
