/home/armaanm/eufs_dev/eufs_data/install/lidar_tap/lib/python3.8/site-packages/lidar_tap/pointcloud_velodyne.py
/home/armaanm/eufs_dev/eufs_data/install/lidar_tap/lib/python3.8/site-packages/lidar_tap/lidarview.py
/home/armaanm/eufs_dev/eufs_data/install/lidar_tap/lib/python3.8/site-packages/lidar_tap/lidardata.py
/home/armaanm/eufs_dev/eufs_data/install/lidar_tap/lib/python3.8/site-packages/lidar_tap/__init__.py
/home/armaanm/eufs_dev/eufs_data/install/lidar_tap/lib/python3.8/site-packages/lidar_tap/__pycache__/pointcloud_velodyne.cpython-38.pyc
/home/armaanm/eufs_dev/eufs_data/install/lidar_tap/lib/python3.8/site-packages/lidar_tap/__pycache__/lidarview.cpython-38.pyc
/home/armaanm/eufs_dev/eufs_data/install/lidar_tap/lib/python3.8/site-packages/lidar_tap/__pycache__/lidardata.cpython-38.pyc
/home/armaanm/eufs_dev/eufs_data/install/lidar_tap/lib/python3.8/site-packages/lidar_tap/__pycache__/__init__.cpython-38.pyc
/home/armaanm/eufs_dev/eufs_data/install/lidar_tap/share/ament_index/resource_index/packages/lidar_tap
/home/armaanm/eufs_dev/eufs_data/install/lidar_tap/share/lidar_tap/package.xml
/home/armaanm/eufs_dev/eufs_data/install/lidar_tap/lib/python3.8/site-packages/lidar_tap-0.0.0-py3.8.egg-info/SOURCES.txt
/home/armaanm/eufs_dev/eufs_data/install/lidar_tap/lib/python3.8/site-packages/lidar_tap-0.0.0-py3.8.egg-info/top_level.txt
/home/armaanm/eufs_dev/eufs_data/install/lidar_tap/lib/python3.8/site-packages/lidar_tap-0.0.0-py3.8.egg-info/PKG-INFO
/home/armaanm/eufs_dev/eufs_data/install/lidar_tap/lib/python3.8/site-packages/lidar_tap-0.0.0-py3.8.egg-info/dependency_links.txt
/home/armaanm/eufs_dev/eufs_data/install/lidar_tap/lib/python3.8/site-packages/lidar_tap-0.0.0-py3.8.egg-info/zip-safe
/home/armaanm/eufs_dev/eufs_data/install/lidar_tap/lib/python3.8/site-packages/lidar_tap-0.0.0-py3.8.egg-info/requires.txt
/home/armaanm/eufs_dev/eufs_data/install/lidar_tap/lib/python3.8/site-packages/lidar_tap-0.0.0-py3.8.egg-info/entry_points.txt
/home/armaanm/eufs_dev/eufs_data/install/lidar_tap/lib/lidar_tap/lidardata
/home/armaanm/eufs_dev/eufs_data/install/lidar_tap/lib/lidar_tap/pcviewer
/home/armaanm/eufs_dev/eufs_data/install/lidar_tap/lib/lidar_tap/velodyne_tap
