/home/armaanm/eufs_dev/eufs_data/install/gt_tap/lib/python3.8/site-packages/gt_tap/gt_wheels_node.py
/home/armaanm/eufs_dev/eufs_data/install/gt_tap/lib/python3.8/site-packages/gt_tap/gt_utils.py
/home/armaanm/eufs_dev/eufs_data/install/gt_tap/lib/python3.8/site-packages/gt_tap/gt_cones_node.py
/home/armaanm/eufs_dev/eufs_data/install/gt_tap/lib/python3.8/site-packages/gt_tap/__init__.py
/home/armaanm/eufs_dev/eufs_data/install/gt_tap/lib/python3.8/site-packages/gt_tap/gt_pose_node.py
/home/armaanm/eufs_dev/eufs_data/install/gt_tap/lib/python3.8/site-packages/gt_tap/__pycache__/gt_wheels_node.cpython-38.pyc
/home/armaanm/eufs_dev/eufs_data/install/gt_tap/lib/python3.8/site-packages/gt_tap/__pycache__/gt_utils.cpython-38.pyc
/home/armaanm/eufs_dev/eufs_data/install/gt_tap/lib/python3.8/site-packages/gt_tap/__pycache__/gt_cones_node.cpython-38.pyc
/home/armaanm/eufs_dev/eufs_data/install/gt_tap/lib/python3.8/site-packages/gt_tap/__pycache__/__init__.cpython-38.pyc
/home/armaanm/eufs_dev/eufs_data/install/gt_tap/lib/python3.8/site-packages/gt_tap/__pycache__/gt_pose_node.cpython-38.pyc
/home/armaanm/eufs_dev/eufs_data/install/gt_tap/share/ament_index/resource_index/packages/gt_tap
/home/armaanm/eufs_dev/eufs_data/install/gt_tap/share/gt_tap/package.xml
/home/armaanm/eufs_dev/eufs_data/install/gt_tap/lib/python3.8/site-packages/gt_tap-0.0.0-py3.8.egg-info/SOURCES.txt
/home/armaanm/eufs_dev/eufs_data/install/gt_tap/lib/python3.8/site-packages/gt_tap-0.0.0-py3.8.egg-info/top_level.txt
/home/armaanm/eufs_dev/eufs_data/install/gt_tap/lib/python3.8/site-packages/gt_tap-0.0.0-py3.8.egg-info/PKG-INFO
/home/armaanm/eufs_dev/eufs_data/install/gt_tap/lib/python3.8/site-packages/gt_tap-0.0.0-py3.8.egg-info/dependency_links.txt
/home/armaanm/eufs_dev/eufs_data/install/gt_tap/lib/python3.8/site-packages/gt_tap-0.0.0-py3.8.egg-info/zip-safe
/home/armaanm/eufs_dev/eufs_data/install/gt_tap/lib/python3.8/site-packages/gt_tap-0.0.0-py3.8.egg-info/requires.txt
/home/armaanm/eufs_dev/eufs_data/install/gt_tap/lib/python3.8/site-packages/gt_tap-0.0.0-py3.8.egg-info/entry_points.txt
/home/armaanm/eufs_dev/eufs_data/install/gt_tap/lib/gt_tap/gt_cones
/home/armaanm/eufs_dev/eufs_data/install/gt_tap/lib/gt_tap/gt_pose
/home/armaanm/eufs_dev/eufs_data/install/gt_tap/lib/gt_tap/gt_wheels
